10924 --- SIGCHLD (Child exited) @ 0 (0) ---
10923 --- SIGCHLD (Child exited) @ 0 (0) ---
10923 --- SIGCHLD (Child exited) @ 0 (0) ---
10923 --- SIGCHLD (Child exited) @ 0 (0) ---
10930 sendto(3, "\2\0\0\0\v\0\0\0\7\0\0\0passwd\0", 19, MSG_NOSIGNAL, NULL, 0) = 19
10930 sendto(3, "\2\0\0\0\f\0\0\0\6\0\0\0group\0", 18, MSG_NOSIGNAL, NULL, 0) = 18
10929 --- SIGCHLD (Child exited) @ 0 (0) ---
10923 --- SIGCHLD (Child exited) @ 0 (0) ---
10933 sendto(3, "\2\0\0\0\v\0\0\0\7\0\0\0passwd\0", 19, MSG_NOSIGNAL, NULL, 0) = 19
10933 sendto(92, "\2\0\0\0\r\0\0\0\6\0\0\0hosts\0", 18, MSG_NOSIGNAL, NULL, 0) = 18
10954 --- SIGSEGV (Segmentation fault) @ 0 (0) ---
10959 recvfrom(93, "&\21\0\0\0\0\0\0\10\0\0\0.\21\0\0\0\0\0\0", 20, 0, NULL, NULL) = 20
10959 recvfrom(93, "REGISTER", 8, 0, NULL, NULL) = 8
10959 recvfrom(93, "&\21\0\0\0\0\0\0\6\0\0\0 \21\0\0\0\0\0\0", 20, 0, NULL, NULL) = 20
10959 recvfrom(93, "swork0", 6, 0, NULL, NULL) = 6
10959 recvfrom(93, "&\21\0\0\0\0\0\0\25\0\0\0003\21\0\0\0\0\0\0", 20, 0, NULL, NULL) = 20
10959 recvfrom(93, "login.ci.uchicago.edu", 21, 0, NULL, NULL) = 21
10959 recvfrom(93, "&\21\0\0\2\0\0\0\20\0\0\0004\21\0\0\0\0\0\0", 20, 0, NULL, NULL) = 20
10959 recvfrom(93, "maxwalltime = -1", 16, 0, NULL, NULL) = 16
10962 sendto(93, "&\21\0\0\3\0\0\0\6\0\0\0#\21\0\0!\1\366\3", 20, 0, NULL, 0) = 20
10962 sendto(93, "000000", 6, 0, NULL, 0) = 6
10959 recvfrom(92, "\1\0\0\0\0\0\0\0\r\0\0\0\f\0\0\0\260\3\245\31", 20, 0, NULL, NULL) = 20
10959 recvfrom(92, "CHANNELCONFIG", 13, 0, NULL, NULL) = 13
10959 recvfrom(92, "\1\0\0\0\0\0\0\0\32\0\0\0\33\0\0\0\310\10\204s", 20, 0, NULL, NULL) = 20
10959 recvfrom(92, " keepalive(120), reconnect", 26, 0, NULL, NULL) = 26
10959 recvfrom(92, "\1\0\0\0\0\0\0\0\0\0\0\0\1\0\0\0\1\0\0\0", 20, 0, NULL, NULL) = 20
10959 recvfrom(92, "\1\0\0\0\0\0\0\0\34\0\0\0\35\0\0\0\352\6\361g", 20, 0, NULL, NULL) = 20
10959 recvfrom(92, "u-2a2b0470-13776cff8a6--8000", 28, 0, NULL, NULL) = 28
10959 recvfrom(92, "\1\0\0\0\2\0\0\0\0\0\0\0\3\0\0\0\1\0\0\0", 20, 0, NULL, NULL) = 20
11058 sendto(92, "\1\0\0\0\3\0\0\0\34\0\0\0\36\0\0\0\316\6Jd", 20, 0, NULL, 0) = 20
11058 sendto(92, "u-453817c3-13776cff9d6--8000", 28, 0, NULL, 0) = 28
10959 recvfrom(92, "\2\0\0\0\0\0\0\0\r\0\0\0\17\0\0\0\310\3\202\32", 20, 0, NULL, NULL) = 20
10959 recvfrom(92, "CONFIGSERVICE", 13, 0, NULL, NULL) = 13
10959 recvfrom(92, "\2\0\0\0\0\0\0\0\r\0\0\0\17\0\0\0\313\4\327#", 20, 0, NULL, NULL) = 20
10959 recvfrom(92, "jobsPerNode=2", 13, 0, NULL, NULL) = 13
10959 recvfrom(92, "\2\0\0\0\2\0\0\0\25\0\0\0\25\0\0\0\216\10~^", 20, 0, NULL, NULL) = 20
10959 recvfrom(92, "workerManager=passive", 21, 0, NULL, NULL) = 21
11058 sendto(92, "\2\0\0\0\3\0\0\0\2\0\0\0\3\0\0\0\233\0\353\0", 20, 0, NULL, 0) = 20
11058 sendto(92, "OK", 2, 0, NULL, 0)   = 2
10959 recvfrom(92, "\3\0\0\0\0\0\0\0\t\0\0\0\n\0\0\0\260\2\263\r", 20, 0, NULL, NULL) = 20
10959 recvfrom(92, "SUBMITJOB", 9, 0, NULL, NULL) = 9
10959 recvfrom(92, "\3\0\0\0\2\0\0\0s\1\0\0r\1\0\0\306\271im", 20, 0, NULL, NULL) = 20
10959 recvfrom(92, "x\234\245SAr\343 \20\274\363\212\354=\200$\307\261\223*\356yD\252R\10\220\204\203\30\25\214"..., 371, 0, NULL, NULL) = 371
11058 sendto(92, "\1\0\0\0\0\0\0\0\4\0\0\0\5\0\0\0005\1\25\3", 20, 0, NULL, 0) = 20
11058 sendto(92, "RLOG", 4, 0, NULL, 0) = 4
11058 sendto(92, "\1\0\0\0\0\0\0\0\6\0\0\0\7\0\0\0\325\1q\6", 20, 0, NULL, 0) = 20
11058 sendto(92, "STDERR", 6, 0, NULL, 0) = 6
11058 sendto(92, "\1\0\0\0\2\0\0\0Q\0\0\0R\0\0\0\325\31s\253", 20, 0, NULL, 0) = 20
11058 sendto(92, "Passive queue processor initiali"..., 81, 0, NULL, 0) = 81
11058 sendto(92, "\3\0\0\0\3\0\0\0-\0\0\0-\0\0\0\341\t\\\362", 20, 0, NULL, 0) = 20
11058 sendto(92, "urn:1337728167250-1337728170666-"..., 45, 0, NULL, 0) = 45
10962 sendto(93, "\1\0\0\0\0\0\0\0\t\0\0\0\10\0\0\0\260\2\263\r", 20, 0, NULL, 0) = 20
10962 sendto(93, "SUBMITJOB", 9, 0, NULL, 0) = 9
10962 sendto(93, "\1\0\0\0\2\0\0\0\360\3\0\0\363\3\0\0\237Ev\317", 20, 0, NULL, 0) = 20
10962 sendto(93, "identity=1337728170667\nexecutabl"..., 1008, 0, NULL, 0) = 1008
10959 recvfrom(92, "\1\0\0\0\3\0\0\0\2\0\0\0\0\0\0\0\233\0\353\0", 20, 0, NULL, NULL) = 20
10959 recvfrom(92, "OK", 2, 0, NULL, NULL) = 2
10959 recvfrom(93, "\1\0\0\0\3\0\0\0\2\0\0\0\0\0\0\0\0\0\0\0", 20, 0, NULL, NULL) = 20
10959 recvfrom(93, "OK", 2, 0, NULL, NULL) = 2
10959 recvfrom(93, "'\21\0\0\0\0\0\0\t\0\0\0.\21\0\0\0\0\0\0", 20, 0, NULL, NULL) = 20
10959 recvfrom(93, "JOBSTATUS", 9, 0, NULL, NULL) = 9
10959 recvfrom(93, "'\21\0\0\0\0\0\0\r\0\0\0*\21\0\0\0\0\0\0", 20, 0, NULL, NULL) = 20
10959 recvfrom(93, "1337728170667", 13, 0, NULL, NULL) = 13
10959 recvfrom(93, "'\21\0\0\0\0\0\0\2\0\0\0%\21\0\0\0\0\0\0", 20, 0, NULL, NULL) = 20
10959 recvfrom(93, "16", 2, 0, NULL, NULL) = 2
10959 recvfrom(93, "'\21\0\0\0\0\0\0\1\0\0\0&\21\0\0\0\0\0\0", 20, 0, NULL, NULL) = 20
10959 recvfrom(93, "0", 1, 0, NULL, NULL) = 1
10959 recvfrom(93, "'\21\0\0\2\0\0\0\17\0\0\0*\21\0\0\0\0\0\0", 20, 0, NULL, NULL) = 20
10959 recvfrom(93, "workerid=000000", 15, 0, NULL, NULL) = 15
11058 sendto(92, "\2\0\0\0\0\0\0\0\t\0\0\0\v\0\0\0\300\2|\r", 20, 0, NULL, 0) = 20
11058 sendto(92, "JOBSTATUS", 9, 0, NULL, 0) = 9
11058 sendto(92, "\2\0\0\0\0\0\0\0-\0\0\0/\0\0\0\341\t\\\362", 20, 0, NULL, 0) = 20
11058 sendto(92, "urn:1337728167250-1337728170666-"..., 45, 0, NULL, 0) = 45
10959 recvfrom(93, "(\21\0\0\0\0\0\0\3\0\0\0+\21\0\0\0\0\0\0", 20, 0, NULL, NULL) = 20
11058 sendto(92, "\2\0\0\0\0\0\0\0\2\0\0\0\0\0\0\0h\0\232\0", 20, 0, NULL, 0) = 20
11058 sendto(92, "16", 2, 0, NULL, 0 <unfinished ...>
10959 recvfrom(93,  <unfinished ...>
11058 <... sendto resumed> )            = 2
10959 <... recvfrom resumed> "GET", 3, 0, NULL, NULL) = 3
11058 sendto(92, "\2\0\0\0\0\0\0\0\1\0\0\0\3\0\0\0001\0001\0", 20, 0, NULL, 0) = 20
11058 sendto(92, "0", 1, 0, NULL, 0)    = 1
11058 sendto(92, "\2\0\0\0\0\0\0\0\17\0\0\0\r\0\0\0\305\4\37-", 20, 0, NULL, 0) = 20
11058 sendto(92, "workerid=000000", 15, 0, NULL, 0) = 15
11058 sendto(92, "\2\0\0\0\2\0\0\0\10\0\0\0\10\0\0\0\277\2\34\21", 20, 0, NULL, 0) = 20
11058 sendto(92, "F\373\317v7\1\0\0", 8, 0, NULL, 0) = 8
10959 recvfrom(93, "(\21\0\0\0\0\0\0\236\0\0\0\266\21\0\0\0\0\0\0", 20, 0, NULL, NULL) = 20
10959 recvfrom(93, "proxy://u-2a2b0470-13776cff8a6--"..., 158, 0, NULL, NULL) = 158
10959 recvfrom(93, "(\21\0\0\2\0\0\0a\0\0\0K\21\0\0\0\0\0\0", 20, 0, NULL, NULL) = 20
10959 recvfrom(93, "/home/jchu542/swift_dir/swiftwor"..., 97, 0, NULL, NULL) = 97
11058 sendto(92, "\3\0\0\0\0\0\0\0\3\0\0\0\0\0\0\0\341\0\266\1", 20, 0, NULL, 0) = 20
11058 sendto(92, "GET", 3, 0, NULL, 0)  = 3
11058 sendto(92, "\3\0\0\0\0\0\0\0l\0\0\0o\0\0\0\r'>\37", 20, 0, NULL, 0) = 20
11058 sendto(92, "file://localhost//home/jchu542/s"..., 108, 0, NULL, 0 <unfinished ...>
10959 recvfrom(92,  <unfinished ...>
11058 <... sendto resumed> )            = 108
10959 <... recvfrom resumed> "\2\0\0\0\3\0\0\0\2\0\0\0\3\0\0\0\233\0\353\0", 20, 0, NULL, NULL) = 20
11058 sendto(92, "\3\0\0\0\2\0\0\0a\0\0\0`\0\0\0\277!\207V", 20, 0, NULL, 0 <unfinished ...>
10959 recvfrom(92,  <unfinished ...>
11058 <... sendto resumed> )            = 20
10959 <... recvfrom resumed> "OK", 2, 0, NULL, NULL) = 2
11058 sendto(92, "/home/jchu542/swift_dir/swiftwor"..., 97, 0, NULL, 0) = 97
10962 sendto(93, "'\21\0\0\3\0\0\0\2\0\0\0&\21\0\0\233\0\353\0", 20, 0, NULL, 0) = 20
10962 sendto(93, "OK", 2, 0, NULL, 0)   = 2
10959 recvfrom(92, "\3\0\0\0\1\0\0\0\10\0\0\0\n\0\0\0\316\0Y\6", 20, 0, NULL, NULL) = 20
10959 recvfrom(92, "\266\27\0\0\0\0\0\0", 8, 0, NULL, NULL) = 8
10962 sendto(93, "(\21\0\0\1\0\0\0\10\0\0\0!\21\0\0\316\0Y\6", 20, 0, NULL, 0) = 20
10962 sendto(93, "\266\27\0\0\0\0\0\0", 8, 0, NULL, 0) = 8
10959 recvfrom(92, "\3\0\0\0\3\0\0\0\266\27\0\0\266\27\0\0\27\223\355\302", 20, 0, NULL, NULL) = 20
10959 recvfrom(92, "# this script must be invoked in"..., 6070, 0, NULL, NULL) = 6070
10962 sendto(93, "(\21\0\0\3\0\0\0\266\27\0\0\235\6\0\0\27\223\355\302", 20, 0, NULL, 0) = 20
10962 sendto(93, "# this script must be invoked in"..., 6070, 0, NULL, 0) = 6070
10959 recvfrom(93, ")\21\0\0\0\0\0\0\t\0\0\0 \21\0\0\0\0\0\0", 20, 0, NULL, NULL) = 20
10959 recvfrom(93, "JOBSTATUS", 9, 0, NULL, NULL) = 9
10959 recvfrom(93, ")\21\0\0\0\0\0\0\r\0\0\0$\21\0\0\0\0\0\0", 20, 0, NULL, NULL) = 20
10959 recvfrom(93, "1337728170667", 13, 0, NULL, NULL) = 13
10959 recvfrom(93, ")\21\0\0\0\0\0\0\1\0\0\0(\21\0\0\0\0\0\0", 20, 0, NULL, NULL) = 20
10959 recvfrom(93, "2", 1, 0, NULL, NULL) = 1
10959 recvfrom(93, ")\21\0\0\0\0\0\0\1\0\0\0(\21\0\0\0\0\0\0", 20, 0, NULL, NULL) = 20
10959 recvfrom(93, "0", 1, 0, NULL, NULL) = 1
10959 recvfrom(93, ")\21\0\0\2\0\0\0\17\0\0\0$\21\0\0\0\0\0\0", 20, 0, NULL, NULL) = 20
10959 recvfrom(93, "workerid=000000", 15, 0, NULL, NULL) = 15
11058 sendto(92, "\4\0\0\0\0\0\0\0\t\0\0\0\r\0\0\0\300\2|\r", 20, 0, NULL, 0) = 20
11058 sendto(92, "JOBSTATUS", 9, 0, NULL, 0) = 9
11058 sendto(92, "\4\0\0\0\0\0\0\0-\0\0\0)\0\0\0\341\t\\\362", 20, 0, NULL, 0) = 20
11058 sendto(92, "urn:1337728167250-1337728170666-"..., 45, 0, NULL, 0 <unfinished ...>
10962 sendto(93, ")\21\0\0\3\0\0\0\2\0\0\0(\21\0\0\233\0\353\0", 20, 0, NULL, 0 <unfinished ...>
11058 <... sendto resumed> )            = 45
10962 <... sendto resumed> )            = 20
10962 sendto(93, "OK", 2, 0, NULL, 0)   = 2
11058 sendto(92, "\4\0\0\0\0\0\0\0\1\0\0\0\5\0\0\0003\0003\0", 20, 0, NULL, 0) = 20
11058 sendto(92, "2", 1, 0, NULL, 0)    = 1
11058 sendto(92, "\4\0\0\0\0\0\0\0\1\0\0\0\5\0\0\0001\0001\0", 20, 0, NULL, 0) = 20
11058 sendto(92, "0", 1, 0, NULL, 0)    = 1
11058 sendto(92, "\4\0\0\0\0\0\0\0\17\0\0\0\v\0\0\0\305\4\37-", 20, 0, NULL, 0) = 20
11058 sendto(92, "workerid=000000", 15, 0, NULL, 0) = 15
11058 sendto(92, "\4\0\0\0\2\0\0\0\10\0\0\0\16\0\0\0\346\2R\22", 20, 0, NULL, 0) = 20
11058 sendto(92, "k\375\317v7\1\0\0", 8, 0, NULL, 0) = 8
10959 recvfrom(92, "\4\0\0\0\3\0\0\0\2\0\0\0\5\0\0\0\233\0\353\0", 20, 0, NULL, NULL) = 20
10959 recvfrom(92, "OK", 2, 0, NULL, NULL) = 2
10959 recvfrom(93, "*\21\0\0\0\0\0\0\t\0\0\0#\21\0\0\0\0\0\0", 20, 0, NULL, NULL) = 20
10959 recvfrom(93, "JOBSTATUS", 9, 0, NULL, NULL) = 9
10959 recvfrom(93, "*\21\0\0\0\0\0\0\r\0\0\0'\21\0\0\0\0\0\0", 20, 0, NULL, NULL) = 20
10959 recvfrom(93, "1337728170667", 13, 0, NULL, NULL) = 13
10959 recvfrom(93, "*\21\0\0\0\0\0\0\1\0\0\0+\21\0\0\0\0\0\0", 20, 0, NULL, NULL) = 20
10959 recvfrom(93, "5", 1, 0, NULL, NULL) = 1
10959 recvfrom(93, "*\21\0\0\0\0\0\0\3\0\0\0)\21\0\0\0\0\0\0", 20, 0, NULL, NULL) = 20
10959 recvfrom(93, "126", 3, 0, NULL, NULL) = 3
10959 recvfrom(93, "*\21\0\0\2\0\0\0#\0\0\0\v\21\0\0\0\0\0\0", 20, 0, NULL, NULL) = 20
10959 recvfrom(93, "Job failed with an exit code of "..., 35, 0, NULL, NULL) = 35
11058 sendto(92, "\5\0\0\0\0\0\0\0\t\0\0\0\f\0\0\0\300\2|\r", 20, 0, NULL, 0) = 20
11058 sendto(92, "JOBSTATUS", 9, 0, NULL, 0) = 9
11058 sendto(92, "\5\0\0\0\0\0\0\0-\0\0\0(\0\0\0\341\t\\\362", 20, 0, NULL, 0) = 20
11058 sendto(92, "urn:1337728167250-1337728170666-"..., 45, 0, NULL, 0 <unfinished ...>
10962 sendto(93, "*\21\0\0\3\0\0\0\2\0\0\0+\21\0\0\233\0\353\0", 20, 0, NULL, 0 <unfinished ...>
11058 <... sendto resumed> )            = 45
10962 <... sendto resumed> )            = 20
10962 sendto(93, "OK", 2, 0, NULL, 0)   = 2
11058 sendto(92, "\5\0\0\0\0\0\0\0\1\0\0\0\4\0\0\0006\0006\0", 20, 0, NULL, 0) = 20
11058 sendto(92, "5", 1, 0, NULL, 0)    = 1
11058 sendto(92, "\5\0\0\0\0\0\0\0\3\0\0\0\6\0\0\0\232\0000\1", 20, 0, NULL, 0) = 20
11058 sendto(92, "126", 3, 0, NULL, 0)  = 3
11058 sendto(92, "\5\0\0\0\0\0\0\0\346\2\0\0\343\2\0\0\354\21_\375", 20, 0, NULL, 0) = 20
11058 sendto(92, "Job failed with an exit code of "..., 742, 0, NULL, 0) = 742
11058 sendto(92, "\5\0\0\0\2\0\0\0\10\0\0\0\17\0\0\0^\3\22\26", 20, 0, NULL, 0) = 20
11058 sendto(92, "\343\375\317v7\1\0\0", 8, 0, NULL, 0) = 8
10959 recvfrom(92, "\5\0\0\0\3\0\0\0\2\0\0\0\4\0\0\0\233\0\353\0", 20, 0, NULL, NULL) = 20
10959 recvfrom(92, "OK", 2, 0, NULL, NULL) = 2
10959 recvfrom(92, "\4\0\0\0\0\0\0\0\t\0\0\0\r\0\0\0\260\2\263\r", 20, 0, NULL, NULL) = 20
10959 recvfrom(92, "SUBMITJOB", 9, 0, NULL, NULL) = 9
10959 recvfrom(92, "\4\0\0\0\2\0\0\0s\1\0\0u\1\0\0\32\276\353\256", 20, 0, NULL, NULL) = 20
10959 recvfrom(92, "x\234\245SMS\354 \20\274\363+\236w\201|\274u\325*\356\376\10\253,\2$a%L\n&"..., 371, 0, NULL, NULL) = 371
11058 sendto(92, "\4\0\0\0\3\0\0\0-\0\0\0*\0\0\0\341\t\333\362", 20, 0, NULL, 0) = 20
11058 sendto(92, "urn:1337728167253-1337728170669-"..., 45, 0, NULL, 0) = 45
10962 sendto(93, "\2\0\0\0\0\0\0\0\t\0\0\0\v\0\0\0\260\2\263\r", 20, 0, NULL, 0) = 20
10962 sendto(93, "SUBMITJOB", 9, 0, NULL, 0) = 9
10962 sendto(93, "\2\0\0\0\2\0\0\0\360\3\0\0\360\3\0\0=F\351\25", 20, 0, NULL, 0) = 20
10962 sendto(93, "identity=1337728170670\nexecutabl"..., 1008, 0, NULL, 0) = 1008
10959 recvfrom(93, "\2\0\0\0\3\0\0\0\2\0\0\0\3\0\0\0\0\0\0\0", 20, 0, NULL, NULL) = 20
10959 recvfrom(93, "OK", 2, 0, NULL, NULL) = 2
10959 recvfrom(93, "+\21\0\0\0\0\0\0\t\0\0\0\"\21\0\0\0\0\0\0", 20, 0, NULL, NULL) = 20
10959 recvfrom(93, "JOBSTATUS", 9, 0, NULL, NULL) = 9
10959 recvfrom(93, "+\21\0\0\0\0\0\0\r\0\0\0&\21\0\0\0\0\0\0", 20, 0, NULL, NULL) = 20
10959 recvfrom(93, "1337728170670", 13, 0, NULL, NULL) = 13
10959 recvfrom(93, "+\21\0\0\0\0\0\0\2\0\0\0)\21\0\0\0\0\0\0", 20, 0, NULL, NULL) = 20
10959 recvfrom(93, "16", 2, 0, NULL, NULL) = 2
10959 recvfrom(93, "+\21\0\0\0\0\0\0\1\0\0\0*\21\0\0\0\0\0\0", 20, 0, NULL, NULL) = 20
10959 recvfrom(93, "0", 1, 0, NULL, NULL) = 1
10959 recvfrom(93, "+\21\0\0\2\0\0\0\17\0\0\0&\21\0\0\0\0\0\0", 20, 0, NULL, NULL) = 20
10959 recvfrom(93, "workerid=000000", 15, 0, NULL, NULL) = 15
11058 sendto(92, "\6\0\0\0\0\0\0\0\t\0\0\0\17\0\0\0\300\2|\r", 20, 0, NULL, 0) = 20
11058 sendto(92, "JOBSTATUS", 9, 0, NULL, 0) = 9
11058 sendto(92, "\6\0\0\0\0\0\0\0-\0\0\0+\0\0\0\341\t\333\362", 20, 0, NULL, 0) = 20
11058 sendto(92, "urn:1337728167253-1337728170669-"..., 45, 0, NULL, 0) = 45
11058 sendto(92, "\6\0\0\0\0\0\0\0\2\0\0\0\4\0\0\0h\0\232\0", 20, 0, NULL, 0 <unfinished ...>
10962 sendto(93, "+\21\0\0\3\0\0\0\2\0\0\0*\21\0\0\233\0\353\0", 20, 0, NULL, 0 <unfinished ...>
11058 <... sendto resumed> )            = 20
10962 <... sendto resumed> )            = 20
11058 sendto(92, "16", 2, 0, NULL, 0 <unfinished ...>
10962 sendto(93, "OK", 2, 0, NULL, 0 <unfinished ...>
11058 <... sendto resumed> )            = 2
10962 <... sendto resumed> )            = 2
10959 recvfrom(93, ",\21\0\0\0\0\0\0\3\0\0\0/\21\0\0\0\0\0\0", 20, 0, NULL, NULL) = 20
11058 sendto(92, "\6\0\0\0\0\0\0\0\1\0\0\0\7\0\0\0001\0001\0", 20, 0, NULL, 0) = 20
11058 sendto(92, "0", 1, 0, NULL, 0 <unfinished ...>
10959 recvfrom(93,  <unfinished ...>
11058 <... sendto resumed> )            = 1
10959 <... recvfrom resumed> "GET", 3, 0, NULL, NULL) = 3
11058 sendto(92, "\6\0\0\0\0\0\0\0\17\0\0\0\t\0\0\0\305\4\37-", 20, 0, NULL, 0) = 20
11058 sendto(92, "workerid=000000", 15, 0, NULL, 0) = 15
11058 sendto(92, "\6\0\0\0\2\0\0\0\10\0\0\0\f\0\0\0\254\1|\t", 20, 0, NULL, 0 <unfinished ...>
10959 recvfrom(93,  <unfinished ...>
11058 <... sendto resumed> )            = 20
10959 <... recvfrom resumed> ",\21\0\0\0\0\0\0\236\0\0\0\262\21\0\0\0\0\0\0", 20, 0, NULL, NULL) = 20
11058 sendto(92, ",\1\320v7\1\0\0", 8, 0, NULL, 0) = 8
10959 recvfrom(93, "proxy://u-2a2b0470-13776cff8a6--"..., 158, 0, NULL, NULL) = 158
10959 recvfrom(93, ",\21\0\0\2\0\0\0a\0\0\0O\21\0\0\0\0\0\0", 20, 0, NULL, NULL) = 20
10959 recvfrom(93, "/home/jchu542/swift_dir/swiftwor"..., 97, 0, NULL, NULL) = 97
11058 sendto(92, "\7\0\0\0\0\0\0\0\3\0\0\0\4\0\0\0\341\0\266\1", 20, 0, NULL, 0) = 20
11058 sendto(92, "GET", 3, 0, NULL, 0)  = 3
11058 sendto(92, "\7\0\0\0\0\0\0\0l\0\0\0k\0\0\0\r'>\37", 20, 0, NULL, 0) = 20
11058 sendto(92, "file://localhost//home/jchu542/s"..., 108, 0, NULL, 0) = 108
11058 sendto(92, "\7\0\0\0\2\0\0\0a\0\0\0d\0\0\0\21\"L`", 20, 0, NULL, 0) = 20
11058 sendto(92, "/home/jchu542/swift_dir/swiftwor"..., 97, 0, NULL, 0) = 97
10959 recvfrom(92, "\6\0\0\0\3\0\0\0\2\0\0\0\7\0\0\0\233\0\353\0", 20, 0, NULL, NULL) = 20
10959 recvfrom(92, "OK", 2, 0, NULL, NULL) = 2
10959 recvfrom(92, "\7\0\0\0\1\0\0\0\10\0\0\0\16\0\0\0\316\0Y\6", 20, 0, NULL, NULL) = 20
10959 recvfrom(92, "\266\27\0\0\0\0\0\0", 8, 0, NULL, NULL) = 8
10962 sendto(93, ",\21\0\0\1\0\0\0\10\0\0\0%\21\0\0\316\0Y\6", 20, 0, NULL, 0) = 20
10962 sendto(93, "\266\27\0\0\0\0\0\0", 8, 0, NULL, 0) = 8
10959 recvfrom(92, "\7\0\0\0\3\0\0\0\266\27\0\0\262\27\0\0\27\223\355\302", 20, 0, NULL, NULL) = 20
10959 recvfrom(92, "# this script must be invoked in"..., 6070, 0, NULL, NULL) = 6070
10962 sendto(93, ",\21\0\0\3\0\0\0\266\27\0\0\231\6\0\0\27\223\355\302", 20, 0, NULL, 0) = 20
10962 sendto(93, "# this script must be invoked in"..., 6070, 0, NULL, 0) = 6070
10959 recvfrom(93, "-\21\0\0\0\0\0\0\t\0\0\0$\21\0\0\0\0\0\0", 20, 0, NULL, NULL) = 20
10959 recvfrom(93, "JOBSTATUS", 9, 0, NULL, NULL) = 9
10959 recvfrom(93, "-\21\0\0\0\0\0\0\r\0\0\0 \21\0\0\0\0\0\0", 20, 0, NULL, NULL) = 20
10959 recvfrom(93, "1337728170670", 13, 0, NULL, NULL) = 13
10959 recvfrom(93, "-\21\0\0\0\0\0\0\1\0\0\0,\21\0\0\0\0\0\0", 20, 0, NULL, NULL) = 20
10959 recvfrom(93, "2", 1, 0, NULL, NULL) = 1
10959 recvfrom(93, "-\21\0\0\0\0\0\0\1\0\0\0,\21\0\0\0\0\0\0", 20, 0, NULL, NULL) = 20
10959 recvfrom(93, "0", 1, 0, NULL, NULL) = 1
10959 recvfrom(93, "-\21\0\0\2\0\0\0\17\0\0\0 \21\0\0\0\0\0\0", 20, 0, NULL, NULL) = 20
10959 recvfrom(93, "workerid=000000", 15, 0, NULL, NULL) = 15
11058 sendto(92, "\10\0\0\0\0\0\0\0\t\0\0\0\1\0\0\0\300\2|\r", 20, 0, NULL, 0) = 20
11058 sendto(92, "JOBSTATUS", 9, 0, NULL, 0) = 9
11058 sendto(92, "\10\0\0\0\0\0\0\0-\0\0\0%\0\0\0\341\t\333\362", 20, 0, NULL, 0) = 20
11058 sendto(92, "urn:1337728167253-1337728170669-"..., 45, 0, NULL, 0) = 45
11058 sendto(92, "\10\0\0\0\0\0\0\0\1\0\0\0\t\0\0\0003\0003\0", 20, 0, NULL, 0 <unfinished ...>
10962 sendto(93, "-\21\0\0\3\0\0\0\2\0\0\0,\21\0\0\233\0\353\0", 20, 0, NULL, 0 <unfinished ...>
11058 <... sendto resumed> )            = 20
10962 <... sendto resumed> )            = 20
11058 sendto(92, "2", 1, 0, NULL, 0 <unfinished ...>
10962 sendto(93, "OK", 2, 0, NULL, 0 <unfinished ...>
11058 <... sendto resumed> )            = 1
10962 <... sendto resumed> )            = 2
11058 sendto(92, "\10\0\0\0\0\0\0\0\1\0\0\0\t\0\0\0001\0001\0", 20, 0, NULL, 0) = 20
11058 sendto(92, "0", 1, 0, NULL, 0)    = 1
11058 sendto(92, "\10\0\0\0\0\0\0\0\17\0\0\0\7\0\0\0\305\4\37-", 20, 0, NULL, 0) = 20
11058 sendto(92, "workerid=000000", 15, 0, NULL, 0) = 15
11058 sendto(92, "\10\0\0\0\2\0\0\0\10\0\0\0\2\0\0\0$\2<\r", 20, 0, NULL, 0) = 20
11058 sendto(92, "\244\1\320v7\1\0\0", 8, 0, NULL, 0) = 8
10959 recvfrom(92, "\10\0\0\0\3\0\0\0\2\0\0\0\t\0\0\0\233\0\353\0", 20, 0, NULL, NULL) = 20
10959 recvfrom(92, "OK", 2, 0, NULL, NULL) = 2
10959 recvfrom(93, ".\21\0\0\0\0\0\0\t\0\0\0'\21\0\0\0\0\0\0", 20, 0, NULL, NULL) = 20
10959 recvfrom(93, "JOBSTATUS", 9, 0, NULL, NULL) = 9
10959 recvfrom(93, ".\21\0\0\0\0\0\0\r\0\0\0#\21\0\0\0\0\0\0", 20, 0, NULL, NULL) = 20
10959 recvfrom(93, "1337728170670", 13, 0, NULL, NULL) = 13
10959 recvfrom(93, ".\21\0\0\0\0\0\0\1\0\0\0/\21\0\0\0\0\0\0", 20, 0, NULL, NULL) = 20
10959 recvfrom(93, "5", 1, 0, NULL, NULL) = 1
10959 recvfrom(93, ".\21\0\0\0\0\0\0\3\0\0\0-\21\0\0\0\0\0\0", 20, 0, NULL, NULL) = 20
10959 recvfrom(93, "126", 3, 0, NULL, NULL) = 3
10959 recvfrom(93, ".\21\0\0\2\0\0\0#\0\0\0\17\21\0\0\0\0\0\0", 20, 0, NULL, NULL) = 20
10959 recvfrom(93, "Job failed with an exit code of "..., 35, 0, NULL, NULL) = 35
11058 sendto(92, "\t\0\0\0\0\0\0\0\t\0\0\0\0\0\0\0\300\2|\r", 20, 0, NULL, 0) = 20
11058 sendto(92, "JOBSTATUS", 9, 0, NULL, 0) = 9
11058 sendto(92, "\t\0\0\0\0\0\0\0-\0\0\0$\0\0\0\341\t\333\362", 20, 0, NULL, 0) = 20
11058 sendto(92, "urn:1337728167253-1337728170669-"..., 45, 0, NULL, 0) = 45
11058 sendto(92, "\t\0\0\0\0\0\0\0\1\0\0\0\10\0\0\0006\0006\0", 20, 0, NULL, 0) = 20
11058 sendto(92, "5", 1, 0, NULL, 0)    = 1
11058 sendto(92, "\t\0\0\0\0\0\0\0\3\0\0\0\n\0\0\0\232\0000\1", 20, 0, NULL, 0) = 20
11058 sendto(92, "126", 3, 0, NULL, 0)  = 3
11058 sendto(92, "\t\0\0\0\0\0\0\0\346\2\0\0\357\2\0\0\354\21_\375", 20, 0, NULL, 0) = 20
11058 sendto(92, "Job failed with an exit code of "..., 742, 0, NULL, 0) = 742
11058 sendto(92, "\t\0\0\0\2\0\0\0\10\0\0\0\3\0\0\0003\2\263\r", 20, 0, NULL, 0) = 20
11058 sendto(92, "\262\2\320v7\1\0\0", 8, 0, NULL, 0 <unfinished ...>
10962 sendto(93, ".\21\0\0\3\0\0\0\2\0\0\0/\21\0\0\233\0\353\0", 20, 0, NULL, 0 <unfinished ...>
11058 <... sendto resumed> )            = 8
10962 <... sendto resumed> )            = 20
10962 sendto(93, "OK", 2, 0, NULL, 0)   = 2
10959 recvfrom(92, "\t\0\0\0\3\0\0\0\2\0\0\0\10\0\0\0\233\0\353\0", 20, 0, NULL, NULL) = 20
10959 recvfrom(92, "OK", 2, 0, NULL, NULL) = 2
10959 recvfrom(93, "/\21\0\0\2\0\0\0\t\0\0\0$\21\0\0\0\0\0\0", 20, 0, NULL, NULL) = 20
10959 recvfrom(93, "HEARTBEAT", 9, 0, NULL, NULL) = 9
10962 sendto(93, "/\21\0\0\3\0\0\0\r\0\0\0!\21\0\0\256\2\242\22", 20, 0, NULL, 0) = 20
10962 sendto(93, "1337728186654", 13, 0, NULL, 0) = 13
10962 sendto(93, "\3\0\0\0\0\0\0\0\t\0\0\0\n\0\0\0\221\2\275\f", 20, 0, NULL, 0) = 20
10962 sendto(93, "HEARTBEAT", 9, 0, NULL, 0) = 9
10962 sendto(93, "\3\0\0\0\2\0\0\0\r\0\0\0\f\0\0\0\265\2\263\22", 20, 0, NULL, 0) = 20
10962 sendto(93, "1337728189586", 13, 0, NULL, 0) = 13
10959 recvfrom(93, "\3\0\0\0\3\0\0\0\r\0\0\0\r\0\0\0\0\0\0\0", 20, 0, NULL, NULL) = 20
10959 recvfrom(93, "1337728189592", 13, 0, NULL, NULL) = 13
10932 --- SIGINT (Interrupt) @ 0 (0) ---
10923 --- SIGINT (Interrupt) @ 0 (0) ---
10923 --- SIGCHLD (Child exited) @ 0 (0) ---
