10968 --- SIGCHLD (Child exited) @ 0 (0) ---
10967 --- SIGCHLD (Child exited) @ 0 (0) ---
10967 --- SIGCHLD (Child exited) @ 0 (0) ---
10967 --- SIGCHLD (Child exited) @ 0 (0) ---
10967 --- SIGCHLD (Child exited) @ 0 (0) ---
10975 sendto(3, "\2\0\0\0\v\0\0\0\7\0\0\0passwd\0", 19, MSG_NOSIGNAL, NULL, 0) = 19
10975 sendto(3, "\2\0\0\0\f\0\0\0\6\0\0\0group\0", 18, MSG_NOSIGNAL, NULL, 0) = 18
10974 --- SIGCHLD (Child exited) @ 0 (0) ---
10967 --- SIGCHLD (Child exited) @ 0 (0) ---
10978 --- SIGCHLD (Child exited) @ 0 (0) ---
10967 --- SIGCHLD (Child exited) @ 0 (0) ---
10980 --- SIGCHLD (Child exited) @ 0 (0) ---
10967 --- SIGCHLD (Child exited) @ 0 (0) ---
10983 --- SIGCHLD (Child exited) @ 0 (0) ---
10967 --- SIGCHLD (Child exited) @ 0 (0) ---
10985 --- SIGCHLD (Child exited) @ 0 (0) ---
10967 --- SIGCHLD (Child exited) @ 0 (0) ---
10988 --- SIGCHLD (Child exited) @ 0 (0) ---
10967 --- SIGCHLD (Child exited) @ 0 (0) ---
10992 --- SIGCHLD (Child exited) @ 0 (0) ---
10967 --- SIGCHLD (Child exited) @ 0 (0) ---
10995 --- SIGCHLD (Child exited) @ 0 (0) ---
10967 --- SIGCHLD (Child exited) @ 0 (0) ---
10998 --- SIGCHLD (Child exited) @ 0 (0) ---
10967 --- SIGCHLD (Child exited) @ 0 (0) ---
11001 --- SIGCHLD (Child exited) @ 0 (0) ---
10967 --- SIGCHLD (Child exited) @ 0 (0) ---
11004 --- SIGCHLD (Child exited) @ 0 (0) ---
10967 --- SIGCHLD (Child exited) @ 0 (0) ---
11007 --- SIGCHLD (Child exited) @ 0 (0) ---
10967 --- SIGCHLD (Child exited) @ 0 (0) ---
11010 --- SIGCHLD (Child exited) @ 0 (0) ---
10967 --- SIGCHLD (Child exited) @ 0 (0) ---
11013 --- SIGCHLD (Child exited) @ 0 (0) ---
10967 --- SIGCHLD (Child exited) @ 0 (0) ---
11016 --- SIGCHLD (Child exited) @ 0 (0) ---
10967 --- SIGCHLD (Child exited) @ 0 (0) ---
10967 --- SIGCHLD (Child exited) @ 0 (0) ---
11020 --- SIGCHLD (Child exited) @ 0 (0) ---
10967 --- SIGCHLD (Child exited) @ 0 (0) ---
10967 --- SIGCHLD (Child exited) @ 0 (0) ---
11025 --- SIGCHLD (Child exited) @ 0 (0) ---
10967 --- SIGCHLD (Child exited) @ 0 (0) ---
10967 --- SIGCHLD (Child exited) @ 0 (0) ---
11031 sendto(3, "\2\0\0\0\v\0\0\0\7\0\0\0passwd\0", 19, MSG_NOSIGNAL, NULL, 0) = 19
11031 sendto(92, "\2\0\0\0\r\0\0\0\6\0\0\0hosts\0", 18, MSG_NOSIGNAL, NULL, 0) = 18
11041 --- SIGSEGV (Segmentation fault) @ 0 (0) ---
11041 --- SIGSEGV (Segmentation fault) @ 0 (0) ---
11056 sendto(94, "\1\0\0\0\0\0\0\0\r\0\0\0\f\0\0\0\260\3\245\31", 20, 0, NULL, 0) = 20
11056 sendto(94, "CHANNELCONFIG", 13, 0, NULL, 0) = 13
11056 sendto(94, "\1\0\0\0\0\0\0\0\32\0\0\0\33\0\0\0\310\10\204s", 20, 0, NULL, 0) = 20
11056 sendto(94, " keepalive(120), reconnect", 26, 0, NULL, 0) = 26
11056 sendto(94, "\1\0\0\0\0\0\0\0\0\0\0\0\1\0\0\0\1\0\0\0", 20, 0, NULL, 0) = 20
11056 sendto(94, "\1\0\0\0\0\0\0\0\34\0\0\0\35\0\0\0\352\6\361g", 20, 0, NULL, 0) = 20
11056 sendto(94, "u-2a2b0470-13776cff8a6--8000", 28, 0, NULL, 0) = 28
11056 sendto(94, "\1\0\0\0\2\0\0\0\0\0\0\0\3\0\0\0\1\0\0\0", 20, 0, NULL, 0) = 20
11053 recvfrom(94, "\1\0\0\0\3\0\0\0\34\0\0\0\36\0\0\0\316\6Jd", 20, 0, NULL, NULL) = 20
11053 recvfrom(94, "u-453817c3-13776cff9d6--8000", 28, 0, NULL, NULL) = 28
11056 sendto(94, "\2\0\0\0\0\0\0\0\r\0\0\0\17\0\0\0\310\3\202\32", 20, 0, NULL, 0) = 20
11056 sendto(94, "CONFIGSERVICE", 13, 0, NULL, 0) = 13
11056 sendto(94, "\2\0\0\0\0\0\0\0\r\0\0\0\17\0\0\0\313\4\327#", 20, 0, NULL, 0) = 20
11056 sendto(94, "jobsPerNode=2", 13, 0, NULL, 0) = 13
11056 sendto(94, "\2\0\0\0\2\0\0\0\25\0\0\0\25\0\0\0\216\10~^", 20, 0, NULL, 0) = 20
11056 sendto(94, "workerManager=passive", 21, 0, NULL, 0) = 21
11053 recvfrom(94, "\2\0\0\0\3\0\0\0\2\0\0\0\3\0\0\0\233\0\353\0", 20, 0, NULL, NULL) = 20
11053 recvfrom(94, "OK", 2, 0, NULL, NULL) = 2
11056 sendto(94, "\3\0\0\0\0\0\0\0\t\0\0\0\n\0\0\0\260\2\263\r", 20, 0, NULL, 0) = 20
11056 sendto(94, "SUBMITJOB", 9, 0, NULL, 0) = 9
11056 sendto(94, "\3\0\0\0\2\0\0\0s\1\0\0r\1\0\0\306\271im", 20, 0, NULL, 0) = 20
11056 sendto(94, "x\234\245SAr\343 \20\274\363\212\354=\200$\307\261\223*\356yD\252R\10\220\204\203\30\25\214"..., 371, 0, NULL, 0) = 371
11053 recvfrom(94, "\1\0\0\0\0\0\0\0\4\0\0\0\5\0\0\0005\1\25\3", 20, 0, NULL, NULL) = 20
11053 recvfrom(94, "RLOG", 4, 0, NULL, NULL) = 4
11053 recvfrom(94, "\1\0\0\0\0\0\0\0\6\0\0\0\7\0\0\0\325\1q\6", 20, 0, NULL, NULL) = 20
11053 recvfrom(94, "STDERR", 6, 0, NULL, NULL) = 6
11053 recvfrom(94, "\1\0\0\0\2\0\0\0Q\0\0\0R\0\0\0\325\31s\253", 20, 0, NULL, NULL) = 20
11053 recvfrom(94, "Passive queue processor initiali"..., 81, 0, NULL, NULL) = 81
11056 sendto(94, "\1\0\0\0\3\0\0\0\2\0\0\0\0\0\0\0\233\0\353\0", 20, 0, NULL, 0) = 20
11056 sendto(94, "OK", 2, 0, NULL, 0 <unfinished ...>
11053 recvfrom(94,  <unfinished ...>
11056 <... sendto resumed> )            = 2
11053 <... recvfrom resumed> "\3\0\0\0\3\0\0\0-\0\0\0-\0\0\0\341\t\\\362", 20, 0, NULL, NULL) = 20
11053 recvfrom(94, "urn:1337728167250-1337728170666-"..., 45, 0, NULL, NULL) = 45
11053 recvfrom(94, "\2\0\0\0\0\0\0\0\t\0\0\0\v\0\0\0\300\2|\r", 20, 0, NULL, NULL) = 20
11053 recvfrom(94, "JOBSTATUS", 9, 0, NULL, NULL) = 9
11053 recvfrom(94, "\2\0\0\0\0\0\0\0-\0\0\0/\0\0\0\341\t\\\362", 20, 0, NULL, NULL) = 20
11053 recvfrom(94, "urn:1337728167250-1337728170666-"..., 45, 0, NULL, NULL) = 45
11053 recvfrom(94, "\2\0\0\0\0\0\0\0\2\0\0\0\0\0\0\0h\0\232\0", 20, 0, NULL, NULL) = 20
11053 recvfrom(94, "16", 2, 0, NULL, NULL) = 2
11053 recvfrom(94, "\2\0\0\0\0\0\0\0\1\0\0\0\3\0\0\0001\0001\0", 20, 0, NULL, NULL) = 20
11053 recvfrom(94, "0", 1, 0, NULL, NULL) = 1
11053 recvfrom(94, "\2\0\0\0\0\0\0\0\17\0\0\0\r\0\0\0\305\4\37-", 20, 0, NULL, NULL) = 20
11053 recvfrom(94, "workerid=000000", 15, 0, NULL, NULL) = 15
11053 recvfrom(94, "\2\0\0\0\2\0\0\0\10\0\0\0\10\0\0\0\277\2\34\21", 20, 0, NULL, NULL) = 20
11053 recvfrom(94, "F\373\317v7\1\0\0", 8, 0, NULL, NULL) = 8
11056 sendto(94, "\2\0\0\0\3\0\0\0\2\0\0\0\3\0\0\0\233\0\353\0", 20, 0, NULL, 0) = 20
11056 sendto(94, "OK", 2, 0, NULL, 0)   = 2
11053 recvfrom(94, "\3\0\0\0\0\0\0\0\3\0\0\0\0\0\0\0\341\0\266\1", 20, 0, NULL, NULL) = 20
11053 recvfrom(94, "GET", 3, 0, NULL, NULL) = 3
11053 recvfrom(94, "\3\0\0\0\0\0\0\0l\0\0\0o\0\0\0\r'>\37", 20, 0, NULL, NULL) = 20
11053 recvfrom(94, "file://localhost//home/jchu542/s"..., 108, 0, NULL, NULL) = 108
11053 recvfrom(94, "\3\0\0\0\2\0\0\0a\0\0\0`\0\0\0\277!\207V", 20, 0, NULL, NULL) = 20
11053 recvfrom(94, "/home/jchu542/swift_dir/swiftwor"..., 97, 0, NULL, NULL) = 97
11056 sendto(94, "\3\0\0\0\1\0\0\0\10\0\0\0\n\0\0\0\316\0Y\6", 20, 0, NULL, 0) = 20
11056 sendto(94, "\266\27\0\0\0\0\0\0", 8, 0, NULL, 0) = 8
11056 sendto(94, "\3\0\0\0\3\0\0\0\266\27\0\0\266\27\0\0\27\223\355\302", 20, 0, NULL, 0) = 20
11056 sendto(94, "# this script must be invoked in"..., 6070, 0, NULL, 0) = 6070
11053 recvfrom(94, "\4\0\0\0\0\0\0\0\t\0\0\0\r\0\0\0\300\2|\r", 20, 0, NULL, NULL) = 20
11053 recvfrom(94, "JOBSTATUS", 9, 0, NULL, NULL) = 9
11053 recvfrom(94, "\4\0\0\0\0\0\0\0-\0\0\0)\0\0\0\341\t\\\362", 20, 0, NULL, NULL) = 20
11053 recvfrom(94, "urn:1337728167250-1337728170666-"..., 45, 0, NULL, NULL) = 45
11053 recvfrom(94, "\4\0\0\0\0\0\0\0\1\0\0\0\5\0\0\0003\0003\0", 20, 0, NULL, NULL) = 20
11053 recvfrom(94, "2", 1, 0, NULL, NULL) = 1
11053 recvfrom(94, "\4\0\0\0\0\0\0\0\1\0\0\0\5\0\0\0001\0001\0", 20, 0, NULL, NULL) = 20
11053 recvfrom(94, "0", 1, 0, NULL, NULL) = 1
11053 recvfrom(94, "\4\0\0\0\0\0\0\0\17\0\0\0\v\0\0\0\305\4\37-", 20, 0, NULL, NULL) = 20
11053 recvfrom(94, "workerid=000000", 15, 0, NULL, NULL) = 15
11053 recvfrom(94, "\4\0\0\0\2\0\0\0\10\0\0\0\16\0\0\0\346\2R\22", 20, 0, NULL, NULL) = 20
11053 recvfrom(94, "k\375\317v7\1\0\0", 8, 0, NULL, NULL) = 8
11056 sendto(94, "\4\0\0\0\3\0\0\0\2\0\0\0\5\0\0\0\233\0\353\0", 20, 0, NULL, 0) = 20
11056 sendto(94, "OK", 2, 0, NULL, 0)   = 2
11053 recvfrom(94, "\5\0\0\0\0\0\0\0\t\0\0\0\f\0\0\0\300\2|\r", 20, 0, NULL, NULL) = 20
11053 recvfrom(94, "JOBSTATUS", 9, 0, NULL, NULL) = 9
11053 recvfrom(94, "\5\0\0\0\0\0\0\0-\0\0\0(\0\0\0\341\t\\\362", 20, 0, NULL, NULL) = 20
11053 recvfrom(94, "urn:1337728167250-1337728170666-"..., 45, 0, NULL, NULL) = 45
11053 recvfrom(94, "\5\0\0\0\0\0\0\0\1\0\0\0\4\0\0\0006\0006\0", 20, 0, NULL, NULL) = 20
11053 recvfrom(94, "5", 1, 0, NULL, NULL) = 1
11053 recvfrom(94, "\5\0\0\0\0\0\0\0\3\0\0\0\6\0\0\0\232\0000\1", 20, 0, NULL, NULL) = 20
11053 recvfrom(94, "126", 3, 0, NULL, NULL) = 3
11053 recvfrom(94, "\5\0\0\0\0\0\0\0\346\2\0\0\343\2\0\0\354\21_\375", 20, 0, NULL, NULL) = 20
11053 recvfrom(94, "Job failed with an exit code of "..., 742, 0, NULL, NULL) = 742
11053 recvfrom(94, "\5\0\0\0\2\0\0\0\10\0\0\0\17\0\0\0^\3\22\26", 20, 0, NULL, NULL) = 20
11053 recvfrom(94, "\343\375\317v7\1\0\0", 8, 0, NULL, NULL) = 8
11056 sendto(94, "\5\0\0\0\3\0\0\0\2\0\0\0\4\0\0\0\233\0\353\0", 20, 0, NULL, 0) = 20
11056 sendto(94, "OK", 2, 0, NULL, 0)   = 2
11056 sendto(94, "\4\0\0\0\0\0\0\0\t\0\0\0\r\0\0\0\260\2\263\r", 20, 0, NULL, 0) = 20
11056 sendto(94, "SUBMITJOB", 9, 0, NULL, 0) = 9
11056 sendto(94, "\4\0\0\0\2\0\0\0s\1\0\0u\1\0\0\32\276\353\256", 20, 0, NULL, 0) = 20
11056 sendto(94, "x\234\245SMS\354 \20\274\363+\236w\201|\274u\325*\356\376\10\253,\2$a%L\n&"..., 371, 0, NULL, 0) = 371
11053 recvfrom(94, "\4\0\0\0\3\0\0\0-\0\0\0*\0\0\0\341\t\333\362", 20, 0, NULL, NULL) = 20
11053 recvfrom(94, "urn:1337728167253-1337728170669-"..., 45, 0, NULL, NULL) = 45
11053 recvfrom(94, "\6\0\0\0\0\0\0\0\t\0\0\0\17\0\0\0\300\2|\r", 20, 0, NULL, NULL) = 20
11053 recvfrom(94, "JOBSTATUS", 9, 0, NULL, NULL) = 9
11053 recvfrom(94, "\6\0\0\0\0\0\0\0-\0\0\0+\0\0\0\341\t\333\362", 20, 0, NULL, NULL) = 20
11053 recvfrom(94, "urn:1337728167253-1337728170669-"..., 45, 0, NULL, NULL) = 45
11053 recvfrom(94, "\6\0\0\0\0\0\0\0\2\0\0\0\4\0\0\0h\0\232\0", 20, 0, NULL, NULL) = 20
11053 recvfrom(94, "16", 2, 0, NULL, NULL) = 2
11053 recvfrom(94, "\6\0\0\0\0\0\0\0\1\0\0\0\7\0\0\0001\0001\0", 20, 0, NULL, NULL) = 20
11053 recvfrom(94, "0", 1, 0, NULL, NULL) = 1
11053 recvfrom(94, "\6\0\0\0\0\0\0\0\17\0\0\0\t\0\0\0\305\4\37-", 20, 0, NULL, NULL) = 20
11053 recvfrom(94, "workerid=000000", 15, 0, NULL, NULL) = 15
11053 recvfrom(94, "\6\0\0\0\2\0\0\0\10\0\0\0\f\0\0\0\254\1|\t", 20, 0, NULL, NULL) = 20
11053 recvfrom(94, ",\1\320v7\1\0\0", 8, 0, NULL, NULL) = 8
11056 sendto(94, "\6\0\0\0\3\0\0\0\2\0\0\0\7\0\0\0\233\0\353\0", 20, 0, NULL, 0) = 20
11056 sendto(94, "OK", 2, 0, NULL, 0 <unfinished ...>
11053 recvfrom(94,  <unfinished ...>
11056 <... sendto resumed> )            = 2
11053 <... recvfrom resumed> "\7\0\0\0\0\0\0\0\3\0\0\0\4\0\0\0\341\0\266\1", 20, 0, NULL, NULL) = 20
11053 recvfrom(94, "GET", 3, 0, NULL, NULL) = 3
11053 recvfrom(94, "\7\0\0\0\0\0\0\0l\0\0\0k\0\0\0\r'>\37", 20, 0, NULL, NULL) = 20
11053 recvfrom(94, "file://localhost//home/jchu542/s"..., 108, 0, NULL, NULL) = 108
11053 recvfrom(94, "\7\0\0\0\2\0\0\0a\0\0\0d\0\0\0\21\"L`", 20, 0, NULL, NULL) = 20
11053 recvfrom(94, "/home/jchu542/swift_dir/swiftwor"..., 97, 0, NULL, NULL) = 97
11056 sendto(94, "\7\0\0\0\1\0\0\0\10\0\0\0\16\0\0\0\316\0Y\6", 20, 0, NULL, 0) = 20
11056 sendto(94, "\266\27\0\0\0\0\0\0", 8, 0, NULL, 0) = 8
11056 sendto(94, "\7\0\0\0\3\0\0\0\266\27\0\0\262\27\0\0\27\223\355\302", 20, 0, NULL, 0) = 20
11056 sendto(94, "# this script must be invoked in"..., 6070, 0, NULL, 0) = 6070
11053 recvfrom(94, "\10\0\0\0\0\0\0\0\t\0\0\0\1\0\0\0\300\2|\r", 20, 0, NULL, NULL) = 20
11053 recvfrom(94, "JOBSTATUS", 9, 0, NULL, NULL) = 9
11053 recvfrom(94, "\10\0\0\0\0\0\0\0-\0\0\0%\0\0\0\341\t\333\362", 20, 0, NULL, NULL) = 20
11053 recvfrom(94, "urn:1337728167253-1337728170669-"..., 45, 0, NULL, NULL) = 45
11053 recvfrom(94, "\10\0\0\0\0\0\0\0\1\0\0\0\t\0\0\0003\0003\0", 20, 0, NULL, NULL) = 20
11053 recvfrom(94, "2", 1, 0, NULL, NULL) = 1
11053 recvfrom(94, "\10\0\0\0\0\0\0\0\1\0\0\0\t\0\0\0001\0001\0", 20, 0, NULL, NULL) = 20
11053 recvfrom(94, "0", 1, 0, NULL, NULL) = 1
11053 recvfrom(94, "\10\0\0\0\0\0\0\0\17\0\0\0\7\0\0\0\305\4\37-", 20, 0, NULL, NULL) = 20
11053 recvfrom(94, "workerid=000000", 15, 0, NULL, NULL) = 15
11053 recvfrom(94, "\10\0\0\0\2\0\0\0\10\0\0\0\2\0\0\0$\2<\r", 20, 0, NULL, NULL) = 20
11053 recvfrom(94, "\244\1\320v7\1\0\0", 8, 0, NULL, NULL) = 8
11056 sendto(94, "\10\0\0\0\3\0\0\0\2\0\0\0\t\0\0\0\233\0\353\0", 20, 0, NULL, 0) = 20
11056 sendto(94, "OK", 2, 0, NULL, 0)   = 2
11053 recvfrom(94, "\t\0\0\0\0\0\0\0\t\0\0\0\0\0\0\0\300\2|\r", 20, 0, NULL, NULL) = 20
11053 recvfrom(94, "JOBSTATUS", 9, 0, NULL, NULL) = 9
11053 recvfrom(94, "\t\0\0\0\0\0\0\0-\0\0\0$\0\0\0\341\t\333\362", 20, 0, NULL, NULL) = 20
11053 recvfrom(94, "urn:1337728167253-1337728170669-"..., 45, 0, NULL, NULL) = 45
11053 recvfrom(94, "\t\0\0\0\0\0\0\0\1\0\0\0\10\0\0\0006\0006\0", 20, 0, NULL, NULL) = 20
11053 recvfrom(94, "5", 1, 0, NULL, NULL) = 1
11053 recvfrom(94, "\t\0\0\0\0\0\0\0\3\0\0\0\n\0\0\0\232\0000\1", 20, 0, NULL, NULL) = 20
11053 recvfrom(94, "126", 3, 0, NULL, NULL) = 3
11053 recvfrom(94, "\t\0\0\0\0\0\0\0\346\2\0\0\357\2\0\0\354\21_\375", 20, 0, NULL, NULL) = 20
11053 recvfrom(94, "Job failed with an exit code of "..., 742, 0, NULL, NULL) = 742
11053 recvfrom(94, "\t\0\0\0\2\0\0\0\10\0\0\0\3\0\0\0003\2\263\r", 20, 0, NULL, NULL) = 20
11053 recvfrom(94, "\262\2\320v7\1\0\0", 8, 0, NULL, NULL) = 8
11056 sendto(94, "\t\0\0\0\3\0\0\0\2\0\0\0\10\0\0\0\233\0\353\0", 20, 0, NULL, 0) = 20
11056 sendto(94, "OK", 2, 0, NULL, 0)   = 2
10967 --- SIGCHLD (Child exited) @ 0 (0) ---
