6682  --- SIGCHLD (Child exited) @ 0 (0) ---
6681  --- SIGCHLD (Child exited) @ 0 (0) ---
6681  --- SIGCHLD (Child exited) @ 0 (0) ---
6681  --- SIGCHLD (Child exited) @ 0 (0) ---
6688  sendto(3, "\2\0\0\0\v\0\0\0\7\0\0\0passwd\0", 19, MSG_NOSIGNAL, NULL, 0) = 19
6688  sendto(3, "\2\0\0\0\f\0\0\0\6\0\0\0group\0", 18, MSG_NOSIGNAL, NULL, 0) = 18
6687  --- SIGCHLD (Child exited) @ 0 (0) ---
6681  --- SIGCHLD (Child exited) @ 0 (0) ---
6691  sendto(3, "\2\0\0\0\v\0\0\0\7\0\0\0passwd\0", 19, MSG_NOSIGNAL, NULL, 0) = 19
6691  sendto(92, "\2\0\0\0\r\0\0\0\6\0\0\0hosts\0", 18, MSG_NOSIGNAL, NULL, 0) = 18
6706  --- SIGSEGV (Segmentation fault) @ 0 (0) ---
6716  recvfrom(93, "O\v\0\0\0\0\0\0\10\0\0\0G\v\0\0\0\0\0\0", 20, 0, NULL, NULL) = 20
6716  recvfrom(93, "REGISTER", 8, 0, NULL, NULL) = 8
6716  recvfrom(93, "O\v\0\0\0\0\0\0\6\0\0\0I\v\0\0\0\0\0\0", 20, 0, NULL, NULL) = 20
6716  recvfrom(93, "swork0", 6, 0, NULL, NULL) = 6
6716  recvfrom(93, "O\v\0\0\0\0\0\0\25\0\0\0Z\v\0\0\0\0\0\0", 20, 0, NULL, NULL) = 20
6716  recvfrom(93, "login.ci.uchicago.edu", 21, 0, NULL, NULL) = 21
6716  recvfrom(93, "O\v\0\0\2\0\0\0\20\0\0\0]\v\0\0\0\0\0\0", 20, 0, NULL, NULL) = 20
6716  recvfrom(93, "maxwalltime = -1", 16, 0, NULL, NULL) = 16
6719  sendto(93, "O\v\0\0\3\0\0\0\6\0\0\0J\v\0\0!\1\366\3", 20, 0, NULL, 0) = 20
6719  sendto(93, "000000", 6, 0, NULL, 0) = 6
6716  recvfrom(92, "\1\0\0\0\0\0\0\0\r\0\0\0\f\0\0\0\1\0\0\0", 20, 0, NULL, NULL) = 20
6716  recvfrom(92, "CHANNELCONFIG", 13, 0, NULL, NULL) = 13
6716  recvfrom(92, "\1\0\0\0\0\0\0\0\32\0\0\0\33\0\0\0\1\0\0\0", 20, 0, NULL, NULL) = 20
6716  recvfrom(92, " keepalive(120), reconnect", 26, 0, NULL, NULL) = 26
6716  recvfrom(92, "\1\0\0\0\0\0\0\0\0\0\0\0\1\0\0\0\1\0\0\0", 20, 0, NULL, NULL) = 20
6716  recvfrom(92, "\1\0\0\0\0\0\0\0\32\0\0\0\33\0\0\0\1\0\0\0", 20, 0, NULL, NULL) = 20
6716  recvfrom(92, "ub8a652a-13743a87f30--8000", 26, 0, NULL, NULL) = 26
6716  recvfrom(92, "\1\0\0\0\2\0\0\0\0\0\0\0\3\0\0\0\1\0\0\0", 20, 0, NULL, NULL) = 20
6724  sendto(92, "\1\0\0\0\3\0\0\0\33\0\0\0\31\0\0\0\366\6\351c", 20, 0, NULL, 0) = 20
6724  sendto(92, "u5425e58e-1377c46adbd--8000", 27, 0, NULL, 0) = 27
6690  --- SIGINT (Interrupt) @ 0 (0) ---
6681  --- SIGINT (Interrupt) @ 0 (0) ---
6681  --- SIGCHLD (Child exited) @ 0 (0) ---
