2012-05-12 19:24:15,481-0500 DEBUG Loader arguments: [-sites.file, sites.xml, -tc.file, tc.data, /home/jchu542/swift-0.93/cog/modules/swift/examples/tutorial/hello.swift, -logfile, /home/jchu542/logs/051219/hello-051219.log]
2012-05-12 19:24:15,482-0500 DEBUG Loader Max heap: 259522560
2012-05-12 19:24:15,487-0500 DEBUG textfiles BEGIN SWIFTSCRIPT:
type messagefile;

app (messagefile t) greeting() { 
    echo "Hello, world!" stdout=@filename(t);
}

messagefile outfile <"hello.txt">;

outfile = greeting();



2012-05-12 19:24:15,488-0500 DEBUG textfiles END SWIFTSCRIPT:
2012-05-12 19:24:15,489-0500 INFO  Loader /home/jchu542/swift-0.93/cog/modules/swift/examples/tutorial/hello.swift: source file is new. Recompiling.
2012-05-12 19:24:17,557-0500 INFO  Karajan Validation of XML intermediate file was successful
2012-05-12 19:24:18,523-0500 DEBUG Loader setting: sites.file to: sites.xml
2012-05-12 19:24:18,524-0500 DEBUG Loader setting: tc.file to: tc.data
2012-05-12 19:24:18,553-0500 DEBUG textfiles BEGIN SITES:
<config>
  <pool handle="persistent-coasters">
    <execution provider="coaster-persistent"
               url="http://login.ci.uchicago.edu:12000"
               jobmanager=""/>
    <profile namespace="globus" key="workerManager">passive</profile>
    <profile namespace="globus" key="jobsPerNode">2</profile>
    <profile key="jobThrottle" namespace="karajan">0.059</profile>
    <profile namespace="karajan" key="initialScore">10000</profile>
    <filesystem provider="local" url="none" />
    <workdirectory>/swift_dir/swiftwork</workdirectory>
   
  </pool>
</config>


2012-05-12 19:24:18,553-0500 DEBUG textfiles END SITES:
2012-05-12 19:24:18,573-0500 INFO  VDL2ExecutionContext Stack dump:
Level 1
[iA = 0, iB = 0, bA = false, bB = false]
	vdl:instanceconfig = Swift configuration []
	vdl:operation = run
	swift.home = /home/jchu542/swift-0.93/cog/modules/swift/dist/swift-svn/bin/..
	PATH_SEPARATOR = /


2012-05-12 19:24:20,724-0500 INFO  unknown Using sites file: sites.xml
2012-05-12 19:24:20,877-0500 INFO  unknown Using tc.data: tc.data
2012-05-12 19:24:21,227-0500 INFO  AbstractScheduler Setting resources to: {persistent-coasters=persistent-coasters}
2012-05-12 19:24:22,309-0500 INFO  unknown Swift 0.93 swift-r5783 cog-r3400

2012-05-12 19:24:22,311-0500 INFO  unknown RUNID id=run:20120512-1924-0fm1hdmd
2012-05-12 19:24:22,606-0500 DEBUG greeting PROCEDURE line=3 thread=0-1 name=greeting
2012-05-12 19:24:22,637-0500 INFO  vdl:execute START thread=0-1 tr=echo
2012-05-12 19:24:22,673-0500 INFO  WeightedHostScoreScheduler CONTACT_SELECTED host=persistent-coasters, score=99.854
2012-05-12 19:24:22,693-0500 INFO  GlobalSubmitQueue No global submit throttle set. Using default (1024)
2012-05-12 19:24:22,703-0500 INFO  LateBindingScheduler JobQueue: 0
2012-05-12 19:24:22,723-0500 INFO  LateBindingScheduler JobQueue: 0
2012-05-12 19:24:22,727-0500 INFO  vdl:initshareddir START host=persistent-coasters - Initializing shared directory
2012-05-12 19:24:22,753-0500 INFO  WeightedHostScoreScheduler CONTACT_SELECTED host=persistent-coasters, score=99.854
2012-05-12 19:24:22,765-0500 INFO  vdl:initshareddir START host=persistent-coasters - Initializing shared directory
2012-05-12 19:24:22,776-0500 INFO  WeightedHostScoreScheduler CONTACT_SELECTED host=persistent-coasters, score=99.854
2012-05-12 19:24:22,788-0500 INFO  vdl:initshareddir START host=persistent-coasters - Initializing shared directory
2012-05-12 19:24:22,795-0500 INFO  vdl:execute END_FAILURE thread=0-1 tr=echo
2012-05-12 19:24:22,806-0500 DEBUG VDL2ExecutionContext Could not initialize shared directory on persistent-coasters
Could not initialize shared directory on persistent-coasters
Caused by: null
Caused by: org.globus.cog.abstraction.impl.common.task.TaskSubmissionException: org.globus.cog.abstraction.impl.file.FileResourceException: Failed to create directory: /swift_dir/swiftwork/hello-20120512-1924-0fm1hdmd/shared
Caused by: org.globus.cog.abstraction.impl.file.FileResourceException: Failed to create directory: /swift_dir/swiftwork/hello-20120512-1924-0fm1hdmd/shared
	at org.globus.cog.karajan.workflow.nodes.functions.KException.function(KException.java:29)
	at org.globus.cog.karajan.workflow.nodes.functions.AbstractFunction.post(AbstractFunction.java:27)
	at org.globus.cog.karajan.workflow.nodes.AbstractSequentialWithArguments.completed(AbstractSequentialWithArguments.java:194)
	at org.globus.cog.karajan.workflow.nodes.FlowNode.complete(FlowNode.java:214)
	at org.globus.cog.karajan.workflow.nodes.FlowContainer.post(FlowContainer.java:58)
	at org.globus.cog.karajan.workflow.nodes.functions.AbstractFunction.post(AbstractFunction.java:28)
	at org.globus.cog.karajan.workflow.nodes.Sequential.startNext(Sequential.java:29)
	at org.globus.cog.karajan.workflow.nodes.Sequential.executeChildren(Sequential.java:20)
	at org.globus.cog.karajan.workflow.nodes.FlowContainer.execute(FlowContainer.java:63)
	at org.globus.cog.karajan.workflow.nodes.FlowNode.restart(FlowNode.java:139)
	at org.globus.cog.karajan.workflow.nodes.FlowNode.start(FlowNode.java:197)
	at org.globus.cog.karajan.workflow.events.EventBus.start(EventBus.java:104)
	at org.globus.cog.karajan.workflow.events.EventTargetPair.run(EventTargetPair.java:40)
	at java.util.concurrent.Executors$RunnableAdapter.call(Executors.java:441)
	at java.util.concurrent.FutureTask$Sync.innerRun(FutureTask.java:303)
	at java.util.concurrent.FutureTask.run(FutureTask.java:138)
	at java.util.concurrent.ThreadPoolExecutor$Worker.runTask(ThreadPoolExecutor.java:886)
	at java.util.concurrent.ThreadPoolExecutor$Worker.run(ThreadPoolExecutor.java:908)
	at java.lang.Thread.run(Thread.java:662)
Caused by: null
Caused by: org.globus.cog.abstraction.impl.common.task.TaskSubmissionException: org.globus.cog.abstraction.impl.file.FileResourceException: Failed to create directory: /swift_dir/swiftwork/hello-20120512-1924-0fm1hdmd/shared
Caused by: org.globus.cog.abstraction.impl.file.FileResourceException: Failed to create directory: /swift_dir/swiftwork/hello-20120512-1924-0fm1hdmd/shared
	at org.globus.cog.karajan.workflow.nodes.FlowNode.failImmediately(FlowNode.java:101)
	at org.globus.cog.karajan.workflow.nodes.grid.AbstractGridNode$1.run(AbstractGridNode.java:308)
	... 6 more
Caused by: org.globus.cog.abstraction.impl.common.task.TaskSubmissionException: org.globus.cog.abstraction.impl.file.FileResourceException: Failed to create directory: /swift_dir/swiftwork/hello-20120512-1924-0fm1hdmd/shared
	at org.globus.cog.abstraction.impl.file.CachingDelegatedFileOperationHandler.submit(CachingDelegatedFileOperationHandler.java:55)
	at org.globus.cog.abstraction.impl.common.task.CachingFileOperationTaskHandler.submit(CachingFileOperationTaskHandler.java:28)
	at org.globus.cog.karajan.scheduler.submitQueue.NonBlockingSubmit.run(NonBlockingSubmit.java:97)
	... 6 more
Caused by: org.globus.cog.abstraction.impl.file.FileResourceException: Failed to create directory: /swift_dir/swiftwork/hello-20120512-1924-0fm1hdmd/shared
	at org.globus.cog.abstraction.impl.file.local.FileResourceImpl.createDirectories(FileResourceImpl.java:167)
	at org.globus.cog.abstraction.impl.file.TaskHandlerImpl.execute(TaskHandlerImpl.java:304)
	at org.globus.cog.abstraction.impl.file.CachingDelegatedFileOperationHandler.execute(CachingDelegatedFileOperationHandler.java:92)
	at org.globus.cog.abstraction.impl.file.TaskHandlerImpl.submit(TaskHandlerImpl.java:252)
	at org.globus.cog.abstraction.impl.file.CachingDelegatedFileOperationHandler.submit(CachingDelegatedFileOperationHandler.java:41)
	... 8 more
2012-05-12 19:24:22,943-0500 INFO  ExecutionContext Detailed exception: 
Could not initialize shared directory on persistent-coasters
Caused by: null
Caused by: org.globus.cog.abstraction.impl.common.task.TaskSubmissionException: org.globus.cog.abstraction.impl.file.FileResourceException: Failed to create directory: /swift_dir/swiftwork/hello-20120512-1924-0fm1hdmd/shared
Caused by: org.globus.cog.abstraction.impl.file.FileResourceException: Failed to create directory: /swift_dir/swiftwork/hello-20120512-1924-0fm1hdmd/shared
	at org.globus.cog.karajan.workflow.nodes.functions.KException.function(KException.java:29)
	at org.globus.cog.karajan.workflow.nodes.functions.AbstractFunction.post(AbstractFunction.java:27)
	at org.globus.cog.karajan.workflow.nodes.AbstractSequentialWithArguments.completed(AbstractSequentialWithArguments.java:194)
	at org.globus.cog.karajan.workflow.nodes.FlowNode.complete(FlowNode.java:214)
	at org.globus.cog.karajan.workflow.nodes.FlowContainer.post(FlowContainer.java:58)
	at org.globus.cog.karajan.workflow.nodes.functions.AbstractFunction.post(AbstractFunction.java:28)
	at org.globus.cog.karajan.workflow.nodes.Sequential.startNext(Sequential.java:29)
	at org.globus.cog.karajan.workflow.nodes.Sequential.executeChildren(Sequential.java:20)
	at org.globus.cog.karajan.workflow.nodes.FlowContainer.execute(FlowContainer.java:63)
	at org.globus.cog.karajan.workflow.nodes.FlowNode.restart(FlowNode.java:139)
	at org.globus.cog.karajan.workflow.nodes.FlowNode.start(FlowNode.java:197)
	at org.globus.cog.karajan.workflow.events.EventBus.start(EventBus.java:104)
	at org.globus.cog.karajan.workflow.events.EventTargetPair.run(EventTargetPair.java:40)
	at java.util.concurrent.Executors$RunnableAdapter.call(Executors.java:441)
	at java.util.concurrent.FutureTask$Sync.innerRun(FutureTask.java:303)
	at java.util.concurrent.FutureTask.run(FutureTask.java:138)
	at java.util.concurrent.ThreadPoolExecutor$Worker.runTask(ThreadPoolExecutor.java:886)
	at java.util.concurrent.ThreadPoolExecutor$Worker.run(ThreadPoolExecutor.java:908)
	at java.lang.Thread.run(Thread.java:662)
Caused by: null
Caused by: org.globus.cog.abstraction.impl.common.task.TaskSubmissionException: org.globus.cog.abstraction.impl.file.FileResourceException: Failed to create directory: /swift_dir/swiftwork/hello-20120512-1924-0fm1hdmd/shared
Caused by: org.globus.cog.abstraction.impl.file.FileResourceException: Failed to create directory: /swift_dir/swiftwork/hello-20120512-1924-0fm1hdmd/shared
	at org.globus.cog.karajan.workflow.nodes.FlowNode.failImmediately(FlowNode.java:101)
	at org.globus.cog.karajan.workflow.nodes.grid.AbstractGridNode$1.run(AbstractGridNode.java:308)
	... 6 more
Caused by: org.globus.cog.abstraction.impl.common.task.TaskSubmissionException: org.globus.cog.abstraction.impl.file.FileResourceException: Failed to create directory: /swift_dir/swiftwork/hello-20120512-1924-0fm1hdmd/shared
	at org.globus.cog.abstraction.impl.file.CachingDelegatedFileOperationHandler.submit(CachingDelegatedFileOperationHandler.java:55)
	at org.globus.cog.abstraction.impl.common.task.CachingFileOperationTaskHandler.submit(CachingFileOperationTaskHandler.java:28)
	at org.globus.cog.karajan.scheduler.submitQueue.NonBlockingSubmit.run(NonBlockingSubmit.java:97)
	... 6 more
Caused by: org.globus.cog.abstraction.impl.file.FileResourceException: Failed to create directory: /swift_dir/swiftwork/hello-20120512-1924-0fm1hdmd/shared
	at org.globus.cog.abstraction.impl.file.local.FileResourceImpl.createDirectories(FileResourceImpl.java:167)
	at org.globus.cog.abstraction.impl.file.TaskHandlerImpl.execute(TaskHandlerImpl.java:304)
	at org.globus.cog.abstraction.impl.file.CachingDelegatedFileOperationHandler.execute(CachingDelegatedFileOperationHandler.java:92)
	at org.globus.cog.abstraction.impl.file.TaskHandlerImpl.submit(TaskHandlerImpl.java:252)
	at org.globus.cog.abstraction.impl.file.CachingDelegatedFileOperationHandler.submit(CachingDelegatedFileOperationHandler.java:41)
	... 8 more
2012-05-12 19:24:22,944-0500 INFO  Loader Swift finished with errors
2012-05-12 19:28:20,357-0500 DEBUG Loader arguments: [-sites.file, sites.xml, -tc.file, tc.data, /home/jchu542/swift-0.93/cog/modules/swift/examples/tutorial/hello.swift, -logfile, /home/jchu542/logs/051219/hello-051219.log]
2012-05-12 19:28:20,357-0500 DEBUG Loader Max heap: 259522560
2012-05-12 19:28:20,361-0500 DEBUG textfiles BEGIN SWIFTSCRIPT:
type messagefile;

app (messagefile t) greeting() { 
    echo "Hello, world!" stdout=@filename(t);
}

messagefile outfile <"hello.txt">;

outfile = greeting();



2012-05-12 19:28:20,362-0500 DEBUG textfiles END SWIFTSCRIPT:
2012-05-12 19:28:20,364-0500 DEBUG Loader kmlversion is >82b956df-d74c-4fb4-a78d-cd83ec621b15<
2012-05-12 19:28:20,364-0500 DEBUG Loader build version is >82b956df-d74c-4fb4-a78d-cd83ec621b15<
2012-05-12 19:28:20,364-0500 DEBUG Loader Recompilation suppressed.
2012-05-12 19:28:21,058-0500 DEBUG Loader setting: sites.file to: sites.xml
2012-05-12 19:28:21,059-0500 DEBUG Loader setting: tc.file to: tc.data
2012-05-12 19:28:21,077-0500 DEBUG textfiles BEGIN SITES:
<config>
  <pool handle="persistent-coasters">
    <execution provider="coaster-persistent"
               url="http://login.ci.uchicago.edu:12000"
               jobmanager=""/>
    <profile namespace="globus" key="workerManager">passive</profile>
    <profile namespace="globus" key="jobsPerNode">2</profile>
    <profile key="jobThrottle" namespace="karajan">0.059</profile>
    <profile namespace="karajan" key="initialScore">10000</profile>
    <filesystem provider="local" url="none" />
    <workdirectory>/home/jchu542/swift_dir/swiftwork</workdirectory>
   
  </pool>
</config>


2012-05-12 19:28:21,078-0500 DEBUG textfiles END SITES:
2012-05-12 19:28:21,098-0500 INFO  VDL2ExecutionContext Stack dump:
Level 1
[iA = 0, iB = 0, bA = false, bB = false]
	vdl:instanceconfig = Swift configuration []
	vdl:operation = run
	swift.home = /home/jchu542/swift-0.93/cog/modules/swift/dist/swift-svn/bin/..
	PATH_SEPARATOR = /


2012-05-12 19:28:23,273-0500 INFO  unknown Using sites file: sites.xml
2012-05-12 19:28:23,396-0500 INFO  unknown Using tc.data: tc.data
2012-05-12 19:28:23,622-0500 INFO  AbstractScheduler Setting resources to: {persistent-coasters=persistent-coasters}
2012-05-12 19:28:24,734-0500 INFO  unknown Swift 0.93 swift-r5783 cog-r3400

2012-05-12 19:28:24,736-0500 INFO  unknown RUNID id=run:20120512-1928-oncyqtmf
2012-05-12 19:28:24,944-0500 DEBUG greeting PROCEDURE line=3 thread=0-1 name=greeting
2012-05-12 19:28:24,957-0500 INFO  vdl:execute START thread=0-1 tr=echo
2012-05-12 19:28:24,990-0500 INFO  WeightedHostScoreScheduler CONTACT_SELECTED host=persistent-coasters, score=99.854
2012-05-12 19:28:25,005-0500 INFO  GlobalSubmitQueue No global submit throttle set. Using default (1024)
2012-05-12 19:28:25,016-0500 INFO  LateBindingScheduler JobQueue: 0
2012-05-12 19:28:25,044-0500 INFO  LateBindingScheduler JobQueue: 0
2012-05-12 19:28:25,049-0500 INFO  vdl:initshareddir START host=persistent-coasters - Initializing shared directory
2012-05-12 19:28:25,058-0500 INFO  LateBindingScheduler JobQueue: 0
2012-05-12 19:28:25,118-0500 INFO  LateBindingScheduler JobQueue: 0
2012-05-12 19:28:25,148-0500 INFO  LateBindingScheduler JobQueue: 0
2012-05-12 19:28:25,158-0500 INFO  LateBindingScheduler JobQueue: 0
2012-05-12 19:28:25,184-0500 INFO  LateBindingScheduler JobQueue: 0
2012-05-12 19:28:25,219-0500 INFO  LateBindingScheduler JobQueue: 0
2012-05-12 19:28:25,227-0500 INFO  vdl:initshareddir END host=persistent-coasters - Done initializing shared directory
2012-05-12 19:28:25,246-0500 DEBUG vdl:execute2 THREAD_ASSOCIATION jobid=echo-hcrpj8rk thread=0-1-1 host=persistent-coasters replicationGroup=gcrpj8rk
2012-05-12 19:28:25,261-0500 INFO  vdl:createdirset START jobid=echo-hcrpj8rk host=persistent-coasters - Initializing directory structure
2012-05-12 19:28:25,261-0500 INFO  vdl:createdirset END jobid=echo-hcrpj8rk - Done initializing directory structure
2012-05-12 19:28:25,262-0500 INFO  vdl:dostagein START jobid=echo-hcrpj8rk - Staging in files
2012-05-12 19:28:25,268-0500 INFO  vdl:dostagein END jobid=echo-hcrpj8rk - Staging in finished
2012-05-12 19:28:25,269-0500 DEBUG vdl:execute2 JOB_START jobid=echo-hcrpj8rk tr=echo arguments=[Hello, world!] tmpdir=hello-20120512-1928-oncyqtmf/jobs/h/echo-hcrpj8rk host=persistent-coasters
2012-05-12 19:28:25,273-0500 DEBUG textfiles BEGIN TC:
persistent-coasters echo /bin/echo null null null
coasters echo /bin/echo null null null
persistent-coasters wc /usr/bin/wc null null null
coasters paste /bin/paste null null null
coasters sort /bin/sort null null null
coasters grep /bin/grep null null null
coasters ls /bin/ls null null null
coasters cat /bin/cat null null null


2012-05-12 19:28:25,273-0500 DEBUG textfiles END TC:
2012-05-12 19:28:25,293-0500 INFO  GridExec TASK_DEFINITION: Task(type=JOB_SUBMISSION, identity=urn:0-1-1-1336868903310) is /bin/bash shared/_swiftwrap echo-hcrpj8rk -jobdir h -scratch  -e /bin/echo -out hello.txt -err stderr.txt -i -d  -if  -of hello.txt -k  -cdmfile  -status files -a Hello, world!
2012-05-12 19:28:25,396-0500 WARN  RemoteConfiguration Find: http://login.ci.uchicago.edu:12000
2012-05-12 19:28:25,396-0500 WARN  RemoteConfiguration Find:  keepalive(120), reconnect - http://login.ci.uchicago.edu:12000
2012-05-12 19:28:25,411-0500 INFO  AbstractKarajanChannel MetaChannel: 1800743798[613975815: {}] -> null: Disabling heartbeats (disabled in config)
2012-05-12 19:28:25,512-0500 INFO  AbstractStreamKarajanChannel$Multiplexer Multiplexer 0 started
2012-05-12 19:28:25,512-0500 INFO  AbstractStreamKarajanChannel$Multiplexer (0) Scheduling SC-null for addition
2012-05-12 19:28:25,521-0500 INFO  AbstractStreamKarajanChannel nullChannel started
2012-05-12 19:28:25,535-0500 INFO  AbstractStreamKarajanChannel$Multiplexer Multiplexer 1 started
2012-05-12 19:28:25,589-0500 INFO  ChannelConfigurationCommand Got reply
2012-05-12 19:28:25,590-0500 INFO  AbstractStreamKarajanChannel Channel configured
2012-05-12 19:28:25,590-0500 INFO  MetaChannel MetaChannel: 1800743798[613975815: {}] -> null.bind -> SC-null
2012-05-12 19:28:26,092-0500 INFO  LateBindingScheduler JobQueue: 0
2012-05-12 19:28:26,096-0500 INFO  vdl:checkerrorfile NO_STATUS_FILE jobid=echo-hcrpj8rk - Error file missing
2012-05-12 19:28:26,111-0500 DEBUG vdl:execute2 APPLICATION_EXCEPTION jobid=echo-hcrpj8rk - Application exception: null
Caused by: org.globus.cog.abstraction.impl.common.execution.JobException: Job failed with an exit code of 127
2012-05-12 19:28:26,264-0500 WARN  vdl:transferwrapperlog Failed to transfer wrapper log for job echo-hcrpj8rk
2012-05-12 19:28:26,265-0500 DEBUG vdl:transferwrapperlog Exception for wrapper log failure from hello-20120512-1928-oncyqtmf/info/h on persistent-coasters: null
Caused by: org.globus.cog.abstraction.impl.file.FileNotFoundException: File not found: /home/jchu542/swift_dir/swiftwork/hello-20120512-1928-oncyqtmf/info/h/echo-hcrpj8rk-info
2012-05-12 19:28:26,272-0500 INFO  WeightedHostScoreScheduler CONTACT_SELECTED host=persistent-coasters, score=99.853
2012-05-12 19:28:26,311-0500 DEBUG vdl:execute2 THREAD_ASSOCIATION jobid=echo-jcrpj8rk thread=0-1-1 host=persistent-coasters replicationGroup=icrpj8rk
2012-05-12 19:28:26,314-0500 INFO  vdl:createdirset START jobid=echo-jcrpj8rk host=persistent-coasters - Initializing directory structure
2012-05-12 19:28:26,314-0500 INFO  vdl:createdirset END jobid=echo-jcrpj8rk - Done initializing directory structure
2012-05-12 19:28:26,315-0500 INFO  vdl:dostagein START jobid=echo-jcrpj8rk - Staging in files
2012-05-12 19:28:26,315-0500 INFO  vdl:dostagein END jobid=echo-jcrpj8rk - Staging in finished
2012-05-12 19:28:26,316-0500 DEBUG vdl:execute2 JOB_START jobid=echo-jcrpj8rk tr=echo arguments=[Hello, world!] tmpdir=hello-20120512-1928-oncyqtmf/jobs/j/echo-jcrpj8rk host=persistent-coasters
2012-05-12 19:28:26,318-0500 INFO  GridExec TASK_DEFINITION: Task(type=JOB_SUBMISSION, identity=urn:0-1-1-1336868903330) is /bin/bash shared/_swiftwrap echo-jcrpj8rk -jobdir j -scratch  -e /bin/echo -out hello.txt -err stderr.txt -i -d  -if  -of hello.txt -k  -cdmfile  -status files -a Hello, world!
2012-05-12 19:28:26,513-0500 INFO  LateBindingScheduler JobQueue: 0
2012-05-12 19:28:26,516-0500 INFO  vdl:checkerrorfile NO_STATUS_FILE jobid=echo-jcrpj8rk - Error file missing
2012-05-12 19:28:26,526-0500 DEBUG vdl:execute2 APPLICATION_EXCEPTION jobid=echo-jcrpj8rk - Application exception: null
Caused by: org.globus.cog.abstraction.impl.common.execution.JobException: Job failed with an exit code of 127
2012-05-12 19:28:26,594-0500 WARN  vdl:transferwrapperlog Failed to transfer wrapper log for job echo-jcrpj8rk
2012-05-12 19:28:26,594-0500 DEBUG vdl:transferwrapperlog Exception for wrapper log failure from hello-20120512-1928-oncyqtmf/info/j on persistent-coasters: null
Caused by: org.globus.cog.abstraction.impl.file.FileNotFoundException: File not found: /home/jchu542/swift_dir/swiftwork/hello-20120512-1928-oncyqtmf/info/j/echo-jcrpj8rk-info
2012-05-12 19:28:26,602-0500 INFO  WeightedHostScoreScheduler CONTACT_SELECTED host=persistent-coasters, score=99.853
2012-05-12 19:28:26,613-0500 DEBUG vdl:execute2 THREAD_ASSOCIATION jobid=echo-lcrpj8rk thread=0-1-1 host=persistent-coasters replicationGroup=kcrpj8rk
2012-05-12 19:28:26,615-0500 INFO  vdl:createdirset START jobid=echo-lcrpj8rk host=persistent-coasters - Initializing directory structure
2012-05-12 19:28:26,615-0500 INFO  vdl:createdirset END jobid=echo-lcrpj8rk - Done initializing directory structure
2012-05-12 19:28:26,616-0500 INFO  vdl:dostagein START jobid=echo-lcrpj8rk - Staging in files
2012-05-12 19:28:26,616-0500 INFO  vdl:dostagein END jobid=echo-lcrpj8rk - Staging in finished
2012-05-12 19:28:26,617-0500 DEBUG vdl:execute2 JOB_START jobid=echo-lcrpj8rk tr=echo arguments=[Hello, world!] tmpdir=hello-20120512-1928-oncyqtmf/jobs/l/echo-lcrpj8rk host=persistent-coasters
2012-05-12 19:28:26,619-0500 INFO  GridExec TASK_DEFINITION: Task(type=JOB_SUBMISSION, identity=urn:0-1-1-1336868903350) is /bin/bash shared/_swiftwrap echo-lcrpj8rk -jobdir l -scratch  -e /bin/echo -out hello.txt -err stderr.txt -i -d  -if  -of hello.txt -k  -cdmfile  -status files -a Hello, world!
2012-05-12 19:28:26,905-0500 INFO  LateBindingScheduler JobQueue: 0
2012-05-12 19:28:26,907-0500 INFO  vdl:checkerrorfile NO_STATUS_FILE jobid=echo-lcrpj8rk - Error file missing
2012-05-12 19:28:26,911-0500 DEBUG vdl:execute2 APPLICATION_EXCEPTION jobid=echo-lcrpj8rk - Application exception: null
Caused by: org.globus.cog.abstraction.impl.common.execution.JobException: Job failed with an exit code of 127
2012-05-12 19:28:26,963-0500 WARN  vdl:transferwrapperlog Failed to transfer wrapper log for job echo-lcrpj8rk
2012-05-12 19:28:26,964-0500 DEBUG vdl:transferwrapperlog Exception for wrapper log failure from hello-20120512-1928-oncyqtmf/info/l on persistent-coasters: null
Caused by: org.globus.cog.abstraction.impl.file.FileNotFoundException: File not found: /home/jchu542/swift_dir/swiftwork/hello-20120512-1928-oncyqtmf/info/l/echo-lcrpj8rk-info
2012-05-12 19:28:26,971-0500 INFO  vdl:execute END_FAILURE thread=0-1 tr=echo
2012-05-12 19:28:26,982-0500 DEBUG VDL2ExecutionContext Exception in echo:
Arguments: [Hello, world!]
Host: persistent-coasters
Directory: hello-20120512-1928-oncyqtmf/jobs/l/echo-lcrpj8rk
stderr.txt: 

stdout.txt: 

----

Exception in echo:
Arguments: [Hello, world!]
Host: persistent-coasters
Directory: hello-20120512-1928-oncyqtmf/jobs/l/echo-lcrpj8rk
stderr.txt: 

stdout.txt: 

----

Caused by: null
Caused by: org.globus.cog.abstraction.impl.common.execution.JobException: Job failed with an exit code of 127
	at org.globus.cog.karajan.workflow.nodes.functions.KException.function(KException.java:29)
	at org.globus.cog.karajan.workflow.nodes.functions.AbstractFunction.post(AbstractFunction.java:27)
	at org.globus.cog.karajan.workflow.nodes.AbstractSequentialWithArguments.completed(AbstractSequentialWithArguments.java:194)
	at org.globus.cog.karajan.workflow.nodes.FlowNode.complete(FlowNode.java:214)
	at org.globus.cog.karajan.workflow.nodes.FlowContainer.post(FlowContainer.java:58)
	at org.globus.cog.karajan.workflow.nodes.functions.AbstractFunction.post(AbstractFunction.java:28)
	at org.globus.cog.karajan.workflow.nodes.Sequential.startNext(Sequential.java:29)
	at org.globus.cog.karajan.workflow.nodes.Sequential.executeChildren(Sequential.java:20)
	at org.globus.cog.karajan.workflow.nodes.FlowContainer.execute(FlowContainer.java:63)
	at org.globus.cog.karajan.workflow.nodes.FlowNode.restart(FlowNode.java:139)
	at org.globus.cog.karajan.workflow.nodes.FlowNode.start(FlowNode.java:197)
	at org.globus.cog.karajan.workflow.events.EventBus.start(EventBus.java:104)
	at org.globus.cog.karajan.workflow.events.EventTargetPair.run(EventTargetPair.java:40)
	at java.util.concurrent.Executors$RunnableAdapter.call(Executors.java:441)
	at java.util.concurrent.FutureTask$Sync.innerRun(FutureTask.java:303)
	at java.util.concurrent.FutureTask.run(FutureTask.java:138)
	at java.util.concurrent.ThreadPoolExecutor$Worker.runTask(ThreadPoolExecutor.java:886)
	at java.util.concurrent.ThreadPoolExecutor$Worker.run(ThreadPoolExecutor.java:908)
	at java.lang.Thread.run(Thread.java:662)
Caused by: null
Caused by: org.globus.cog.abstraction.impl.common.execution.JobException: Job failed with an exit code of 127
	at org.globus.cog.karajan.workflow.nodes.FlowNode.failImmediately(FlowNode.java:101)
	at org.globus.cog.karajan.workflow.nodes.grid.GridExec.taskFailed(GridExec.java:379)
	at org.globus.cog.karajan.workflow.nodes.grid.AbstractGridNode.statusChanged(AbstractGridNode.java:268)
	at org.griphyn.vdl.karajan.lib.Execute.statusChanged(Execute.java:119)
	at org.globus.cog.karajan.scheduler.AbstractScheduler.fireJobStatusChangeEvent(AbstractScheduler.java:168)
	at org.globus.cog.karajan.scheduler.LateBindingScheduler.statusChanged(LateBindingScheduler.java:674)
	at org.globus.cog.karajan.scheduler.WeightedHostScoreScheduler.statusChanged(WeightedHostScoreScheduler.java:426)
	at org.griphyn.vdl.karajan.VDSAdaptiveScheduler.statusChanged(VDSAdaptiveScheduler.java:410)
	at org.globus.cog.abstraction.impl.common.task.TaskImpl.notifyListeners(TaskImpl.java:240)
	at org.globus.cog.abstraction.impl.common.task.TaskImpl.setStatus(TaskImpl.java:228)
	at org.globus.cog.abstraction.impl.execution.coaster.NotificationManager.setStatus(NotificationManager.java:111)
	at org.globus.cog.abstraction.impl.execution.coaster.NotificationManager.notificationReceived(NotificationManager.java:77)
	at org.globus.cog.abstraction.coaster.service.local.JobStatusHandler.requestComplete(JobStatusHandler.java:45)
	at org.globus.cog.karajan.workflow.service.handlers.RequestHandler.receiveCompleted(RequestHandler.java:87)
	at org.globus.cog.karajan.workflow.service.channels.AbstractKarajanChannel.handleRequest(AbstractKarajanChannel.java:481)
	at org.globus.cog.karajan.workflow.service.channels.AbstractStreamKarajanChannel.step(AbstractStreamKarajanChannel.java:180)
	at org.globus.cog.karajan.workflow.service.channels.AbstractStreamKarajanChannel$Multiplexer.run(AbstractStreamKarajanChannel.java:404)
Caused by: org.globus.cog.abstraction.impl.common.execution.JobException: Job failed with an exit code of 127
	at org.globus.cog.abstraction.coaster.service.local.JobStatusHandler.requestComplete(JobStatusHandler.java:37)
	... 4 more
2012-05-12 19:28:28,020-0500 INFO  ExecutionContext Detailed exception: 
Exception in echo:
Arguments: [Hello, world!]
Host: persistent-coasters
Directory: hello-20120512-1928-oncyqtmf/jobs/l/echo-lcrpj8rk
stderr.txt: 

stdout.txt: 

----

Caused by: null
Caused by: org.globus.cog.abstraction.impl.common.execution.JobException: Job failed with an exit code of 127
	at org.globus.cog.karajan.workflow.nodes.functions.KException.function(KException.java:29)
	at org.globus.cog.karajan.workflow.nodes.functions.AbstractFunction.post(AbstractFunction.java:27)
	at org.globus.cog.karajan.workflow.nodes.AbstractSequentialWithArguments.completed(AbstractSequentialWithArguments.java:194)
	at org.globus.cog.karajan.workflow.nodes.FlowNode.complete(FlowNode.java:214)
	at org.globus.cog.karajan.workflow.nodes.FlowContainer.post(FlowContainer.java:58)
	at org.globus.cog.karajan.workflow.nodes.functions.AbstractFunction.post(AbstractFunction.java:28)
	at org.globus.cog.karajan.workflow.nodes.Sequential.startNext(Sequential.java:29)
	at org.globus.cog.karajan.workflow.nodes.Sequential.executeChildren(Sequential.java:20)
	at org.globus.cog.karajan.workflow.nodes.FlowContainer.execute(FlowContainer.java:63)
	at org.globus.cog.karajan.workflow.nodes.FlowNode.restart(FlowNode.java:139)
	at org.globus.cog.karajan.workflow.nodes.FlowNode.start(FlowNode.java:197)
	at org.globus.cog.karajan.workflow.events.EventBus.start(EventBus.java:104)
	at org.globus.cog.karajan.workflow.events.EventTargetPair.run(EventTargetPair.java:40)
	at java.util.concurrent.Executors$RunnableAdapter.call(Executors.java:441)
	at java.util.concurrent.FutureTask$Sync.innerRun(FutureTask.java:303)
	at java.util.concurrent.FutureTask.run(FutureTask.java:138)
	at java.util.concurrent.ThreadPoolExecutor$Worker.runTask(ThreadPoolExecutor.java:886)
	at java.util.concurrent.ThreadPoolExecutor$Worker.run(ThreadPoolExecutor.java:908)
	at java.lang.Thread.run(Thread.java:662)
Caused by: null
Caused by: org.globus.cog.abstraction.impl.common.execution.JobException: Job failed with an exit code of 127
	at org.globus.cog.karajan.workflow.nodes.FlowNode.failImmediately(FlowNode.java:101)
	at org.globus.cog.karajan.workflow.nodes.grid.GridExec.taskFailed(GridExec.java:379)
	at org.globus.cog.karajan.workflow.nodes.grid.AbstractGridNode.statusChanged(AbstractGridNode.java:268)
	at org.griphyn.vdl.karajan.lib.Execute.statusChanged(Execute.java:119)
	at org.globus.cog.karajan.scheduler.AbstractScheduler.fireJobStatusChangeEvent(AbstractScheduler.java:168)
	at org.globus.cog.karajan.scheduler.LateBindingScheduler.statusChanged(LateBindingScheduler.java:674)
	at org.globus.cog.karajan.scheduler.WeightedHostScoreScheduler.statusChanged(WeightedHostScoreScheduler.java:426)
	at org.griphyn.vdl.karajan.VDSAdaptiveScheduler.statusChanged(VDSAdaptiveScheduler.java:410)
	at org.globus.cog.abstraction.impl.common.task.TaskImpl.notifyListeners(TaskImpl.java:240)
	at org.globus.cog.abstraction.impl.common.task.TaskImpl.setStatus(TaskImpl.java:228)
	at org.globus.cog.abstraction.impl.execution.coaster.NotificationManager.setStatus(NotificationManager.java:111)
	at org.globus.cog.abstraction.impl.execution.coaster.NotificationManager.notificationReceived(NotificationManager.java:77)
	at org.globus.cog.abstraction.coaster.service.local.JobStatusHandler.requestComplete(JobStatusHandler.java:45)
	at org.globus.cog.karajan.workflow.service.handlers.RequestHandler.receiveCompleted(RequestHandler.java:87)
	at org.globus.cog.karajan.workflow.service.channels.AbstractKarajanChannel.handleRequest(AbstractKarajanChannel.java:481)
	at org.globus.cog.karajan.workflow.service.channels.AbstractStreamKarajanChannel.step(AbstractStreamKarajanChannel.java:180)
	at org.globus.cog.karajan.workflow.service.channels.AbstractStreamKarajanChannel$Multiplexer.run(AbstractStreamKarajanChannel.java:404)
Caused by: org.globus.cog.abstraction.impl.common.execution.JobException: Job failed with an exit code of 127
	at org.globus.cog.abstraction.coaster.service.local.JobStatusHandler.requestComplete(JobStatusHandler.java:37)
	... 4 more
2012-05-12 19:28:28,059-0500 INFO  Loader Swift finished with errors
2012-05-12 19:33:25,884-0500 DEBUG Loader arguments: [-sites.file, sites.xml, -tc.file, tc.data, /home/jchu542/swift-0.93/cog/modules/swift/examples/tutorial/hello.swift, -logfile, /home/jchu542/logs/051219/hello-051219.log]
2012-05-12 19:33:25,885-0500 DEBUG Loader Max heap: 259522560
2012-05-12 19:33:25,889-0500 DEBUG textfiles BEGIN SWIFTSCRIPT:
type messagefile;

app (messagefile t) greeting() { 
    echo "Hello, world!" stdout=@filename(t);
}

messagefile outfile <"hello.txt">;

outfile = greeting();



2012-05-12 19:33:25,890-0500 DEBUG textfiles END SWIFTSCRIPT:
2012-05-12 19:33:25,891-0500 DEBUG Loader kmlversion is >82b956df-d74c-4fb4-a78d-cd83ec621b15<
2012-05-12 19:33:25,892-0500 DEBUG Loader build version is >82b956df-d74c-4fb4-a78d-cd83ec621b15<
2012-05-12 19:33:25,892-0500 DEBUG Loader Recompilation suppressed.
2012-05-12 19:33:26,608-0500 DEBUG Loader setting: sites.file to: sites.xml
2012-05-12 19:33:26,609-0500 DEBUG Loader setting: tc.file to: tc.data
2012-05-12 19:33:26,631-0500 DEBUG textfiles BEGIN SITES:
<config>
  <pool handle="persistent-coasters">
    <execution provider="coaster-persistent"
               url="http://login.ci.uchicago.edu:12000"
               jobmanager=""/>
    <profile namespace="globus" key="workerManager">passive</profile>
    <profile namespace="globus" key="jobsPerNode">2</profile>
    <profile key="jobThrottle" namespace="karajan">0.059</profile>
    <profile namespace="karajan" key="initialScore">10000</profile>
    <filesystem provider="local" url="none" />
    <workdirectory>/home/jchu542/swift_dir/swiftwork</workdirectory>
   
  </pool>
</config>


2012-05-12 19:33:26,631-0500 DEBUG textfiles END SITES:
2012-05-12 19:33:26,651-0500 INFO  VDL2ExecutionContext Stack dump:
Level 1
[iA = 0, iB = 0, bA = false, bB = false]
	vdl:instanceconfig = Swift configuration []
	vdl:operation = run
	swift.home = /home/jchu542/swift-0.93/cog/modules/swift/dist/swift-svn/bin/..
	PATH_SEPARATOR = /


2012-05-12 19:33:28,789-0500 INFO  unknown Using sites file: sites.xml
2012-05-12 19:33:28,919-0500 INFO  unknown Using tc.data: tc.data
2012-05-12 19:33:29,153-0500 INFO  AbstractScheduler Setting resources to: {persistent-coasters=persistent-coasters}
2012-05-12 19:33:30,275-0500 INFO  unknown Swift 0.93 swift-r5783 cog-r3400

2012-05-12 19:33:30,277-0500 INFO  unknown RUNID id=run:20120512-1933-t5525a51
2012-05-12 19:33:30,512-0500 DEBUG greeting PROCEDURE line=3 thread=0-1 name=greeting
2012-05-12 19:33:30,537-0500 INFO  vdl:execute START thread=0-1 tr=echo
2012-05-12 19:33:30,575-0500 INFO  WeightedHostScoreScheduler CONTACT_SELECTED host=persistent-coasters, score=99.854
2012-05-12 19:33:30,586-0500 INFO  GlobalSubmitQueue No global submit throttle set. Using default (1024)
2012-05-12 19:33:30,597-0500 INFO  LateBindingScheduler JobQueue: 0
2012-05-12 19:33:30,629-0500 INFO  LateBindingScheduler JobQueue: 0
2012-05-12 19:33:30,654-0500 INFO  vdl:initshareddir START host=persistent-coasters - Initializing shared directory
2012-05-12 19:33:30,663-0500 INFO  LateBindingScheduler JobQueue: 0
2012-05-12 19:33:30,722-0500 INFO  LateBindingScheduler JobQueue: 0
2012-05-12 19:33:30,767-0500 INFO  LateBindingScheduler JobQueue: 0
2012-05-12 19:33:30,778-0500 INFO  LateBindingScheduler JobQueue: 0
2012-05-12 19:33:30,794-0500 INFO  LateBindingScheduler JobQueue: 0
2012-05-12 19:33:30,808-0500 INFO  LateBindingScheduler JobQueue: 0
2012-05-12 19:33:30,813-0500 INFO  vdl:initshareddir END host=persistent-coasters - Done initializing shared directory
2012-05-12 19:33:30,823-0500 DEBUG vdl:execute2 THREAD_ASSOCIATION jobid=echo-prvxj8rk thread=0-1-1 host=persistent-coasters replicationGroup=orvxj8rk
2012-05-12 19:33:30,835-0500 INFO  vdl:createdirset START jobid=echo-prvxj8rk host=persistent-coasters - Initializing directory structure
2012-05-12 19:33:30,835-0500 INFO  vdl:createdirset END jobid=echo-prvxj8rk - Done initializing directory structure
2012-05-12 19:33:30,836-0500 INFO  vdl:dostagein START jobid=echo-prvxj8rk - Staging in files
2012-05-12 19:33:30,842-0500 INFO  vdl:dostagein END jobid=echo-prvxj8rk - Staging in finished
2012-05-12 19:33:30,844-0500 DEBUG vdl:execute2 JOB_START jobid=echo-prvxj8rk tr=echo arguments=[Hello, world!] tmpdir=hello-20120512-1933-t5525a51/jobs/p/echo-prvxj8rk host=persistent-coasters
2012-05-12 19:33:30,847-0500 DEBUG textfiles BEGIN TC:
persistent-coasters echo /bin/echo null null null
persistent-coasters wc /usr/bin/wc null null null



2012-05-12 19:33:30,847-0500 DEBUG textfiles END TC:
2012-05-12 19:33:30,868-0500 INFO  GridExec TASK_DEFINITION: Task(type=JOB_SUBMISSION, identity=urn:0-1-1-1336869208828) is /bin/bash shared/_swiftwrap echo-prvxj8rk -jobdir p -scratch  -e /bin/echo -out hello.txt -err stderr.txt -i -d  -if  -of hello.txt -k  -cdmfile  -status files -a Hello, world!
2012-05-12 19:33:30,970-0500 WARN  RemoteConfiguration Find: http://login.ci.uchicago.edu:12000
2012-05-12 19:33:30,970-0500 WARN  RemoteConfiguration Find:  keepalive(120), reconnect - http://login.ci.uchicago.edu:12000
2012-05-12 19:33:30,985-0500 INFO  AbstractKarajanChannel MetaChannel: 1951233716[162291475: {}] -> null: Disabling heartbeats (disabled in config)
2012-05-12 19:33:31,060-0500 INFO  AbstractStreamKarajanChannel$Multiplexer Multiplexer 0 started
2012-05-12 19:33:31,064-0500 INFO  AbstractStreamKarajanChannel$Multiplexer (0) Scheduling SC-null for addition
2012-05-12 19:33:31,066-0500 INFO  AbstractStreamKarajanChannel nullChannel started
2012-05-12 19:33:31,065-0500 INFO  AbstractStreamKarajanChannel$Multiplexer Multiplexer 1 started
2012-05-12 19:33:31,130-0500 INFO  ChannelConfigurationCommand Got reply
2012-05-12 19:33:31,130-0500 INFO  AbstractStreamKarajanChannel Channel configured
2012-05-12 19:33:31,130-0500 INFO  MetaChannel MetaChannel: 1951233716[162291475: {}] -> null.bind -> SC-null
2012-05-12 19:33:31,714-0500 INFO  LateBindingScheduler JobQueue: 0
2012-05-12 19:33:31,718-0500 INFO  vdl:checkerrorfile NO_STATUS_FILE jobid=echo-prvxj8rk - Error file missing
2012-05-12 19:33:31,731-0500 DEBUG vdl:execute2 APPLICATION_EXCEPTION jobid=echo-prvxj8rk - Application exception: null
Caused by: org.globus.cog.abstraction.impl.common.execution.JobException: Job failed with an exit code of 127
2012-05-12 19:33:31,878-0500 WARN  vdl:transferwrapperlog Failed to transfer wrapper log for job echo-prvxj8rk
2012-05-12 19:33:31,879-0500 DEBUG vdl:transferwrapperlog Exception for wrapper log failure from hello-20120512-1933-t5525a51/info/p on persistent-coasters: null
Caused by: org.globus.cog.abstraction.impl.file.FileNotFoundException: File not found: /home/jchu542/swift_dir/swiftwork/hello-20120512-1933-t5525a51/info/p/echo-prvxj8rk-info
2012-05-12 19:33:31,961-0500 INFO  WeightedHostScoreScheduler CONTACT_SELECTED host=persistent-coasters, score=99.853
2012-05-12 19:33:31,983-0500 DEBUG vdl:execute2 THREAD_ASSOCIATION jobid=echo-rrvxj8rk thread=0-1-1 host=persistent-coasters replicationGroup=qrvxj8rk
2012-05-12 19:33:31,986-0500 INFO  vdl:createdirset START jobid=echo-rrvxj8rk host=persistent-coasters - Initializing directory structure
2012-05-12 19:33:31,986-0500 INFO  vdl:createdirset END jobid=echo-rrvxj8rk - Done initializing directory structure
2012-05-12 19:33:31,987-0500 INFO  vdl:dostagein START jobid=echo-rrvxj8rk - Staging in files
2012-05-12 19:33:31,987-0500 INFO  vdl:dostagein END jobid=echo-rrvxj8rk - Staging in finished
2012-05-12 19:33:31,988-0500 DEBUG vdl:execute2 JOB_START jobid=echo-rrvxj8rk tr=echo arguments=[Hello, world!] tmpdir=hello-20120512-1933-t5525a51/jobs/r/echo-rrvxj8rk host=persistent-coasters
2012-05-12 19:33:31,991-0500 INFO  GridExec TASK_DEFINITION: Task(type=JOB_SUBMISSION, identity=urn:0-1-1-1336869208848) is /bin/bash shared/_swiftwrap echo-rrvxj8rk -jobdir r -scratch  -e /bin/echo -out hello.txt -err stderr.txt -i -d  -if  -of hello.txt -k  -cdmfile  -status files -a Hello, world!
2012-05-12 19:33:32,317-0500 INFO  LateBindingScheduler JobQueue: 0
2012-05-12 19:33:32,321-0500 INFO  vdl:checkerrorfile NO_STATUS_FILE jobid=echo-rrvxj8rk - Error file missing
2012-05-12 19:33:32,331-0500 DEBUG vdl:execute2 APPLICATION_EXCEPTION jobid=echo-rrvxj8rk - Application exception: null
Caused by: org.globus.cog.abstraction.impl.common.execution.JobException: Job failed with an exit code of 127
2012-05-12 19:33:32,388-0500 WARN  vdl:transferwrapperlog Failed to transfer wrapper log for job echo-rrvxj8rk
2012-05-12 19:33:32,389-0500 DEBUG vdl:transferwrapperlog Exception for wrapper log failure from hello-20120512-1933-t5525a51/info/r on persistent-coasters: null
Caused by: org.globus.cog.abstraction.impl.file.FileNotFoundException: File not found: /home/jchu542/swift_dir/swiftwork/hello-20120512-1933-t5525a51/info/r/echo-rrvxj8rk-info
2012-05-12 19:33:32,394-0500 INFO  WeightedHostScoreScheduler CONTACT_SELECTED host=persistent-coasters, score=99.853
2012-05-12 19:33:32,405-0500 DEBUG vdl:execute2 THREAD_ASSOCIATION jobid=echo-trvxj8rk thread=0-1-1 host=persistent-coasters replicationGroup=srvxj8rk
2012-05-12 19:33:32,407-0500 INFO  vdl:createdirset START jobid=echo-trvxj8rk host=persistent-coasters - Initializing directory structure
2012-05-12 19:33:32,408-0500 INFO  vdl:createdirset END jobid=echo-trvxj8rk - Done initializing directory structure
2012-05-12 19:33:32,408-0500 INFO  vdl:dostagein START jobid=echo-trvxj8rk - Staging in files
2012-05-12 19:33:32,409-0500 INFO  vdl:dostagein END jobid=echo-trvxj8rk - Staging in finished
2012-05-12 19:33:32,409-0500 DEBUG vdl:execute2 JOB_START jobid=echo-trvxj8rk tr=echo arguments=[Hello, world!] tmpdir=hello-20120512-1933-t5525a51/jobs/t/echo-trvxj8rk host=persistent-coasters
2012-05-12 19:33:32,412-0500 INFO  GridExec TASK_DEFINITION: Task(type=JOB_SUBMISSION, identity=urn:0-1-1-1336869208868) is /bin/bash shared/_swiftwrap echo-trvxj8rk -jobdir t -scratch  -e /bin/echo -out hello.txt -err stderr.txt -i -d  -if  -of hello.txt -k  -cdmfile  -status files -a Hello, world!
2012-05-12 19:33:32,610-0500 INFO  LateBindingScheduler JobQueue: 0
2012-05-12 19:33:32,612-0500 INFO  vdl:checkerrorfile NO_STATUS_FILE jobid=echo-trvxj8rk - Error file missing
2012-05-12 19:33:32,616-0500 DEBUG vdl:execute2 APPLICATION_EXCEPTION jobid=echo-trvxj8rk - Application exception: null
Caused by: org.globus.cog.abstraction.impl.common.execution.JobException: Job failed with an exit code of 127
2012-05-12 19:33:32,667-0500 WARN  vdl:transferwrapperlog Failed to transfer wrapper log for job echo-trvxj8rk
2012-05-12 19:33:32,668-0500 DEBUG vdl:transferwrapperlog Exception for wrapper log failure from hello-20120512-1933-t5525a51/info/t on persistent-coasters: null
Caused by: org.globus.cog.abstraction.impl.file.FileNotFoundException: File not found: /home/jchu542/swift_dir/swiftwork/hello-20120512-1933-t5525a51/info/t/echo-trvxj8rk-info
2012-05-12 19:33:32,676-0500 INFO  vdl:execute END_FAILURE thread=0-1 tr=echo
2012-05-12 19:33:32,689-0500 DEBUG VDL2ExecutionContext Exception in echo:
Arguments: [Hello, world!]
Host: persistent-coasters
Directory: hello-20120512-1933-t5525a51/jobs/t/echo-trvxj8rk
stderr.txt: 

stdout.txt: 

----

Exception in echo:
Arguments: [Hello, world!]
Host: persistent-coasters
Directory: hello-20120512-1933-t5525a51/jobs/t/echo-trvxj8rk
stderr.txt: 

stdout.txt: 

----

Caused by: null
Caused by: org.globus.cog.abstraction.impl.common.execution.JobException: Job failed with an exit code of 127
	at org.globus.cog.karajan.workflow.nodes.functions.KException.function(KException.java:29)
	at org.globus.cog.karajan.workflow.nodes.functions.AbstractFunction.post(AbstractFunction.java:27)
	at org.globus.cog.karajan.workflow.nodes.AbstractSequentialWithArguments.completed(AbstractSequentialWithArguments.java:194)
	at org.globus.cog.karajan.workflow.nodes.FlowNode.complete(FlowNode.java:214)
	at org.globus.cog.karajan.workflow.nodes.FlowContainer.post(FlowContainer.java:58)
	at org.globus.cog.karajan.workflow.nodes.functions.AbstractFunction.post(AbstractFunction.java:28)
	at org.globus.cog.karajan.workflow.nodes.Sequential.startNext(Sequential.java:29)
	at org.globus.cog.karajan.workflow.nodes.Sequential.executeChildren(Sequential.java:20)
	at org.globus.cog.karajan.workflow.nodes.FlowContainer.execute(FlowContainer.java:63)
	at org.globus.cog.karajan.workflow.nodes.FlowNode.restart(FlowNode.java:139)
	at org.globus.cog.karajan.workflow.nodes.FlowNode.start(FlowNode.java:197)
	at org.globus.cog.karajan.workflow.events.EventBus.start(EventBus.java:104)
	at org.globus.cog.karajan.workflow.events.EventTargetPair.run(EventTargetPair.java:40)
	at java.util.concurrent.Executors$RunnableAdapter.call(Executors.java:441)
	at java.util.concurrent.FutureTask$Sync.innerRun(FutureTask.java:303)
	at java.util.concurrent.FutureTask.run(FutureTask.java:138)
	at java.util.concurrent.ThreadPoolExecutor$Worker.runTask(ThreadPoolExecutor.java:886)
	at java.util.concurrent.ThreadPoolExecutor$Worker.run(ThreadPoolExecutor.java:908)
	at java.lang.Thread.run(Thread.java:662)
Caused by: null
Caused by: org.globus.cog.abstraction.impl.common.execution.JobException: Job failed with an exit code of 127
	at org.globus.cog.karajan.workflow.nodes.FlowNode.failImmediately(FlowNode.java:101)
	at org.globus.cog.karajan.workflow.nodes.grid.GridExec.taskFailed(GridExec.java:379)
	at org.globus.cog.karajan.workflow.nodes.grid.AbstractGridNode.statusChanged(AbstractGridNode.java:268)
	at org.griphyn.vdl.karajan.lib.Execute.statusChanged(Execute.java:119)
	at org.globus.cog.karajan.scheduler.AbstractScheduler.fireJobStatusChangeEvent(AbstractScheduler.java:168)
	at org.globus.cog.karajan.scheduler.LateBindingScheduler.statusChanged(LateBindingScheduler.java:674)
	at org.globus.cog.karajan.scheduler.WeightedHostScoreScheduler.statusChanged(WeightedHostScoreScheduler.java:426)
	at org.griphyn.vdl.karajan.VDSAdaptiveScheduler.statusChanged(VDSAdaptiveScheduler.java:410)
	at org.globus.cog.abstraction.impl.common.task.TaskImpl.notifyListeners(TaskImpl.java:240)
	at org.globus.cog.abstraction.impl.common.task.TaskImpl.setStatus(TaskImpl.java:228)
	at org.globus.cog.abstraction.impl.execution.coaster.NotificationManager.setStatus(NotificationManager.java:111)
	at org.globus.cog.abstraction.impl.execution.coaster.NotificationManager.notificationReceived(NotificationManager.java:77)
	at org.globus.cog.abstraction.coaster.service.local.JobStatusHandler.requestComplete(JobStatusHandler.java:45)
	at org.globus.cog.karajan.workflow.service.handlers.RequestHandler.receiveCompleted(RequestHandler.java:87)
	at org.globus.cog.karajan.workflow.service.channels.AbstractKarajanChannel.handleRequest(AbstractKarajanChannel.java:481)
	at org.globus.cog.karajan.workflow.service.channels.AbstractStreamKarajanChannel.step(AbstractStreamKarajanChannel.java:180)
	at org.globus.cog.karajan.workflow.service.channels.AbstractStreamKarajanChannel$Multiplexer.run(AbstractStreamKarajanChannel.java:404)
Caused by: org.globus.cog.abstraction.impl.common.execution.JobException: Job failed with an exit code of 127
	at org.globus.cog.abstraction.coaster.service.local.JobStatusHandler.requestComplete(JobStatusHandler.java:37)
	... 4 more
2012-05-12 19:33:33,873-0500 INFO  ExecutionContext Detailed exception: 
Exception in echo:
Arguments: [Hello, world!]
Host: persistent-coasters
Directory: hello-20120512-1933-t5525a51/jobs/t/echo-trvxj8rk
stderr.txt: 

stdout.txt: 

----

Caused by: null
Caused by: org.globus.cog.abstraction.impl.common.execution.JobException: Job failed with an exit code of 127
	at org.globus.cog.karajan.workflow.nodes.functions.KException.function(KException.java:29)
	at org.globus.cog.karajan.workflow.nodes.functions.AbstractFunction.post(AbstractFunction.java:27)
	at org.globus.cog.karajan.workflow.nodes.AbstractSequentialWithArguments.completed(AbstractSequentialWithArguments.java:194)
	at org.globus.cog.karajan.workflow.nodes.FlowNode.complete(FlowNode.java:214)
	at org.globus.cog.karajan.workflow.nodes.FlowContainer.post(FlowContainer.java:58)
	at org.globus.cog.karajan.workflow.nodes.functions.AbstractFunction.post(AbstractFunction.java:28)
	at org.globus.cog.karajan.workflow.nodes.Sequential.startNext(Sequential.java:29)
	at org.globus.cog.karajan.workflow.nodes.Sequential.executeChildren(Sequential.java:20)
	at org.globus.cog.karajan.workflow.nodes.FlowContainer.execute(FlowContainer.java:63)
	at org.globus.cog.karajan.workflow.nodes.FlowNode.restart(FlowNode.java:139)
	at org.globus.cog.karajan.workflow.nodes.FlowNode.start(FlowNode.java:197)
	at org.globus.cog.karajan.workflow.events.EventBus.start(EventBus.java:104)
	at org.globus.cog.karajan.workflow.events.EventTargetPair.run(EventTargetPair.java:40)
	at java.util.concurrent.Executors$RunnableAdapter.call(Executors.java:441)
	at java.util.concurrent.FutureTask$Sync.innerRun(FutureTask.java:303)
	at java.util.concurrent.FutureTask.run(FutureTask.java:138)
	at java.util.concurrent.ThreadPoolExecutor$Worker.runTask(ThreadPoolExecutor.java:886)
	at java.util.concurrent.ThreadPoolExecutor$Worker.run(ThreadPoolExecutor.java:908)
	at java.lang.Thread.run(Thread.java:662)
Caused by: null
Caused by: org.globus.cog.abstraction.impl.common.execution.JobException: Job failed with an exit code of 127
	at org.globus.cog.karajan.workflow.nodes.FlowNode.failImmediately(FlowNode.java:101)
	at org.globus.cog.karajan.workflow.nodes.grid.GridExec.taskFailed(GridExec.java:379)
	at org.globus.cog.karajan.workflow.nodes.grid.AbstractGridNode.statusChanged(AbstractGridNode.java:268)
	at org.griphyn.vdl.karajan.lib.Execute.statusChanged(Execute.java:119)
	at org.globus.cog.karajan.scheduler.AbstractScheduler.fireJobStatusChangeEvent(AbstractScheduler.java:168)
	at org.globus.cog.karajan.scheduler.LateBindingScheduler.statusChanged(LateBindingScheduler.java:674)
	at org.globus.cog.karajan.scheduler.WeightedHostScoreScheduler.statusChanged(WeightedHostScoreScheduler.java:426)
	at org.griphyn.vdl.karajan.VDSAdaptiveScheduler.statusChanged(VDSAdaptiveScheduler.java:410)
	at org.globus.cog.abstraction.impl.common.task.TaskImpl.notifyListeners(TaskImpl.java:240)
	at org.globus.cog.abstraction.impl.common.task.TaskImpl.setStatus(TaskImpl.java:228)
	at org.globus.cog.abstraction.impl.execution.coaster.NotificationManager.setStatus(NotificationManager.java:111)
	at org.globus.cog.abstraction.impl.execution.coaster.NotificationManager.notificationReceived(NotificationManager.java:77)
	at org.globus.cog.abstraction.coaster.service.local.JobStatusHandler.requestComplete(JobStatusHandler.java:45)
	at org.globus.cog.karajan.workflow.service.handlers.RequestHandler.receiveCompleted(RequestHandler.java:87)
	at org.globus.cog.karajan.workflow.service.channels.AbstractKarajanChannel.handleRequest(AbstractKarajanChannel.java:481)
	at org.globus.cog.karajan.workflow.service.channels.AbstractStreamKarajanChannel.step(AbstractStreamKarajanChannel.java:180)
	at org.globus.cog.karajan.workflow.service.channels.AbstractStreamKarajanChannel$Multiplexer.run(AbstractStreamKarajanChannel.java:404)
Caused by: org.globus.cog.abstraction.impl.common.execution.JobException: Job failed with an exit code of 127
	at org.globus.cog.abstraction.coaster.service.local.JobStatusHandler.requestComplete(JobStatusHandler.java:37)
	... 4 more
2012-05-12 19:33:33,874-0500 INFO  Loader Swift finished with errors
2012-05-12 19:36:00,789-0500 DEBUG Loader arguments: [-sites.file, sites.xml, -tc.file, tc.data, /home/jchu542/swift-0.93/cog/modules/swift/examples/tutorial/hello.swift, -logfile, /home/jchu542/logs/051219/hello-051219.log]
2012-05-12 19:36:00,790-0500 DEBUG Loader Max heap: 259522560
2012-05-12 19:36:00,794-0500 DEBUG textfiles BEGIN SWIFTSCRIPT:
type messagefile;

app (messagefile t) greeting() { 
    echo "Hello, world!" stdout=@filename(t);
}

messagefile outfile <"hello.txt">;

outfile = greeting();



2012-05-12 19:36:00,794-0500 DEBUG textfiles END SWIFTSCRIPT:
2012-05-12 19:36:00,796-0500 DEBUG Loader kmlversion is >82b956df-d74c-4fb4-a78d-cd83ec621b15<
2012-05-12 19:36:00,796-0500 DEBUG Loader build version is >82b956df-d74c-4fb4-a78d-cd83ec621b15<
2012-05-12 19:36:00,797-0500 DEBUG Loader Recompilation suppressed.
2012-05-12 19:36:01,538-0500 DEBUG Loader setting: sites.file to: sites.xml
2012-05-12 19:36:01,538-0500 DEBUG Loader setting: tc.file to: tc.data
2012-05-12 19:36:01,558-0500 DEBUG textfiles BEGIN SITES:
<config>
  <pool handle="persistent-coasters">
    <execution provider="coaster-persistent"
               url="http://login.ci.uchicago.edu:12000"
               jobmanager=""/>
    <profile namespace="globus" key="workerManager">passive</profile>
    <profile namespace="globus" key="jobsPerNode">2</profile>
    <profile key="jobThrottle" namespace="karajan">0.059</profile>
    <profile namespace="karajan" key="initialScore">10000</profile>
    <filesystem provider="local" url="none" />
    <workdirectory>/home/jchu542/swift_dir/swiftwork</workdirectory>
   
  </pool>
</config>


2012-05-12 19:36:01,558-0500 DEBUG textfiles END SITES:
2012-05-12 19:36:01,578-0500 INFO  VDL2ExecutionContext Stack dump:
Level 1
[iA = 0, iB = 0, bA = false, bB = false]
	vdl:instanceconfig = Swift configuration []
	vdl:operation = run
	swift.home = /home/jchu542/swift-0.93/cog/modules/swift/dist/swift-svn/bin/..
	PATH_SEPARATOR = /


2012-05-12 19:36:03,700-0500 INFO  unknown Using sites file: sites.xml
2012-05-12 19:36:03,828-0500 INFO  unknown Using tc.data: tc.data
2012-05-12 19:36:04,055-0500 INFO  AbstractScheduler Setting resources to: {persistent-coasters=persistent-coasters}
2012-05-12 19:36:05,148-0500 INFO  unknown Swift 0.93 swift-r5783 cog-r3400

2012-05-12 19:36:05,150-0500 INFO  unknown RUNID id=run:20120512-1936-7tyji5f8
2012-05-12 19:36:05,386-0500 DEBUG greeting PROCEDURE line=3 thread=0-1 name=greeting
2012-05-12 19:36:05,410-0500 INFO  vdl:execute START thread=0-1 tr=echo
2012-05-12 19:36:05,600-0500 INFO  vdl:execute END_FAILURE thread=0-1 tr=echo
2012-05-12 19:36:05,622-0500 DEBUG VDL2ExecutionContext The application "echo" is not available in the given site/pool in your tc.data catalog 
The application "echo" is not available in the given site/pool in your tc.data catalog 
Caused by: org.globus.cog.karajan.scheduler.NoSuchResourceException
	at org.globus.cog.karajan.workflow.nodes.FlowNode.failImmediately(FlowNode.java:105)
	at org.globus.cog.karajan.workflow.nodes.grid.AllocateHost.processStatusChange(AllocateHost.java:111)
	at org.globus.cog.karajan.workflow.nodes.grid.AllocateHost$StatusChangeHandler.run(AllocateHost.java:88)
	at java.util.concurrent.Executors$RunnableAdapter.call(Executors.java:441)
	at java.util.concurrent.FutureTask$Sync.innerRun(FutureTask.java:303)
	at java.util.concurrent.FutureTask.run(FutureTask.java:138)
	at java.util.concurrent.ThreadPoolExecutor$Worker.runTask(ThreadPoolExecutor.java:886)
	at java.util.concurrent.ThreadPoolExecutor$Worker.run(ThreadPoolExecutor.java:908)
	at java.lang.Thread.run(Thread.java:662)
Caused by: org.globus.cog.karajan.scheduler.NoSuchResourceException
2012-05-12 19:36:05,671-0500 INFO  ExecutionContext Detailed exception: 
The application "echo" is not available in the given site/pool in your tc.data catalog 
Caused by: org.globus.cog.karajan.scheduler.NoSuchResourceException
	at org.globus.cog.karajan.workflow.nodes.FlowNode.failImmediately(FlowNode.java:105)
	at org.globus.cog.karajan.workflow.nodes.grid.AllocateHost.processStatusChange(AllocateHost.java:111)
	at org.globus.cog.karajan.workflow.nodes.grid.AllocateHost$StatusChangeHandler.run(AllocateHost.java:88)
	at java.util.concurrent.Executors$RunnableAdapter.call(Executors.java:441)
	at java.util.concurrent.FutureTask$Sync.innerRun(FutureTask.java:303)
	at java.util.concurrent.FutureTask.run(FutureTask.java:138)
	at java.util.concurrent.ThreadPoolExecutor$Worker.runTask(ThreadPoolExecutor.java:886)
	at java.util.concurrent.ThreadPoolExecutor$Worker.run(ThreadPoolExecutor.java:908)
	at java.lang.Thread.run(Thread.java:662)
Caused by: org.globus.cog.karajan.scheduler.NoSuchResourceException
2012-05-12 19:36:05,671-0500 INFO  Loader Swift finished with errors
2012-05-12 19:39:17,477-0500 DEBUG Loader arguments: [-sites.file, sites.xml, -tc.file, tc.data, /home/jchu542/swift-0.93/cog/modules/swift/examples/tutorial/hello.swift, -logfile, /home/jchu542/logs/051219/hello-051219.log]
2012-05-12 19:39:17,477-0500 DEBUG Loader Max heap: 259522560
2012-05-12 19:39:17,481-0500 DEBUG textfiles BEGIN SWIFTSCRIPT:
type messagefile;

app (messagefile t) greeting() { 
    echo "Hello, world!" stdout=@filename(t);
}

messagefile outfile <"hello.txt">;

outfile = greeting();



2012-05-12 19:39:17,482-0500 DEBUG textfiles END SWIFTSCRIPT:
2012-05-12 19:39:17,483-0500 DEBUG Loader kmlversion is >82b956df-d74c-4fb4-a78d-cd83ec621b15<
2012-05-12 19:39:17,484-0500 DEBUG Loader build version is >82b956df-d74c-4fb4-a78d-cd83ec621b15<
2012-05-12 19:39:17,484-0500 DEBUG Loader Recompilation suppressed.
2012-05-12 19:39:18,184-0500 DEBUG Loader setting: sites.file to: sites.xml
2012-05-12 19:39:18,185-0500 DEBUG Loader setting: tc.file to: tc.data
2012-05-12 19:39:18,205-0500 DEBUG textfiles BEGIN SITES:
<config>
  <pool handle="persistent-coasters">
    <execution provider="coaster-persistent"
               url="http://localhost:12000"
               jobmanager=""/>
    <profile namespace="globus" key="workerManager">passive</profile>
    <profile namespace="globus" key="jobsPerNode">2</profile>
    <profile key="jobThrottle" namespace="karajan">0.059</profile>
    <profile namespace="karajan" key="initialScore">10000</profile>
    <filesystem provider="local" url="none" />
    <workdirectory>/home/jchu542/swift_dir/swiftwork</workdirectory>
   
  </pool>
</config>


2012-05-12 19:39:18,206-0500 DEBUG textfiles END SITES:
2012-05-12 19:39:18,226-0500 INFO  VDL2ExecutionContext Stack dump:
Level 1
[iA = 0, iB = 0, bA = false, bB = false]
	vdl:instanceconfig = Swift configuration []
	vdl:operation = run
	swift.home = /home/jchu542/swift-0.93/cog/modules/swift/dist/swift-svn/bin/..
	PATH_SEPARATOR = /


2012-05-12 19:39:20,350-0500 INFO  unknown Using sites file: sites.xml
2012-05-12 19:39:20,476-0500 INFO  unknown Using tc.data: tc.data
2012-05-12 19:39:20,698-0500 INFO  AbstractScheduler Setting resources to: {persistent-coasters=persistent-coasters}
2012-05-12 19:39:21,802-0500 INFO  unknown Swift 0.93 swift-r5783 cog-r3400

2012-05-12 19:39:21,804-0500 INFO  unknown RUNID id=run:20120512-1939-rakfsnxe
2012-05-12 19:39:22,068-0500 DEBUG greeting PROCEDURE line=3 thread=0-1 name=greeting
2012-05-12 19:39:22,093-0500 INFO  vdl:execute START thread=0-1 tr=echo
2012-05-12 19:39:22,142-0500 INFO  WeightedHostScoreScheduler CONTACT_SELECTED host=persistent-coasters, score=99.854
2012-05-12 19:39:22,158-0500 INFO  GlobalSubmitQueue No global submit throttle set. Using default (1024)
2012-05-12 19:39:22,169-0500 INFO  LateBindingScheduler JobQueue: 0
2012-05-12 19:39:22,197-0500 INFO  LateBindingScheduler JobQueue: 0
2012-05-12 19:39:22,221-0500 INFO  vdl:initshareddir START host=persistent-coasters - Initializing shared directory
2012-05-12 19:39:22,230-0500 INFO  LateBindingScheduler JobQueue: 0
2012-05-12 19:39:22,283-0500 INFO  LateBindingScheduler JobQueue: 0
2012-05-12 19:39:22,310-0500 INFO  LateBindingScheduler JobQueue: 0
2012-05-12 19:39:22,318-0500 INFO  LateBindingScheduler JobQueue: 0
2012-05-12 19:39:22,329-0500 INFO  LateBindingScheduler JobQueue: 0
2012-05-12 19:39:22,342-0500 INFO  LateBindingScheduler JobQueue: 0
2012-05-12 19:39:22,345-0500 INFO  vdl:initshareddir END host=persistent-coasters - Done initializing shared directory
2012-05-12 19:39:22,352-0500 DEBUG vdl:execute2 THREAD_ASSOCIATION jobid=echo-qr36k8rk thread=0-1-1 host=persistent-coasters replicationGroup=pr36k8rk
2012-05-12 19:39:22,360-0500 INFO  vdl:createdirset START jobid=echo-qr36k8rk host=persistent-coasters - Initializing directory structure
2012-05-12 19:39:22,361-0500 INFO  vdl:createdirset END jobid=echo-qr36k8rk - Done initializing directory structure
2012-05-12 19:39:22,361-0500 INFO  vdl:dostagein START jobid=echo-qr36k8rk - Staging in files
2012-05-12 19:39:22,368-0500 INFO  vdl:dostagein END jobid=echo-qr36k8rk - Staging in finished
2012-05-12 19:39:22,369-0500 DEBUG vdl:execute2 JOB_START jobid=echo-qr36k8rk tr=echo arguments=[Hello, world!] tmpdir=hello-20120512-1939-rakfsnxe/jobs/q/echo-qr36k8rk host=persistent-coasters
2012-05-12 19:39:22,374-0500 DEBUG textfiles BEGIN TC:
persistent-coasters echo /bin/echo null null null
persistent-coasters wc /usr/bin/wc null null null
persistent-coasters ls /bin/ls null null null
persistent-coasters cat /bin/cat null null null


2012-05-12 19:39:22,374-0500 DEBUG textfiles END TC:
2012-05-12 19:39:22,396-0500 INFO  GridExec TASK_DEFINITION: Task(type=JOB_SUBMISSION, identity=urn:0-1-1-1336869560388) is /bin/bash shared/_swiftwrap echo-qr36k8rk -jobdir q -scratch  -e /bin/echo -out hello.txt -err stderr.txt -i -d  -if  -of hello.txt -k  -cdmfile  -status files -a Hello, world!
2012-05-12 19:39:22,498-0500 WARN  RemoteConfiguration Find: http://localhost:12000
2012-05-12 19:39:22,499-0500 WARN  RemoteConfiguration Find:  keepalive(120), reconnect - http://localhost:12000
2012-05-12 19:39:22,514-0500 INFO  AbstractKarajanChannel MetaChannel: 264587158[1625215216: {}] -> null: Disabling heartbeats (disabled in config)
2012-05-12 19:39:22,587-0500 INFO  AbstractStreamKarajanChannel$Multiplexer Multiplexer 0 started
2012-05-12 19:39:22,595-0500 INFO  AbstractStreamKarajanChannel$Multiplexer (0) Scheduling SC-null for addition
2012-05-12 19:39:22,597-0500 INFO  AbstractStreamKarajanChannel nullChannel started
2012-05-12 19:39:22,597-0500 INFO  AbstractStreamKarajanChannel$Multiplexer Multiplexer 1 started
2012-05-12 19:39:22,705-0500 INFO  ChannelConfigurationCommand Got reply
2012-05-12 19:39:22,706-0500 INFO  AbstractStreamKarajanChannel Channel configured
2012-05-12 19:39:22,706-0500 INFO  MetaChannel MetaChannel: 264587158[1625215216: {}] -> null.bind -> SC-null
2012-05-12 19:39:23,266-0500 INFO  LateBindingScheduler JobQueue: 0
2012-05-12 19:39:23,270-0500 INFO  vdl:checkerrorfile NO_STATUS_FILE jobid=echo-qr36k8rk - Error file missing
2012-05-12 19:39:23,282-0500 DEBUG vdl:execute2 APPLICATION_EXCEPTION jobid=echo-qr36k8rk - Application exception: null
Caused by: org.globus.cog.abstraction.impl.common.execution.JobException: Job failed with an exit code of 127
2012-05-12 19:39:23,429-0500 WARN  vdl:transferwrapperlog Failed to transfer wrapper log for job echo-qr36k8rk
2012-05-12 19:39:23,430-0500 DEBUG vdl:transferwrapperlog Exception for wrapper log failure from hello-20120512-1939-rakfsnxe/info/q on persistent-coasters: null
Caused by: org.globus.cog.abstraction.impl.file.FileNotFoundException: File not found: /home/jchu542/swift_dir/swiftwork/hello-20120512-1939-rakfsnxe/info/q/echo-qr36k8rk-info
2012-05-12 19:39:23,525-0500 INFO  WeightedHostScoreScheduler CONTACT_SELECTED host=persistent-coasters, score=99.853
2012-05-12 19:39:23,581-0500 DEBUG vdl:execute2 THREAD_ASSOCIATION jobid=echo-sr36k8rk thread=0-1-1 host=persistent-coasters replicationGroup=rr36k8rk
2012-05-12 19:39:23,630-0500 INFO  vdl:createdirset START jobid=echo-sr36k8rk host=persistent-coasters - Initializing directory structure
2012-05-12 19:39:23,631-0500 INFO  vdl:createdirset END jobid=echo-sr36k8rk - Done initializing directory structure
2012-05-12 19:39:23,631-0500 INFO  vdl:dostagein START jobid=echo-sr36k8rk - Staging in files
2012-05-12 19:39:23,632-0500 INFO  vdl:dostagein END jobid=echo-sr36k8rk - Staging in finished
2012-05-12 19:39:23,633-0500 DEBUG vdl:execute2 JOB_START jobid=echo-sr36k8rk tr=echo arguments=[Hello, world!] tmpdir=hello-20120512-1939-rakfsnxe/jobs/s/echo-sr36k8rk host=persistent-coasters
2012-05-12 19:39:23,636-0500 INFO  GridExec TASK_DEFINITION: Task(type=JOB_SUBMISSION, identity=urn:0-1-1-1336869560408) is /bin/bash shared/_swiftwrap echo-sr36k8rk -jobdir s -scratch  -e /bin/echo -out hello.txt -err stderr.txt -i -d  -if  -of hello.txt -k  -cdmfile  -status files -a Hello, world!
2012-05-12 19:39:23,858-0500 INFO  LateBindingScheduler JobQueue: 0
2012-05-12 19:39:23,861-0500 INFO  vdl:checkerrorfile NO_STATUS_FILE jobid=echo-sr36k8rk - Error file missing
2012-05-12 19:39:23,872-0500 DEBUG vdl:execute2 APPLICATION_EXCEPTION jobid=echo-sr36k8rk - Application exception: null
Caused by: org.globus.cog.abstraction.impl.common.execution.JobException: Job failed with an exit code of 127
2012-05-12 19:39:23,930-0500 WARN  vdl:transferwrapperlog Failed to transfer wrapper log for job echo-sr36k8rk
2012-05-12 19:39:23,930-0500 DEBUG vdl:transferwrapperlog Exception for wrapper log failure from hello-20120512-1939-rakfsnxe/info/s on persistent-coasters: null
Caused by: org.globus.cog.abstraction.impl.file.FileNotFoundException: File not found: /home/jchu542/swift_dir/swiftwork/hello-20120512-1939-rakfsnxe/info/s/echo-sr36k8rk-info
2012-05-12 19:39:23,936-0500 INFO  WeightedHostScoreScheduler CONTACT_SELECTED host=persistent-coasters, score=99.853
2012-05-12 19:39:23,947-0500 DEBUG vdl:execute2 THREAD_ASSOCIATION jobid=echo-ur36k8rk thread=0-1-1 host=persistent-coasters replicationGroup=tr36k8rk
2012-05-12 19:39:23,949-0500 INFO  vdl:createdirset START jobid=echo-ur36k8rk host=persistent-coasters - Initializing directory structure
2012-05-12 19:39:23,949-0500 INFO  vdl:createdirset END jobid=echo-ur36k8rk - Done initializing directory structure
2012-05-12 19:39:23,950-0500 INFO  vdl:dostagein START jobid=echo-ur36k8rk - Staging in files
2012-05-12 19:39:23,951-0500 INFO  vdl:dostagein END jobid=echo-ur36k8rk - Staging in finished
2012-05-12 19:39:23,951-0500 DEBUG vdl:execute2 JOB_START jobid=echo-ur36k8rk tr=echo arguments=[Hello, world!] tmpdir=hello-20120512-1939-rakfsnxe/jobs/u/echo-ur36k8rk host=persistent-coasters
2012-05-12 19:39:23,955-0500 INFO  GridExec TASK_DEFINITION: Task(type=JOB_SUBMISSION, identity=urn:0-1-1-1336869560428) is /bin/bash shared/_swiftwrap echo-ur36k8rk -jobdir u -scratch  -e /bin/echo -out hello.txt -err stderr.txt -i -d  -if  -of hello.txt -k  -cdmfile  -status files -a Hello, world!
2012-05-12 19:39:24,133-0500 INFO  LateBindingScheduler JobQueue: 0
2012-05-12 19:39:24,134-0500 INFO  vdl:checkerrorfile NO_STATUS_FILE jobid=echo-ur36k8rk - Error file missing
2012-05-12 19:39:24,138-0500 DEBUG vdl:execute2 APPLICATION_EXCEPTION jobid=echo-ur36k8rk - Application exception: null
Caused by: org.globus.cog.abstraction.impl.common.execution.JobException: Job failed with an exit code of 127
2012-05-12 19:39:24,189-0500 WARN  vdl:transferwrapperlog Failed to transfer wrapper log for job echo-ur36k8rk
2012-05-12 19:39:24,189-0500 DEBUG vdl:transferwrapperlog Exception for wrapper log failure from hello-20120512-1939-rakfsnxe/info/u on persistent-coasters: null
Caused by: org.globus.cog.abstraction.impl.file.FileNotFoundException: File not found: /home/jchu542/swift_dir/swiftwork/hello-20120512-1939-rakfsnxe/info/u/echo-ur36k8rk-info
2012-05-12 19:39:24,197-0500 INFO  vdl:execute END_FAILURE thread=0-1 tr=echo
2012-05-12 19:39:24,207-0500 DEBUG VDL2ExecutionContext Exception in echo:
Arguments: [Hello, world!]
Host: persistent-coasters
Directory: hello-20120512-1939-rakfsnxe/jobs/u/echo-ur36k8rk
stderr.txt: 

stdout.txt: 

----

Exception in echo:
Arguments: [Hello, world!]
Host: persistent-coasters
Directory: hello-20120512-1939-rakfsnxe/jobs/u/echo-ur36k8rk
stderr.txt: 

stdout.txt: 

----

Caused by: null
Caused by: org.globus.cog.abstraction.impl.common.execution.JobException: Job failed with an exit code of 127
	at org.globus.cog.karajan.workflow.nodes.functions.KException.function(KException.java:29)
	at org.globus.cog.karajan.workflow.nodes.functions.AbstractFunction.post(AbstractFunction.java:27)
	at org.globus.cog.karajan.workflow.nodes.AbstractSequentialWithArguments.completed(AbstractSequentialWithArguments.java:194)
	at org.globus.cog.karajan.workflow.nodes.FlowNode.complete(FlowNode.java:214)
	at org.globus.cog.karajan.workflow.nodes.FlowContainer.post(FlowContainer.java:58)
	at org.globus.cog.karajan.workflow.nodes.functions.AbstractFunction.post(AbstractFunction.java:28)
	at org.globus.cog.karajan.workflow.nodes.Sequential.startNext(Sequential.java:29)
	at org.globus.cog.karajan.workflow.nodes.Sequential.executeChildren(Sequential.java:20)
	at org.globus.cog.karajan.workflow.nodes.FlowContainer.execute(FlowContainer.java:63)
	at org.globus.cog.karajan.workflow.nodes.FlowNode.restart(FlowNode.java:139)
	at org.globus.cog.karajan.workflow.nodes.FlowNode.start(FlowNode.java:197)
	at org.globus.cog.karajan.workflow.events.EventBus.start(EventBus.java:104)
	at org.globus.cog.karajan.workflow.events.EventTargetPair.run(EventTargetPair.java:40)
	at java.util.concurrent.Executors$RunnableAdapter.call(Executors.java:441)
	at java.util.concurrent.FutureTask$Sync.innerRun(FutureTask.java:303)
	at java.util.concurrent.FutureTask.run(FutureTask.java:138)
	at java.util.concurrent.ThreadPoolExecutor$Worker.runTask(ThreadPoolExecutor.java:886)
	at java.util.concurrent.ThreadPoolExecutor$Worker.run(ThreadPoolExecutor.java:908)
	at java.lang.Thread.run(Thread.java:662)
Caused by: null
Caused by: org.globus.cog.abstraction.impl.common.execution.JobException: Job failed with an exit code of 127
	at org.globus.cog.karajan.workflow.nodes.FlowNode.failImmediately(FlowNode.java:101)
	at org.globus.cog.karajan.workflow.nodes.grid.GridExec.taskFailed(GridExec.java:379)
	at org.globus.cog.karajan.workflow.nodes.grid.AbstractGridNode.statusChanged(AbstractGridNode.java:268)
	at org.griphyn.vdl.karajan.lib.Execute.statusChanged(Execute.java:119)
	at org.globus.cog.karajan.scheduler.AbstractScheduler.fireJobStatusChangeEvent(AbstractScheduler.java:168)
	at org.globus.cog.karajan.scheduler.LateBindingScheduler.statusChanged(LateBindingScheduler.java:674)
	at org.globus.cog.karajan.scheduler.WeightedHostScoreScheduler.statusChanged(WeightedHostScoreScheduler.java:426)
	at org.griphyn.vdl.karajan.VDSAdaptiveScheduler.statusChanged(VDSAdaptiveScheduler.java:410)
	at org.globus.cog.abstraction.impl.common.task.TaskImpl.notifyListeners(TaskImpl.java:240)
	at org.globus.cog.abstraction.impl.common.task.TaskImpl.setStatus(TaskImpl.java:228)
	at org.globus.cog.abstraction.impl.execution.coaster.NotificationManager.setStatus(NotificationManager.java:111)
	at org.globus.cog.abstraction.impl.execution.coaster.NotificationManager.notificationReceived(NotificationManager.java:77)
	at org.globus.cog.abstraction.coaster.service.local.JobStatusHandler.requestComplete(JobStatusHandler.java:45)
	at org.globus.cog.karajan.workflow.service.handlers.RequestHandler.receiveCompleted(RequestHandler.java:87)
	at org.globus.cog.karajan.workflow.service.channels.AbstractKarajanChannel.handleRequest(AbstractKarajanChannel.java:481)
	at org.globus.cog.karajan.workflow.service.channels.AbstractStreamKarajanChannel.step(AbstractStreamKarajanChannel.java:180)
	at org.globus.cog.karajan.workflow.service.channels.AbstractStreamKarajanChannel$Multiplexer.run(AbstractStreamKarajanChannel.java:404)
Caused by: org.globus.cog.abstraction.impl.common.execution.JobException: Job failed with an exit code of 127
	at org.globus.cog.abstraction.coaster.service.local.JobStatusHandler.requestComplete(JobStatusHandler.java:37)
	... 4 more
2012-05-12 19:39:25,410-0500 INFO  ExecutionContext Detailed exception: 
Exception in echo:
Arguments: [Hello, world!]
Host: persistent-coasters
Directory: hello-20120512-1939-rakfsnxe/jobs/u/echo-ur36k8rk
stderr.txt: 

stdout.txt: 

----

Caused by: null
Caused by: org.globus.cog.abstraction.impl.common.execution.JobException: Job failed with an exit code of 127
	at org.globus.cog.karajan.workflow.nodes.functions.KException.function(KException.java:29)
	at org.globus.cog.karajan.workflow.nodes.functions.AbstractFunction.post(AbstractFunction.java:27)
	at org.globus.cog.karajan.workflow.nodes.AbstractSequentialWithArguments.completed(AbstractSequentialWithArguments.java:194)
	at org.globus.cog.karajan.workflow.nodes.FlowNode.complete(FlowNode.java:214)
	at org.globus.cog.karajan.workflow.nodes.FlowContainer.post(FlowContainer.java:58)
	at org.globus.cog.karajan.workflow.nodes.functions.AbstractFunction.post(AbstractFunction.java:28)
	at org.globus.cog.karajan.workflow.nodes.Sequential.startNext(Sequential.java:29)
	at org.globus.cog.karajan.workflow.nodes.Sequential.executeChildren(Sequential.java:20)
	at org.globus.cog.karajan.workflow.nodes.FlowContainer.execute(FlowContainer.java:63)
	at org.globus.cog.karajan.workflow.nodes.FlowNode.restart(FlowNode.java:139)
	at org.globus.cog.karajan.workflow.nodes.FlowNode.start(FlowNode.java:197)
	at org.globus.cog.karajan.workflow.events.EventBus.start(EventBus.java:104)
	at org.globus.cog.karajan.workflow.events.EventTargetPair.run(EventTargetPair.java:40)
	at java.util.concurrent.Executors$RunnableAdapter.call(Executors.java:441)
	at java.util.concurrent.FutureTask$Sync.innerRun(FutureTask.java:303)
	at java.util.concurrent.FutureTask.run(FutureTask.java:138)
	at java.util.concurrent.ThreadPoolExecutor$Worker.runTask(ThreadPoolExecutor.java:886)
	at java.util.concurrent.ThreadPoolExecutor$Worker.run(ThreadPoolExecutor.java:908)
	at java.lang.Thread.run(Thread.java:662)
Caused by: null
Caused by: org.globus.cog.abstraction.impl.common.execution.JobException: Job failed with an exit code of 127
	at org.globus.cog.karajan.workflow.nodes.FlowNode.failImmediately(FlowNode.java:101)
	at org.globus.cog.karajan.workflow.nodes.grid.GridExec.taskFailed(GridExec.java:379)
	at org.globus.cog.karajan.workflow.nodes.grid.AbstractGridNode.statusChanged(AbstractGridNode.java:268)
	at org.griphyn.vdl.karajan.lib.Execute.statusChanged(Execute.java:119)
	at org.globus.cog.karajan.scheduler.AbstractScheduler.fireJobStatusChangeEvent(AbstractScheduler.java:168)
	at org.globus.cog.karajan.scheduler.LateBindingScheduler.statusChanged(LateBindingScheduler.java:674)
	at org.globus.cog.karajan.scheduler.WeightedHostScoreScheduler.statusChanged(WeightedHostScoreScheduler.java:426)
	at org.griphyn.vdl.karajan.VDSAdaptiveScheduler.statusChanged(VDSAdaptiveScheduler.java:410)
	at org.globus.cog.abstraction.impl.common.task.TaskImpl.notifyListeners(TaskImpl.java:240)
	at org.globus.cog.abstraction.impl.common.task.TaskImpl.setStatus(TaskImpl.java:228)
	at org.globus.cog.abstraction.impl.execution.coaster.NotificationManager.setStatus(NotificationManager.java:111)
	at org.globus.cog.abstraction.impl.execution.coaster.NotificationManager.notificationReceived(NotificationManager.java:77)
	at org.globus.cog.abstraction.coaster.service.local.JobStatusHandler.requestComplete(JobStatusHandler.java:45)
	at org.globus.cog.karajan.workflow.service.handlers.RequestHandler.receiveCompleted(RequestHandler.java:87)
	at org.globus.cog.karajan.workflow.service.channels.AbstractKarajanChannel.handleRequest(AbstractKarajanChannel.java:481)
	at org.globus.cog.karajan.workflow.service.channels.AbstractStreamKarajanChannel.step(AbstractStreamKarajanChannel.java:180)
	at org.globus.cog.karajan.workflow.service.channels.AbstractStreamKarajanChannel$Multiplexer.run(AbstractStreamKarajanChannel.java:404)
Caused by: org.globus.cog.abstraction.impl.common.execution.JobException: Job failed with an exit code of 127
	at org.globus.cog.abstraction.coaster.service.local.JobStatusHandler.requestComplete(JobStatusHandler.java:37)
	... 4 more
2012-05-12 19:39:25,412-0500 INFO  Loader Swift finished with errors
2012-05-12 19:45:39,804-0500 DEBUG Loader arguments: [-sites.file, sites.xml, -tc.file, tc.data, /home/jchu542/swift-0.93/cog/modules/swift/examples/tutorial/hello.swift, -logfile, /home/jchu542/logs/051219/hello-051219.log]
2012-05-12 19:45:39,805-0500 DEBUG Loader Max heap: 259522560
2012-05-12 19:45:39,809-0500 DEBUG textfiles BEGIN SWIFTSCRIPT:
type messagefile;

app (messagefile t) greeting() { 
    echo "Hello, world!" stdout=@filename(t);
}

messagefile outfile <"hello.txt">;

outfile = greeting();



2012-05-12 19:45:39,809-0500 DEBUG textfiles END SWIFTSCRIPT:
2012-05-12 19:45:39,811-0500 DEBUG Loader kmlversion is >82b956df-d74c-4fb4-a78d-cd83ec621b15<
2012-05-12 19:45:39,811-0500 DEBUG Loader build version is >82b956df-d74c-4fb4-a78d-cd83ec621b15<
2012-05-12 19:45:39,811-0500 DEBUG Loader Recompilation suppressed.
2012-05-12 19:45:40,544-0500 DEBUG Loader setting: sites.file to: sites.xml
2012-05-12 19:45:40,544-0500 DEBUG Loader setting: tc.file to: tc.data
2012-05-12 19:45:40,565-0500 DEBUG textfiles BEGIN SITES:
<config>
  <pool handle="persistent-coasters">
    <execution provider="coaster-persistent"
               url="http://localhost:12000"
               jobmanager=""/>
    <profile namespace="globus" key="workerManager">passive</profile>
    <profile namespace="globus" key="jobsPerNode">2</profile>
    <profile key="jobThrottle" namespace="karajan">0.059</profile>
    <profile namespace="karajan" key="initialScore">10000</profile>
    <filesystem provider="local" url="none" />
    <workdirectory>/home/jchu542/swift_dir/swiftwork</workdirectory>
   
  </pool>
</config>


2012-05-12 19:45:40,565-0500 DEBUG textfiles END SITES:
2012-05-12 19:45:40,584-0500 INFO  VDL2ExecutionContext Stack dump:
Level 1
[iA = 0, iB = 0, bA = false, bB = false]
	vdl:instanceconfig = Swift configuration []
	vdl:operation = run
	swift.home = /home/jchu542/swift-0.93/cog/modules/swift/dist/swift-svn/bin/..
	PATH_SEPARATOR = /


2012-05-12 19:45:42,725-0500 INFO  unknown Using sites file: sites.xml
2012-05-12 19:45:42,847-0500 INFO  unknown Using tc.data: tc.data
2012-05-12 19:45:43,073-0500 INFO  AbstractScheduler Setting resources to: {persistent-coasters=persistent-coasters}
2012-05-12 19:45:44,281-0500 INFO  unknown Swift 0.93 swift-r5783 cog-r3400

2012-05-12 19:45:44,283-0500 INFO  unknown RUNID id=run:20120512-1945-mmjsl32f
2012-05-12 19:45:44,526-0500 DEBUG greeting PROCEDURE line=3 thread=0-1 name=greeting
2012-05-12 19:45:44,598-0500 INFO  vdl:execute START thread=0-1 tr=echo
2012-05-12 19:45:44,633-0500 INFO  WeightedHostScoreScheduler CONTACT_SELECTED host=persistent-coasters, score=99.854
2012-05-12 19:45:44,647-0500 INFO  GlobalSubmitQueue No global submit throttle set. Using default (1024)
2012-05-12 19:45:44,658-0500 INFO  LateBindingScheduler JobQueue: 0
2012-05-12 19:45:44,676-0500 INFO  LateBindingScheduler JobQueue: 0
2012-05-12 19:45:44,681-0500 INFO  vdl:initshareddir START host=persistent-coasters - Initializing shared directory
2012-05-12 19:45:44,690-0500 INFO  LateBindingScheduler JobQueue: 0
2012-05-12 19:45:44,745-0500 INFO  LateBindingScheduler JobQueue: 0
2012-05-12 19:45:44,773-0500 INFO  LateBindingScheduler JobQueue: 0
2012-05-12 19:45:44,781-0500 INFO  LateBindingScheduler JobQueue: 0
2012-05-12 19:45:44,792-0500 INFO  LateBindingScheduler JobQueue: 0
2012-05-12 19:45:44,803-0500 INFO  LateBindingScheduler JobQueue: 0
2012-05-12 19:45:44,806-0500 INFO  vdl:initshareddir END host=persistent-coasters - Done initializing shared directory
2012-05-12 19:45:44,814-0500 DEBUG vdl:execute2 THREAD_ASSOCIATION jobid=echo-6x0fk8rk thread=0-1-1 host=persistent-coasters replicationGroup=5x0fk8rk
2012-05-12 19:45:44,821-0500 INFO  vdl:createdirset START jobid=echo-6x0fk8rk host=persistent-coasters - Initializing directory structure
2012-05-12 19:45:44,821-0500 INFO  vdl:createdirset END jobid=echo-6x0fk8rk - Done initializing directory structure
2012-05-12 19:45:44,822-0500 INFO  vdl:dostagein START jobid=echo-6x0fk8rk - Staging in files
2012-05-12 19:45:44,829-0500 INFO  vdl:dostagein END jobid=echo-6x0fk8rk - Staging in finished
2012-05-12 19:45:44,830-0500 DEBUG vdl:execute2 JOB_START jobid=echo-6x0fk8rk tr=echo arguments=[Hello, world!] tmpdir=hello-20120512-1945-mmjsl32f/jobs/6/echo-6x0fk8rk host=persistent-coasters
2012-05-12 19:45:44,834-0500 DEBUG textfiles BEGIN TC:
persistent-coasters echo /bin/echo null null null
persistent-coasters wc /usr/bin/wc null null null
persistent-coasters ls /bin/ls null null null
persistent-coasters cat /bin/cat null null null


2012-05-12 19:45:44,834-0500 DEBUG textfiles END TC:
2012-05-12 19:45:44,856-0500 INFO  GridExec TASK_DEFINITION: Task(type=JOB_SUBMISSION, identity=urn:0-1-1-1336869942763) is /bin/bash shared/_swiftwrap echo-6x0fk8rk -jobdir 6 -scratch  -e /bin/echo -out hello.txt -err stderr.txt -i -d  -if  -of hello.txt -k  -cdmfile  -status files -a Hello, world!
2012-05-12 19:45:44,959-0500 WARN  RemoteConfiguration Find: http://localhost:12000
2012-05-12 19:45:44,959-0500 WARN  RemoteConfiguration Find:  keepalive(120), reconnect - http://localhost:12000
2012-05-12 19:45:44,974-0500 INFO  AbstractKarajanChannel MetaChannel: 329744497[1507951819: {}] -> null: Disabling heartbeats (disabled in config)
2012-05-12 19:45:45,046-0500 INFO  AbstractStreamKarajanChannel$Multiplexer Multiplexer 0 started
2012-05-12 19:45:45,051-0500 INFO  AbstractStreamKarajanChannel$Multiplexer (0) Scheduling SC-null for addition
2012-05-12 19:45:45,053-0500 INFO  AbstractStreamKarajanChannel nullChannel started
2012-05-12 19:45:45,052-0500 INFO  AbstractStreamKarajanChannel$Multiplexer Multiplexer 1 started
2012-05-12 19:45:45,158-0500 INFO  ChannelConfigurationCommand Got reply
2012-05-12 19:45:45,158-0500 INFO  AbstractStreamKarajanChannel Channel configured
2012-05-12 19:45:45,159-0500 INFO  MetaChannel MetaChannel: 329744497[1507951819: {}] -> null.bind -> SC-null
2012-05-12 19:45:45,708-0500 INFO  LateBindingScheduler JobQueue: 0
2012-05-12 19:45:45,711-0500 INFO  vdl:checkerrorfile NO_STATUS_FILE jobid=echo-6x0fk8rk - Error file missing
2012-05-12 19:45:45,719-0500 DEBUG vdl:execute2 APPLICATION_EXCEPTION jobid=echo-6x0fk8rk - Application exception: null
Caused by: org.globus.cog.abstraction.impl.common.execution.JobException: Job failed with an exit code of 127
2012-05-12 19:45:45,858-0500 WARN  vdl:transferwrapperlog Failed to transfer wrapper log for job echo-6x0fk8rk
2012-05-12 19:45:45,859-0500 DEBUG vdl:transferwrapperlog Exception for wrapper log failure from hello-20120512-1945-mmjsl32f/info/6 on persistent-coasters: null
Caused by: org.globus.cog.abstraction.impl.file.FileNotFoundException: File not found: /home/jchu542/swift_dir/swiftwork/hello-20120512-1945-mmjsl32f/info/6/echo-6x0fk8rk-info
2012-05-12 19:45:45,885-0500 INFO  WeightedHostScoreScheduler CONTACT_SELECTED host=persistent-coasters, score=99.853
2012-05-12 19:45:45,903-0500 DEBUG vdl:execute2 THREAD_ASSOCIATION jobid=echo-8x0fk8rk thread=0-1-1 host=persistent-coasters replicationGroup=7x0fk8rk
2012-05-12 19:45:45,923-0500 INFO  vdl:createdirset START jobid=echo-8x0fk8rk host=persistent-coasters - Initializing directory structure
2012-05-12 19:45:45,923-0500 INFO  vdl:createdirset END jobid=echo-8x0fk8rk - Done initializing directory structure
2012-05-12 19:45:45,924-0500 INFO  vdl:dostagein START jobid=echo-8x0fk8rk - Staging in files
2012-05-12 19:45:45,924-0500 INFO  vdl:dostagein END jobid=echo-8x0fk8rk - Staging in finished
2012-05-12 19:45:45,925-0500 DEBUG vdl:execute2 JOB_START jobid=echo-8x0fk8rk tr=echo arguments=[Hello, world!] tmpdir=hello-20120512-1945-mmjsl32f/jobs/8/echo-8x0fk8rk host=persistent-coasters
2012-05-12 19:45:45,927-0500 INFO  GridExec TASK_DEFINITION: Task(type=JOB_SUBMISSION, identity=urn:0-1-1-1336869942783) is /bin/bash shared/_swiftwrap echo-8x0fk8rk -jobdir 8 -scratch  -e /bin/echo -out hello.txt -err stderr.txt -i -d  -if  -of hello.txt -k  -cdmfile  -status files -a Hello, world!
2012-05-12 19:45:46,143-0500 INFO  LateBindingScheduler JobQueue: 0
2012-05-12 19:45:46,145-0500 INFO  vdl:checkerrorfile NO_STATUS_FILE jobid=echo-8x0fk8rk - Error file missing
2012-05-12 19:45:46,150-0500 DEBUG vdl:execute2 APPLICATION_EXCEPTION jobid=echo-8x0fk8rk - Application exception: null
Caused by: org.globus.cog.abstraction.impl.common.execution.JobException: Job failed with an exit code of 127
2012-05-12 19:45:46,208-0500 WARN  vdl:transferwrapperlog Failed to transfer wrapper log for job echo-8x0fk8rk
2012-05-12 19:45:46,209-0500 DEBUG vdl:transferwrapperlog Exception for wrapper log failure from hello-20120512-1945-mmjsl32f/info/8 on persistent-coasters: null
Caused by: org.globus.cog.abstraction.impl.file.FileNotFoundException: File not found: /home/jchu542/swift_dir/swiftwork/hello-20120512-1945-mmjsl32f/info/8/echo-8x0fk8rk-info
2012-05-12 19:45:46,215-0500 INFO  WeightedHostScoreScheduler CONTACT_SELECTED host=persistent-coasters, score=99.853
2012-05-12 19:45:46,226-0500 DEBUG vdl:execute2 THREAD_ASSOCIATION jobid=echo-ax0fk8rk thread=0-1-1 host=persistent-coasters replicationGroup=9x0fk8rk
2012-05-12 19:45:46,229-0500 INFO  vdl:createdirset START jobid=echo-ax0fk8rk host=persistent-coasters - Initializing directory structure
2012-05-12 19:45:46,230-0500 INFO  vdl:createdirset END jobid=echo-ax0fk8rk - Done initializing directory structure
2012-05-12 19:45:46,230-0500 INFO  vdl:dostagein START jobid=echo-ax0fk8rk - Staging in files
2012-05-12 19:45:46,231-0500 INFO  vdl:dostagein END jobid=echo-ax0fk8rk - Staging in finished
2012-05-12 19:45:46,232-0500 DEBUG vdl:execute2 JOB_START jobid=echo-ax0fk8rk tr=echo arguments=[Hello, world!] tmpdir=hello-20120512-1945-mmjsl32f/jobs/a/echo-ax0fk8rk host=persistent-coasters
2012-05-12 19:45:46,234-0500 INFO  GridExec TASK_DEFINITION: Task(type=JOB_SUBMISSION, identity=urn:0-1-1-1336869942803) is /bin/bash shared/_swiftwrap echo-ax0fk8rk -jobdir a -scratch  -e /bin/echo -out hello.txt -err stderr.txt -i -d  -if  -of hello.txt -k  -cdmfile  -status files -a Hello, world!
2012-05-12 19:45:46,388-0500 INFO  LateBindingScheduler JobQueue: 0
2012-05-12 19:45:46,390-0500 INFO  vdl:checkerrorfile NO_STATUS_FILE jobid=echo-ax0fk8rk - Error file missing
2012-05-12 19:45:46,395-0500 DEBUG vdl:execute2 APPLICATION_EXCEPTION jobid=echo-ax0fk8rk - Application exception: null
Caused by: org.globus.cog.abstraction.impl.common.execution.JobException: Job failed with an exit code of 127
2012-05-12 19:45:46,451-0500 WARN  vdl:transferwrapperlog Failed to transfer wrapper log for job echo-ax0fk8rk
2012-05-12 19:45:46,451-0500 DEBUG vdl:transferwrapperlog Exception for wrapper log failure from hello-20120512-1945-mmjsl32f/info/a on persistent-coasters: null
Caused by: org.globus.cog.abstraction.impl.file.FileNotFoundException: File not found: /home/jchu542/swift_dir/swiftwork/hello-20120512-1945-mmjsl32f/info/a/echo-ax0fk8rk-info
2012-05-12 19:45:46,454-0500 INFO  vdl:execute END_FAILURE thread=0-1 tr=echo
2012-05-12 19:45:46,463-0500 DEBUG VDL2ExecutionContext Exception in echo:
Arguments: [Hello, world!]
Host: persistent-coasters
Directory: hello-20120512-1945-mmjsl32f/jobs/a/echo-ax0fk8rk
stderr.txt: 

stdout.txt: 

----

Exception in echo:
Arguments: [Hello, world!]
Host: persistent-coasters
Directory: hello-20120512-1945-mmjsl32f/jobs/a/echo-ax0fk8rk
stderr.txt: 

stdout.txt: 

----

Caused by: null
Caused by: org.globus.cog.abstraction.impl.common.execution.JobException: Job failed with an exit code of 127
	at org.globus.cog.karajan.workflow.nodes.functions.KException.function(KException.java:29)
	at org.globus.cog.karajan.workflow.nodes.functions.AbstractFunction.post(AbstractFunction.java:27)
	at org.globus.cog.karajan.workflow.nodes.AbstractSequentialWithArguments.completed(AbstractSequentialWithArguments.java:194)
	at org.globus.cog.karajan.workflow.nodes.FlowNode.complete(FlowNode.java:214)
	at org.globus.cog.karajan.workflow.nodes.FlowContainer.post(FlowContainer.java:58)
	at org.globus.cog.karajan.workflow.nodes.functions.AbstractFunction.post(AbstractFunction.java:28)
	at org.globus.cog.karajan.workflow.nodes.Sequential.startNext(Sequential.java:29)
	at org.globus.cog.karajan.workflow.nodes.Sequential.executeChildren(Sequential.java:20)
	at org.globus.cog.karajan.workflow.nodes.FlowContainer.execute(FlowContainer.java:63)
	at org.globus.cog.karajan.workflow.nodes.FlowNode.restart(FlowNode.java:139)
	at org.globus.cog.karajan.workflow.nodes.FlowNode.start(FlowNode.java:197)
	at org.globus.cog.karajan.workflow.events.EventBus.start(EventBus.java:104)
	at org.globus.cog.karajan.workflow.events.EventTargetPair.run(EventTargetPair.java:40)
	at java.util.concurrent.Executors$RunnableAdapter.call(Executors.java:441)
	at java.util.concurrent.FutureTask$Sync.innerRun(FutureTask.java:303)
	at java.util.concurrent.FutureTask.run(FutureTask.java:138)
	at java.util.concurrent.ThreadPoolExecutor$Worker.runTask(ThreadPoolExecutor.java:886)
	at java.util.concurrent.ThreadPoolExecutor$Worker.run(ThreadPoolExecutor.java:908)
	at java.lang.Thread.run(Thread.java:662)
Caused by: null
Caused by: org.globus.cog.abstraction.impl.common.execution.JobException: Job failed with an exit code of 127
	at org.globus.cog.karajan.workflow.nodes.FlowNode.failImmediately(FlowNode.java:101)
	at org.globus.cog.karajan.workflow.nodes.grid.GridExec.taskFailed(GridExec.java:379)
	at org.globus.cog.karajan.workflow.nodes.grid.AbstractGridNode.statusChanged(AbstractGridNode.java:268)
	at org.griphyn.vdl.karajan.lib.Execute.statusChanged(Execute.java:119)
	at org.globus.cog.karajan.scheduler.AbstractScheduler.fireJobStatusChangeEvent(AbstractScheduler.java:168)
	at org.globus.cog.karajan.scheduler.LateBindingScheduler.statusChanged(LateBindingScheduler.java:674)
	at org.globus.cog.karajan.scheduler.WeightedHostScoreScheduler.statusChanged(WeightedHostScoreScheduler.java:426)
	at org.griphyn.vdl.karajan.VDSAdaptiveScheduler.statusChanged(VDSAdaptiveScheduler.java:410)
	at org.globus.cog.abstraction.impl.common.task.TaskImpl.notifyListeners(TaskImpl.java:240)
	at org.globus.cog.abstraction.impl.common.task.TaskImpl.setStatus(TaskImpl.java:228)
	at org.globus.cog.abstraction.impl.execution.coaster.NotificationManager.setStatus(NotificationManager.java:111)
	at org.globus.cog.abstraction.impl.execution.coaster.NotificationManager.notificationReceived(NotificationManager.java:77)
	at org.globus.cog.abstraction.coaster.service.local.JobStatusHandler.requestComplete(JobStatusHandler.java:45)
	at org.globus.cog.karajan.workflow.service.handlers.RequestHandler.receiveCompleted(RequestHandler.java:87)
	at org.globus.cog.karajan.workflow.service.channels.AbstractKarajanChannel.handleRequest(AbstractKarajanChannel.java:481)
	at org.globus.cog.karajan.workflow.service.channels.AbstractStreamKarajanChannel.step(AbstractStreamKarajanChannel.java:180)
	at org.globus.cog.karajan.workflow.service.channels.AbstractStreamKarajanChannel$Multiplexer.run(AbstractStreamKarajanChannel.java:404)
Caused by: org.globus.cog.abstraction.impl.common.execution.JobException: Job failed with an exit code of 127
	at org.globus.cog.abstraction.coaster.service.local.JobStatusHandler.requestComplete(JobStatusHandler.java:37)
	... 4 more
2012-05-12 19:45:47,007-0500 INFO  ExecutionContext Detailed exception: 
Exception in echo:
Arguments: [Hello, world!]
Host: persistent-coasters
Directory: hello-20120512-1945-mmjsl32f/jobs/a/echo-ax0fk8rk
stderr.txt: 

stdout.txt: 

----

Caused by: null
Caused by: org.globus.cog.abstraction.impl.common.execution.JobException: Job failed with an exit code of 127
	at org.globus.cog.karajan.workflow.nodes.functions.KException.function(KException.java:29)
	at org.globus.cog.karajan.workflow.nodes.functions.AbstractFunction.post(AbstractFunction.java:27)
	at org.globus.cog.karajan.workflow.nodes.AbstractSequentialWithArguments.completed(AbstractSequentialWithArguments.java:194)
	at org.globus.cog.karajan.workflow.nodes.FlowNode.complete(FlowNode.java:214)
	at org.globus.cog.karajan.workflow.nodes.FlowContainer.post(FlowContainer.java:58)
	at org.globus.cog.karajan.workflow.nodes.functions.AbstractFunction.post(AbstractFunction.java:28)
	at org.globus.cog.karajan.workflow.nodes.Sequential.startNext(Sequential.java:29)
	at org.globus.cog.karajan.workflow.nodes.Sequential.executeChildren(Sequential.java:20)
	at org.globus.cog.karajan.workflow.nodes.FlowContainer.execute(FlowContainer.java:63)
	at org.globus.cog.karajan.workflow.nodes.FlowNode.restart(FlowNode.java:139)
	at org.globus.cog.karajan.workflow.nodes.FlowNode.start(FlowNode.java:197)
	at org.globus.cog.karajan.workflow.events.EventBus.start(EventBus.java:104)
	at org.globus.cog.karajan.workflow.events.EventTargetPair.run(EventTargetPair.java:40)
	at java.util.concurrent.Executors$RunnableAdapter.call(Executors.java:441)
	at java.util.concurrent.FutureTask$Sync.innerRun(FutureTask.java:303)
	at java.util.concurrent.FutureTask.run(FutureTask.java:138)
	at java.util.concurrent.ThreadPoolExecutor$Worker.runTask(ThreadPoolExecutor.java:886)
	at java.util.concurrent.ThreadPoolExecutor$Worker.run(ThreadPoolExecutor.java:908)
	at java.lang.Thread.run(Thread.java:662)
Caused by: null
Caused by: org.globus.cog.abstraction.impl.common.execution.JobException: Job failed with an exit code of 127
	at org.globus.cog.karajan.workflow.nodes.FlowNode.failImmediately(FlowNode.java:101)
	at org.globus.cog.karajan.workflow.nodes.grid.GridExec.taskFailed(GridExec.java:379)
	at org.globus.cog.karajan.workflow.nodes.grid.AbstractGridNode.statusChanged(AbstractGridNode.java:268)
	at org.griphyn.vdl.karajan.lib.Execute.statusChanged(Execute.java:119)
	at org.globus.cog.karajan.scheduler.AbstractScheduler.fireJobStatusChangeEvent(AbstractScheduler.java:168)
	at org.globus.cog.karajan.scheduler.LateBindingScheduler.statusChanged(LateBindingScheduler.java:674)
	at org.globus.cog.karajan.scheduler.WeightedHostScoreScheduler.statusChanged(WeightedHostScoreScheduler.java:426)
	at org.griphyn.vdl.karajan.VDSAdaptiveScheduler.statusChanged(VDSAdaptiveScheduler.java:410)
	at org.globus.cog.abstraction.impl.common.task.TaskImpl.notifyListeners(TaskImpl.java:240)
	at org.globus.cog.abstraction.impl.common.task.TaskImpl.setStatus(TaskImpl.java:228)
	at org.globus.cog.abstraction.impl.execution.coaster.NotificationManager.setStatus(NotificationManager.java:111)
	at org.globus.cog.abstraction.impl.execution.coaster.NotificationManager.notificationReceived(NotificationManager.java:77)
	at org.globus.cog.abstraction.coaster.service.local.JobStatusHandler.requestComplete(JobStatusHandler.java:45)
	at org.globus.cog.karajan.workflow.service.handlers.RequestHandler.receiveCompleted(RequestHandler.java:87)
	at org.globus.cog.karajan.workflow.service.channels.AbstractKarajanChannel.handleRequest(AbstractKarajanChannel.java:481)
	at org.globus.cog.karajan.workflow.service.channels.AbstractStreamKarajanChannel.step(AbstractStreamKarajanChannel.java:180)
	at org.globus.cog.karajan.workflow.service.channels.AbstractStreamKarajanChannel$Multiplexer.run(AbstractStreamKarajanChannel.java:404)
Caused by: org.globus.cog.abstraction.impl.common.execution.JobException: Job failed with an exit code of 127
	at org.globus.cog.abstraction.coaster.service.local.JobStatusHandler.requestComplete(JobStatusHandler.java:37)
	... 4 more
2012-05-12 19:45:47,008-0500 INFO  Loader Swift finished with errors
