29943 --- SIGCHLD (Child exited) @ 0 (0) ---
29942 --- SIGCHLD (Child exited) @ 0 (0) ---
29942 --- SIGCHLD (Child exited) @ 0 (0) ---
29942 --- SIGCHLD (Child exited) @ 0 (0) ---
29949 sendto(3, "\2\0\0\0\v\0\0\0\7\0\0\0passwd\0", 19, MSG_NOSIGNAL, NULL, 0) = 19
29949 sendto(3, "\2\0\0\0\f\0\0\0\6\0\0\0group\0", 18, MSG_NOSIGNAL, NULL, 0) = 18
29948 --- SIGCHLD (Child exited) @ 0 (0) ---
29942 --- SIGCHLD (Child exited) @ 0 (0) ---
29952 sendto(3, "\2\0\0\0\v\0\0\0\7\0\0\0passwd\0", 19, MSG_NOSIGNAL, NULL, 0) = 19
29952 sendto(92, "\2\0\0\0\r\0\0\0\6\0\0\0hosts\0", 18, MSG_NOSIGNAL, NULL, 0) = 18
29965 --- SIGSEGV (Segmentation fault) @ 0 (0) ---
29975 recvfrom(93, "\227#\0\0\0\0\0\0\10\0\0\0\237#\0\0\0\0\0\0", 20, 0, NULL, NULL) = 20
29975 recvfrom(93, "REGISTER", 8, 0, NULL, NULL) = 8
29975 recvfrom(93, "\227#\0\0\0\0\0\0\6\0\0\0\221#\0\0\0\0\0\0", 20, 0, NULL, NULL) = 20
29975 recvfrom(93, "swork0", 6, 0, NULL, NULL) = 6
29975 recvfrom(93, "\227#\0\0\0\0\0\0\25\0\0\0\202#\0\0\0\0\0\0", 20, 0, NULL, NULL) = 20
29975 recvfrom(93, "login.ci.uchicago.edu", 21, 0, NULL, NULL) = 21
29975 recvfrom(93, "\227#\0\0\2\0\0\0\20\0\0\0\205#\0\0\0\0\0\0", 20, 0, NULL, NULL) = 20
29975 recvfrom(93, "maxwalltime = -1", 16, 0, NULL, NULL) = 16
29978 sendto(93, "\227#\0\0\3\0\0\0\6\0\0\0\222#\0\0!\1\366\3", 20, 0, NULL, 0) = 20
29978 sendto(93, "000000", 6, 0, NULL, 0) = 6
29975 recvfrom(92, "\1\0\0\0\0\0\0\0\r\0\0\0\f\0\0\0\260\3\245\31", 20, 0, NULL, NULL) = 20
29975 recvfrom(92, "CHANNELCONFIG", 13, 0, NULL, NULL) = 13
29975 recvfrom(92, "\1\0\0\0\0\0\0\0\32\0\0\0\33\0\0\0\310\10\204s", 20, 0, NULL, NULL) = 20
29975 recvfrom(92, " keepalive(120), reconnect", 26, 0, NULL, NULL) = 26
29975 recvfrom(92, "\1\0\0\0\0\0\0\0\0\0\0\0\1\0\0\0\1\0\0\0", 20, 0, NULL, NULL) = 20
29975 recvfrom(92, "\1\0\0\0\0\0\0\0\34\0\0\0\35\0\0\0\30\7sj", 20, 0, NULL, NULL) = 20
29975 recvfrom(92, "u-65a2d20d-13743a87eeb--8000", 28, 0, NULL, NULL) = 28
29975 recvfrom(92, "\1\0\0\0\2\0\0\0\0\0\0\0\3\0\0\0\1\0\0\0", 20, 0, NULL, NULL) = 20
30068 sendto(92, "\1\0\0\0\3\0\0\0\32\0\0\0\30\0\0\0Y\6g]", 20, 0, NULL, 0) = 20
30068 sendto(92, "ub8a652a-13743a87f30--8000", 26, 0, NULL, 0) = 26
29975 recvfrom(92, "\2\0\0\0\0\0\0\0\r\0\0\0\17\0\0\0\310\3\202\32", 20, 0, NULL, NULL) = 20
29975 recvfrom(92, "CONFIGSERVICE", 13, 0, NULL, NULL) = 13
29975 recvfrom(92, "\2\0\0\0\0\0\0\0\r\0\0\0\17\0\0\0\313\4\327#", 20, 0, NULL, NULL) = 20
29975 recvfrom(92, "jobsPerNode=2", 13, 0, NULL, NULL) = 13
29975 recvfrom(92, "\2\0\0\0\2\0\0\0\25\0\0\0\25\0\0\0\216\10~^", 20, 0, NULL, NULL) = 20
29975 recvfrom(92, "workerManager=passive", 21, 0, NULL, NULL) = 21
30068 sendto(92, "\2\0\0\0\3\0\0\0\2\0\0\0\3\0\0\0\233\0\353\0", 20, 0, NULL, 0) = 20
30068 sendto(92, "OK", 2, 0, NULL, 0)   = 2
29975 recvfrom(92, "\3\0\0\0\0\0\0\0\t\0\0\0\n\0\0\0\260\2\263\r", 20, 0, NULL, NULL) = 20
29975 recvfrom(92, "SUBMITJOB", 9, 0, NULL, NULL) = 9
29975 recvfrom(92, "\3\0\0\0\2\0\0\0\27\1\0\0\26\1\0\0\322\214\257\252", 20, 0, NULL, NULL) = 20
29975 recvfrom(92, "x\234\245\220Mn\303 \20\205\367\234\242\335\227\342\237\304M\"\261\357-\"\fC\301\306\306\202q\223"..., 279, 0, NULL, NULL) = 279
30068 sendto(92, "\1\0\0\0\0\0\0\0\4\0\0\0\5\0\0\0005\1\25\3", 20, 0, NULL, 0) = 20
30068 sendto(92, "RLOG", 4, 0, NULL, 0) = 4
30068 sendto(92, "\1\0\0\0\0\0\0\0\6\0\0\0\7\0\0\0\325\1q\6", 20, 0, NULL, 0) = 20
30068 sendto(92, "STDERR", 6, 0, NULL, 0) = 6
30068 sendto(92, "\1\0\0\0\2\0\0\0Q\0\0\0R\0\0\0\325\31s\253", 20, 0, NULL, 0) = 20
30068 sendto(92, "Passive queue processor initiali"..., 81, 0, NULL, 0) = 81
30068 sendto(92, "\3\0\0\0\3\0\0\0-\0\0\0-\0\0\0\374\t8\365", 20, 0, NULL, 0) = 20
30068 sendto(92, "urn:1336869942763-1336869945360-"..., 45, 0, NULL, 0) = 45
29978 sendto(93, "\1\0\0\0\0\0\0\0\t\0\0\0\10\0\0\0\260\2\263\r", 20, 0, NULL, 0) = 20
29978 sendto(93, "SUBMITJOB", 9, 0, NULL, 0) = 9
29978 sendto(93, "\1\0\0\0\2\0\0\0\7\2\0\0\4\2\0\0\306\256^5", 20, 0, NULL, 0) = 20
29978 sendto(93, "identity=1336869945361\nexecutabl"..., 519, 0, NULL, 0) = 519
29975 recvfrom(93, "\1\0\0\0\3\0\0\0\2\0\0\0\0\0\0\0\0\0\0\0", 20, 0, NULL, NULL) = 20
29975 recvfrom(93, "OK", 2, 0, NULL, NULL) = 2
29975 recvfrom(93, "\230#\0\0\0\0\0\0\t\0\0\0\221#\0\0\0\0\0\0", 20, 0, NULL, NULL) = 20
29975 recvfrom(93, "JOBSTATUS", 9, 0, NULL, NULL) = 9
29975 recvfrom(93, "\230#\0\0\0\0\0\0\r\0\0\0\225#\0\0\0\0\0\0", 20, 0, NULL, NULL) = 20
29975 recvfrom(93, "1336869945361", 13, 0, NULL, NULL) = 13
29975 recvfrom(93, "\230#\0\0\0\0\0\0\1\0\0\0\231#\0\0\0\0\0\0", 20, 0, NULL, NULL) = 20
29975 recvfrom(93, "2", 1, 0, NULL, NULL) = 1
29975 recvfrom(93, "\230#\0\0\0\0\0\0\1\0\0\0\231#\0\0\0\0\0\0", 20, 0, NULL, NULL) = 20
29975 recvfrom(93, "0", 1, 0, NULL, NULL) = 1
29975 recvfrom(93, "\230#\0\0\2\0\0\0\17\0\0\0\225#\0\0\0\0\0\0", 20, 0, NULL, NULL) = 20
29975 recvfrom(93, "workerid=000000", 15, 0, NULL, NULL) = 15
30068 sendto(92, "\2\0\0\0\0\0\0\0\t\0\0\0\v\0\0\0\300\2|\r", 20, 0, NULL, 0) = 20
30068 sendto(92, "JOBSTATUS", 9, 0, NULL, 0) = 9
30068 sendto(92, "\2\0\0\0\0\0\0\0-\0\0\0/\0\0\0\374\t8\365", 20, 0, NULL, 0) = 20
30068 sendto(92, "urn:1336869942763-1336869945360-"..., 45, 0, NULL, 0) = 45
30068 sendto(92, "\2\0\0\0\0\0\0\0\1\0\0\0\3\0\0\0003\0003\0", 20, 0, NULL, 0) = 20
30068 sendto(92, "2", 1, 0, NULL, 0)    = 1
30068 sendto(92, "\2\0\0\0\0\0\0\0\1\0\0\0\3\0\0\0001\0001\0", 20, 0, NULL, 0) = 20
30068 sendto(92, "0", 1, 0, NULL, 0)    = 1
30068 sendto(92, "\2\0\0\0\0\0\0\0\17\0\0\0\r\0\0\0\305\4\37-", 20, 0, NULL, 0) = 20
30068 sendto(92, "workerid=000000", 15, 0, NULL, 0) = 15
30068 sendto(92, "\2\0\0\0\2\0\0\0\10\0\0\0\10\0\0\0\37\2~\r", 20, 0, NULL, 0) = 20
30068 sendto(92, "{\200\250C7\1\0\0", 8, 0, NULL, 0) = 8
29975 recvfrom(92, "\1\0\0\0\3\0\0\0\2\0\0\0\0\0\0\0\233\0\353\0", 20, 0, NULL, NULL) = 20
29975 recvfrom(92, "OK", 2, 0, NULL, NULL) = 2
29978 sendto(93, "\230#\0\0\3\0\0\0\2\0\0\0\231#\0\0\233\0\353\0", 20, 0, NULL, 0) = 20
29978 sendto(93, "OK", 2, 0, NULL, 0)   = 2
29975 recvfrom(92, "\2\0\0\0\3\0\0\0\2\0\0\0\3\0\0\0\233\0\353\0", 20, 0, NULL, NULL) = 20
29975 recvfrom(92, "OK", 2, 0, NULL, NULL) = 2
29975 recvfrom(93, "\231#\0\0\0\0\0\0\t\0\0\0\220#\0\0\0\0\0\0", 20, 0, NULL, NULL) = 20
29975 recvfrom(93, "JOBSTATUS", 9, 0, NULL, NULL) = 9
29975 recvfrom(93, "\231#\0\0\0\0\0\0\r\0\0\0\224#\0\0\0\0\0\0", 20, 0, NULL, NULL) = 20
29975 recvfrom(93, "1336869945361", 13, 0, NULL, NULL) = 13
29975 recvfrom(93, "\231#\0\0\0\0\0\0\1\0\0\0\230#\0\0\0\0\0\0", 20, 0, NULL, NULL) = 20
29975 recvfrom(93, "5", 1, 0, NULL, NULL) = 1
29975 recvfrom(93, "\231#\0\0\0\0\0\0\3\0\0\0\232#\0\0\0\0\0\0", 20, 0, NULL, NULL) = 20
29975 recvfrom(93, "127", 3, 0, NULL, NULL) = 3
29975 recvfrom(93, "\231#\0\0\2\0\0\0#\0\0\0\270#\0\0\0\0\0\0", 20, 0, NULL, NULL) = 20
29975 recvfrom(93, "Job failed with an exit code of "..., 35, 0, NULL, NULL) = 35
30068 sendto(92, "\3\0\0\0\0\0\0\0\t\0\0\0\n\0\0\0\300\2|\r", 20, 0, NULL, 0) = 20
30068 sendto(92, "JOBSTATUS", 9, 0, NULL, 0) = 9
30068 sendto(92, "\3\0\0\0\0\0\0\0-\0\0\0.\0\0\0\374\t8\365", 20, 0, NULL, 0) = 20
30068 sendto(92, "urn:1336869942763-1336869945360-"..., 45, 0, NULL, 0) = 45
30068 sendto(92, "\3\0\0\0\0\0\0\0\1\0\0\0\2\0\0\0006\0006\0", 20, 0, NULL, 0) = 20
30068 sendto(92, "5", 1, 0, NULL, 0)    = 1
30068 sendto(92, "\3\0\0\0\0\0\0\0\3\0\0\0\0\0\0\0\233\0001\1", 20, 0, NULL, 0) = 20
30068 sendto(92, "127", 3, 0, NULL, 0)  = 3
30068 sendto(92, "\3\0\0\0\0\0\0\0\346\2\0\0\345\2\0\0\356\21\223\2", 20, 0, NULL, 0) = 20
30068 sendto(92, "Job failed with an exit code of "..., 742, 0, NULL, 0) = 742
30068 sendto(92, "\3\0\0\0\2\0\0\0\10\0\0\0\t\0\0\0\322\1\25\v", 20, 0, NULL, 0) = 20
30068 sendto(92, "-\201\250C7\1\0\0", 8, 0, NULL, 0) = 8
29978 sendto(93, "\231#\0\0\3\0\0\0\2\0\0\0\230#\0\0\233\0\353\0", 20, 0, NULL, 0) = 20
29978 sendto(93, "OK", 2, 0, NULL, 0)   = 2
29975 recvfrom(92, "\3\0\0\0\3\0\0\0\2\0\0\0\2\0\0\0\233\0\353\0", 20, 0, NULL, NULL) = 20
29975 recvfrom(92, "OK", 2, 0, NULL, NULL) = 2
29975 recvfrom(92, "\4\0\0\0\0\0\0\0\t\0\0\0\r\0\0\0\260\2\263\r", 20, 0, NULL, NULL) = 20
29975 recvfrom(92, "SUBMITJOB", 9, 0, NULL, NULL) = 9
29975 recvfrom(92, "\4\0\0\0\2\0\0\0\27\1\0\0\21\1\0\0#\213cK", 20, 0, NULL, NULL) = 20
29975 recvfrom(92, "x\234\245\220Kn\3030\fD\367:E\273\257*\177\222\324\t\240}o\21\310\372T\262e\323\220\350"..., 279, 0, NULL, NULL) = 279
30068 sendto(92, "\4\0\0\0\3\0\0\0-\0\0\0*\0\0\0\4\n\244\365", 20, 0, NULL, 0) = 20
30068 sendto(92, "urn:1336869942783-1336869945363-"..., 45, 0, NULL, 0) = 45
29978 sendto(93, "\2\0\0\0\0\0\0\0\t\0\0\0\v\0\0\0\260\2\263\r", 20, 0, NULL, 0) = 20
29978 sendto(93, "SUBMITJOB", 9, 0, NULL, 0) = 9
29978 sendto(93, "\2\0\0\0\2\0\0\0\7\2\0\0\7\2\0\0\315\256\242?", 20, 0, NULL, 0) = 20
29978 sendto(93, "identity=1336869945364\nexecutabl"..., 519, 0, NULL, 0) = 519
29975 recvfrom(93, "\2\0\0\0\3\0\0\0\2\0\0\0\3\0\0\0\0\0\0\0", 20, 0, NULL, NULL) = 20
29975 recvfrom(93, "OK", 2, 0, NULL, NULL) = 2
29975 recvfrom(93, "\232#\0\0\0\0\0\0\t\0\0\0\223#\0\0\0\0\0\0", 20, 0, NULL, NULL) = 20
29975 recvfrom(93, "JOBSTATUS", 9, 0, NULL, NULL) = 9
29975 recvfrom(93, "\232#\0\0\0\0\0\0\r\0\0\0\227#\0\0\0\0\0\0", 20, 0, NULL, NULL) = 20
29975 recvfrom(93, "1336869945364", 13, 0, NULL, NULL) = 13
29975 recvfrom(93, "\232#\0\0\0\0\0\0\1\0\0\0\233#\0\0\0\0\0\0", 20, 0, NULL, NULL) = 20
29975 recvfrom(93, "2", 1, 0, NULL, NULL) = 1
29975 recvfrom(93, "\232#\0\0\0\0\0\0\1\0\0\0\233#\0\0\0\0\0\0", 20, 0, NULL, NULL) = 20
29975 recvfrom(93, "0", 1, 0, NULL, NULL) = 1
29975 recvfrom(93, "\232#\0\0\2\0\0\0\17\0\0\0\227#\0\0\0\0\0\0", 20, 0, NULL, NULL) = 20
29975 recvfrom(93, "workerid=000000", 15, 0, NULL, NULL) = 15
30068 sendto(92, "\4\0\0\0\0\0\0\0\t\0\0\0\r\0\0\0\300\2|\r", 20, 0, NULL, 0) = 20
30068 sendto(92, "JOBSTATUS", 9, 0, NULL, 0) = 9
30068 sendto(92, "\4\0\0\0\0\0\0\0-\0\0\0)\0\0\0\4\n\244\365", 20, 0, NULL, 0) = 20
30068 sendto(92, "urn:1336869942783-1336869945363-"..., 45, 0, NULL, 0) = 45
30068 sendto(92, "\4\0\0\0\0\0\0\0\1\0\0\0\5\0\0\0003\0003\0", 20, 0, NULL, 0 <unfinished ...>
29978 sendto(93, "\232#\0\0\3\0\0\0\2\0\0\0\233#\0\0\233\0\353\0", 20, 0, NULL, 0 <unfinished ...>
30068 <... sendto resumed> )            = 20
29978 <... sendto resumed> )            = 20
30068 sendto(92, "2", 1, 0, NULL, 0 <unfinished ...>
29978 sendto(93, "OK", 2, 0, NULL, 0 <unfinished ...>
30068 <... sendto resumed> )            = 1
29978 <... sendto resumed> )            = 2
30068 sendto(92, "\4\0\0\0\0\0\0\0\1\0\0\0\5\0\0\0001\0001\0", 20, 0, NULL, 0) = 20
30068 sendto(92, "0", 1, 0, NULL, 0)    = 1
30068 sendto(92, "\4\0\0\0\0\0\0\0\17\0\0\0\v\0\0\0\305\4\37-", 20, 0, NULL, 0) = 20
30068 sendto(92, "workerid=000000", 15, 0, NULL, 0) = 15
30068 sendto(92, "\4\0\0\0\2\0\0\0\10\0\0\0\16\0\0\0P\2\4\17", 20, 0, NULL, 0) = 20
30068 sendto(92, "\252\202\250C7\1\0\0", 8, 0, NULL, 0) = 8
29975 recvfrom(93, "\233#\0\0\0\0\0\0\t\0\0\0\222#\0\0\0\0\0\0", 20, 0, NULL, NULL) = 20
29975 recvfrom(93, "JOBSTATUS", 9, 0, NULL, NULL) = 9
29975 recvfrom(92, "\4\0\0\0\3\0\0\0\2\0\0\0\5\0\0\0\233\0\353\0", 20, 0, NULL, NULL) = 20
29975 recvfrom(93, "\233#\0\0\0\0\0\0\r\0\0\0\226#\0\0\0\0\0\0", 20, 0, NULL, NULL) = 20
29975 recvfrom(93, "1336869945364", 13, 0, NULL, NULL) = 13
29975 recvfrom(92, "OK", 2, 0, NULL, NULL) = 2
29975 recvfrom(93, "\233#\0\0\0\0\0\0\1\0\0\0\232#\0\0\0\0\0\0", 20, 0, NULL, NULL) = 20
29975 recvfrom(93, "5", 1, 0, NULL, NULL) = 1
29975 recvfrom(93, "\233#\0\0\0\0\0\0\3\0\0\0\230#\0\0\0\0\0\0", 20, 0, NULL, NULL) = 20
29975 recvfrom(93, "127", 3, 0, NULL, NULL) = 3
29975 recvfrom(93, "\233#\0\0\2\0\0\0#\0\0\0\272#\0\0\0\0\0\0", 20, 0, NULL, NULL) = 20
29975 recvfrom(93, "Job failed with an exit code of "..., 35, 0, NULL, NULL) = 35
30068 sendto(92, "\5\0\0\0\0\0\0\0\t\0\0\0\f\0\0\0\300\2|\r", 20, 0, NULL, 0) = 20
30068 sendto(92, "JOBSTATUS", 9, 0, NULL, 0) = 9
30068 sendto(92, "\5\0\0\0\0\0\0\0-\0\0\0(\0\0\0\4\n\244\365", 20, 0, NULL, 0) = 20
30068 sendto(92, "urn:1336869942783-1336869945363-"..., 45, 0, NULL, 0) = 45
30068 sendto(92, "\5\0\0\0\0\0\0\0\1\0\0\0\4\0\0\0006\0006\0", 20, 0, NULL, 0) = 20
30068 sendto(92, "5", 1, 0, NULL, 0)    = 1
30068 sendto(92, "\5\0\0\0\0\0\0\0\3\0\0\0\6\0\0\0\233\0001\1", 20, 0, NULL, 0) = 20
30068 sendto(92, "127", 3, 0, NULL, 0)  = 3
30068 sendto(92, "\5\0\0\0\0\0\0\0\346\2\0\0\343\2\0\0\356\21\223\2", 20, 0, NULL, 0) = 20
30068 sendto(92, "Job failed with an exit code of "..., 742, 0, NULL, 0) = 742
30068 sendto(92, "\5\0\0\0\2\0\0\0\10\0\0\0\17\0\0\0\206\2\264\20", 20, 0, NULL, 0) = 20
30068 sendto(92, "\340\202\250C7\1\0\0", 8, 0, NULL, 0 <unfinished ...>
29978 sendto(93, "\233#\0\0\3\0\0\0\2\0\0\0\232#\0\0\233\0\353\0", 20, 0, NULL, 0 <unfinished ...>
30068 <... sendto resumed> )            = 8
29978 <... sendto resumed> )            = 20
29978 sendto(93, "OK", 2, 0, NULL, 0)   = 2
29975 recvfrom(92, "\5\0\0\0\3\0\0\0\2\0\0\0\4\0\0\0\233\0\353\0", 20, 0, NULL, NULL) = 20
29975 recvfrom(92, "OK", 2, 0, NULL, NULL) = 2
29975 recvfrom(92, "\5\0\0\0\0\0\0\0\t\0\0\0\f\0\0\0\260\2\263\r", 20, 0, NULL, NULL) = 20
29975 recvfrom(92, "SUBMITJOB", 9, 0, NULL, NULL) = 9
29975 recvfrom(92, "\5\0\0\0\2\0\0\0\26\1\0\0\21\1\0\0006\212\341\243", 20, 0, NULL, NULL) = 20
29975 recvfrom(92, "x\234\245\220Kn\3030\fD\367:E\273\257*\177\222 \16\240}n\21\320\372T\262e\313\220\350"..., 278, 0, NULL, NULL) = 278
30068 sendto(92, "\5\0\0\0\3\0\0\0-\0\0\0+\0\0\0\3\n\3\365", 20, 0, NULL, 0) = 20
30068 sendto(92, "urn:1336869942803-1336869945366-"..., 45, 0, NULL, 0) = 45
29978 sendto(93, "\3\0\0\0\0\0\0\0\t\0\0\0\n\0\0\0\260\2\263\r", 20, 0, NULL, 0) = 20
29978 sendto(93, "SUBMITJOB", 9, 0, NULL, 0) = 9
29978 sendto(93, "\3\0\0\0\2\0\0\0\7\2\0\0\6\2\0\0\"\257G\240", 20, 0, NULL, 0) = 20
29978 sendto(93, "identity=1336869945367\nexecutabl"..., 519, 0, NULL, 0) = 519
29975 recvfrom(93, "\3\0\0\0\3\0\0\0\2\0\0\0\2\0\0\0\0\0\0\0", 20, 0, NULL, NULL) = 20
29975 recvfrom(93, "OK", 2, 0, NULL, NULL) = 2
29975 recvfrom(93, "\234#\0\0\0\0\0\0\t\0\0\0\225#\0\0\0\0\0\0", 20, 0, NULL, NULL) = 20
29975 recvfrom(93, "JOBSTATUS", 9, 0, NULL, NULL) = 9
29975 recvfrom(93, "\234#\0\0\0\0\0\0\r\0\0\0\221#\0\0\0\0\0\0", 20, 0, NULL, NULL) = 20
29975 recvfrom(93, "1336869945367", 13, 0, NULL, NULL) = 13
29975 recvfrom(93, "\234#\0\0\0\0\0\0\1\0\0\0\235#\0\0\0\0\0\0", 20, 0, NULL, NULL) = 20
29975 recvfrom(93, "2", 1, 0, NULL, NULL) = 1
29975 recvfrom(93, "\234#\0\0\0\0\0\0\1\0\0\0\235#\0\0\0\0\0\0", 20, 0, NULL, NULL) = 20
29975 recvfrom(93, "0", 1, 0, NULL, NULL) = 1
29975 recvfrom(93, "\234#\0\0\2\0\0\0\17\0\0\0\221#\0\0\0\0\0\0", 20, 0, NULL, NULL) = 20
29975 recvfrom(93, "workerid=000000", 15, 0, NULL, NULL) = 15
30068 sendto(92, "\6\0\0\0\0\0\0\0\t\0\0\0\17\0\0\0\300\2|\r", 20, 0, NULL, 0) = 20
30068 sendto(92, "JOBSTATUS", 9, 0, NULL, 0) = 9
30068 sendto(92, "\6\0\0\0\0\0\0\0-\0\0\0+\0\0\0\3\n\3\365", 20, 0, NULL, 0) = 20
30068 sendto(92, "urn:1336869942803-1336869945366-"..., 45, 0, NULL, 0) = 45
30068 sendto(92, "\6\0\0\0\0\0\0\0\1\0\0\0\7\0\0\0003\0003\0", 20, 0, NULL, 0 <unfinished ...>
29978 sendto(93, "\234#\0\0\3\0\0\0\2\0\0\0\235#\0\0\233\0\353\0", 20, 0, NULL, 0 <unfinished ...>
30068 <... sendto resumed> )            = 20
29978 <... sendto resumed> )            = 20
30068 sendto(92, "2", 1, 0, NULL, 0 <unfinished ...>
29978 sendto(93, "OK", 2, 0, NULL, 0 <unfinished ...>
30068 <... sendto resumed> )            = 1
29978 <... sendto resumed> )            = 2
29975 recvfrom(93, "\235#\0\0\0\0\0\0\t\0\0\0\224#\0\0\0\0\0\0", 20, 0, NULL, NULL) = 20
30068 sendto(92, "\6\0\0\0\0\0\0\0\1\0\0\0\7\0\0\0001\0001\0", 20, 0, NULL, 0) = 20
30068 sendto(92, "0", 1, 0, NULL, 0 <unfinished ...>
29975 recvfrom(93,  <unfinished ...>
30068 <... sendto resumed> )            = 1
29975 <... recvfrom resumed> "JOBSTATUS", 9, 0, NULL, NULL) = 9
30068 sendto(92, "\6\0\0\0\0\0\0\0\17\0\0\0\t\0\0\0\305\4\37-", 20, 0, NULL, 0) = 20
30068 sendto(92, "workerid=000000", 15, 0, NULL, 0) = 15
30068 sendto(92, "\6\0\0\0\2\0\0\0\10\0\0\0\f\0\0\0\244\2\243\21", 20, 0, NULL, 0 <unfinished ...>
29975 recvfrom(93,  <unfinished ...>
30068 <... sendto resumed> )            = 20
29975 <... recvfrom resumed> "\235#\0\0\0\0\0\0\r\0\0\0\220#\0\0\0\0\0\0", 20, 0, NULL, NULL) = 20
30068 sendto(92, "\375\203\250C7\1\0\0", 8, 0, NULL, 0) = 8
29975 recvfrom(93, "1336869945367", 13, 0, NULL, NULL) = 13
29975 recvfrom(93, "\235#\0\0\0\0\0\0\1\0\0\0\234#\0\0\0\0\0\0", 20, 0, NULL, NULL) = 20
29975 recvfrom(93, "5", 1, 0, NULL, NULL) = 1
29975 recvfrom(93, "\235#\0\0\0\0\0\0\3\0\0\0\236#\0\0\0\0\0\0", 20, 0, NULL, NULL) = 20
29975 recvfrom(93, "127", 3, 0, NULL, NULL) = 3
29975 recvfrom(93, "\235#\0\0\2\0\0\0#\0\0\0\274#\0\0\0\0\0\0", 20, 0, NULL, NULL) = 20
29975 recvfrom(93, "Job failed with an exit code of "..., 35, 0, NULL, NULL) = 35
30068 sendto(92, "\7\0\0\0\0\0\0\0\t\0\0\0\16\0\0\0\300\2|\r", 20, 0, NULL, 0) = 20
30068 sendto(92, "JOBSTATUS", 9, 0, NULL, 0) = 9
30068 sendto(92, "\7\0\0\0\0\0\0\0-\0\0\0*\0\0\0\3\n\3\365", 20, 0, NULL, 0) = 20
30068 sendto(92, "urn:1336869942803-1336869945366-"..., 45, 0, NULL, 0) = 45
30068 sendto(92, "\7\0\0\0\0\0\0\0\1\0\0\0\6\0\0\0006\0006\0", 20, 0, NULL, 0) = 20
30068 sendto(92, "5", 1, 0, NULL, 0)    = 1
30068 sendto(92, "\7\0\0\0\0\0\0\0\3\0\0\0\4\0\0\0\233\0001\1", 20, 0, NULL, 0) = 20
30068 sendto(92, "127", 3, 0, NULL, 0)  = 3
30068 sendto(92, "\7\0\0\0\0\0\0\0\346\2\0\0\341\2\0\0\356\21\223\2", 20, 0, NULL, 0) = 20
30068 sendto(92, "Job failed with an exit code of "..., 742, 0, NULL, 0) = 742
30068 sendto(92, "\7\0\0\0\2\0\0\0\10\0\0\0\r\0\0\0\251\1\312\t", 20, 0, NULL, 0) = 20
30068 sendto(92, "\1\204\250C7\1\0\0", 8, 0, NULL, 0 <unfinished ...>
29978 sendto(93, "\235#\0\0\3\0\0\0\2\0\0\0\234#\0\0\233\0\353\0", 20, 0, NULL, 0 <unfinished ...>
30068 <... sendto resumed> )            = 8
29978 <... sendto resumed> )            = 20
29978 sendto(93, "OK", 2, 0, NULL, 0)   = 2
29975 recvfrom(92, "\6\0\0\0\3\0\0\0\2\0\0\0\7\0\0\0\233\0\353\0", 20, 0, NULL, NULL) = 20
29975 recvfrom(92, "OK", 2, 0, NULL, NULL) = 2
29975 recvfrom(92, "\7\0\0\0\3\0\0\0\2\0\0\0\6\0\0\0\233\0\353\0", 20, 0, NULL, NULL) = 20
29975 recvfrom(92, "OK", 2, 0, NULL, NULL) = 2
29951 --- SIGINT (Interrupt) @ 0 (0) ---
29942 --- SIGINT (Interrupt) @ 0 (0) ---
29942 --- SIGCHLD (Child exited) @ 0 (0) ---
